
01/08/2022 18:08:29 INFO com.safety.safetyNet.controller.SafetyNetChildrenController
 Requête reçue -> getAddressChild :1509 Culver St

01/08/2022 18:08:30 INFO com.safety.safetyNet.controller.SafetyNetChildrenController
 Objet retourné -> getAddressChild :[PersonsByAddress(siblings=Siblings(children=[PersonsChildren(firstName=Tenley, lastName=Boyd, age=9), PersonsChildren(firstName=Roger, lastName=Boyd, age=5)]), adult=[PersonsAdult(firstName=John, lastName=Boyd), PersonsAdult(firstName=Jacob, lastName=Boyd), PersonsAdult(firstName=Felicia, lastName=Boyd)])]

01/08/2022 18:08:36 INFO com.safety.safetyNet.controller.SafetyNetChildrenController
 Requête reçue -> getAddressChild :1509 Culver S

01/08/2022 18:08:36 INFO com.safety.safetyNet.controller.SafetyNetChildrenController
 Objet retourné -> getAddressChild :[]

01/08/2022 18:08:37 INFO com.safety.safetyNet.controller.SafetyNetChildrenController
 Requête reçue -> getAddressChild :1509 Culver S

01/08/2022 18:08:37 INFO com.safety.safetyNet.controller.SafetyNetChildrenController
 Objet retourné -> getAddressChild :[]

01/08/2022 18:08:42 INFO com.safety.safetyNet.controller.SafetyNetChildrenController
 Requête reçue -> getAddressChild :1509 Culver S

01/08/2022 18:08:42 INFO com.safety.safetyNet.controller.SafetyNetChildrenController
 Objet retourné -> getAddressChild :[]

01/08/2022 18:08:45 INFO com.safety.safetyNet.controller.SafetyNetChildrenController
 Requête reçue -> getAddressChild :1509 Culver St

01/08/2022 18:08:45 INFO com.safety.safetyNet.controller.SafetyNetChildrenController
 Objet retourné -> getAddressChild :[PersonsByAddress(siblings=Siblings(children=[PersonsChildren(firstName=Tenley, lastName=Boyd, age=9), PersonsChildren(firstName=Roger, lastName=Boyd, age=5)]), adult=[PersonsAdult(firstName=John, lastName=Boyd), PersonsAdult(firstName=Jacob, lastName=Boyd), PersonsAdult(firstName=Felicia, lastName=Boyd)])]

01/08/2022 18:08:04 INFO com.safety.safetyNet.controller.SafetyNetChildrenController
 Requête reçue -> getAddressChild :1509 Culver S

01/08/2022 18:08:04 INFO com.safety.safetyNet.controller.SafetyNetChildrenController
 Objet retourné -> getAddressChild :[]

01/08/2022 18:08:47 INFO com.safety.safetyNet.controller.SafetyNetChildrenController
 Requête reçue -> getAddressChild :1509 Culver St

01/08/2022 18:08:47 INFO com.safety.safetyNet.controller.SafetyNetChildrenController
 Objet retourné -> getAddressChild :[PersonsByAddress(siblings=Siblings(children=[PersonsChildren(firstName=Tenley, lastName=Boyd, age=9), PersonsChildren(firstName=Roger, lastName=Boyd, age=5)]), adult=[PersonsAdult(firstName=John, lastName=Boyd), PersonsAdult(firstName=Jacob, lastName=Boyd), PersonsAdult(firstName=Felicia, lastName=Boyd)])]

01/08/2022 18:08:51 INFO com.safety.safetyNet.controller.SafetyNetChildrenController
 Requête reçue -> getAddressChild :1509 Culver S

01/08/2022 18:08:51 INFO com.safety.safetyNet.controller.SafetyNetChildrenController
 Objet retourné -> getAddressChild :[]

01/08/2022 18:08:19 INFO com.safety.safetyNet.controller.SafetyNetFireStationController
 Requête reçue -> getFireStationNumber :5

01/08/2022 18:08:19 INFO com.safety.safetyNet.controller.SafetyNetFireStationController
 Objet retourné -> getFireStationNumber :[]

01/08/2022 18:08:25 INFO com.safety.safetyNet.controller.SafetyNetFireStationController
 Requête reçue -> getFireStationNumber :4

01/08/2022 18:08:25 INFO com.safety.safetyNet.controller.SafetyNetFireStationController
 Objet retourné -> getFireStationNumber :[ResponseFireStationByNumber(personsStationList=[PersonsStation(firstName=Lily, lastName=Cooper, address=489 Manchester St, phone=841-874-9845), PersonsStation(firstName=Tony, lastName=Cooper, address=112 Steppes Pl, phone=841-874-6874), PersonsStation(firstName=Ron, lastName=Peters, address=112 Steppes Pl, phone=841-874-8888), PersonsStation(firstName=Allison, lastName=Boyd, address=112 Steppes Pl, phone=841-874-9888)], countPeople=CountPeople(children=0, adult=4))]

01/08/2022 18:08:42 INFO com.safety.safetyNet.controller.SafetyNetFireStationController
 Requête reçue -> getFireStationNumber :4

01/08/2022 18:08:42 INFO com.safety.safetyNet.controller.SafetyNetFireStationController
 Objet retourné -> getFireStationNumber :[ResponseFireStationByNumber(personsStationList=[PersonsStation(firstName=Lily, lastName=Cooper, address=489 Manchester St, phone=841-874-9845), PersonsStation(firstName=Tony, lastName=Cooper, address=112 Steppes Pl, phone=841-874-6874), PersonsStation(firstName=Ron, lastName=Peters, address=112 Steppes Pl, phone=841-874-8888), PersonsStation(firstName=Allison, lastName=Boyd, address=112 Steppes Pl, phone=841-874-9888)], countPeople=CountPeople(children=0, adult=4))]

01/08/2022 18:08:48 INFO com.safety.safetyNet.controller.SafetyNetFireStationController
 Requête reçue -> getFireStationNumber :5

01/08/2022 18:08:48 INFO com.safety.safetyNet.controller.SafetyNetFireStationController
 Objet retourné -> getFireStationNumber :[]

01/08/2022 18:08:55 INFO com.safety.safetyNet.controller.SafetyNetChildrenController
 Requête reçue -> getAddressChild :1509 Culver S

01/08/2022 18:08:55 INFO com.safety.safetyNet.controller.SafetyNetChildrenController
 Objet retourné -> getAddressChild :[]

01/08/2022 18:08:00 INFO com.safety.safetyNet.controller.SafetyNetChildrenController
 Requête reçue -> getAddressChild :1509 Culver St

01/08/2022 18:08:00 INFO com.safety.safetyNet.controller.SafetyNetChildrenController
 Objet retourné -> getAddressChild :[PersonsByAddress(siblings=Siblings(children=[PersonsChildren(firstName=Tenley, lastName=Boyd, age=9), PersonsChildren(firstName=Roger, lastName=Boyd, age=5)]), adult=[PersonsAdult(firstName=John, lastName=Boyd), PersonsAdult(firstName=Jacob, lastName=Boyd), PersonsAdult(firstName=Felicia, lastName=Boyd)])]

01/08/2022 18:08:11 INFO com.safety.safetyNet.controller.SafetyNetPhoneController
 Requête reçue -> getNumberPhone :4

01/08/2022 18:08:11 INFO com.safety.safetyNet.controller.SafetyNetPhoneController
 Objet retourné -> getNumberPhone :[841-874-6874, 841-874-8888, 841-874-9845, 841-874-9888]

01/08/2022 18:08:01 INFO com.safety.safetyNet.controller.SafetyNetPhoneController
 Requête reçue -> getNumberPhone :4

01/08/2022 18:08:01 INFO com.safety.safetyNet.controller.SafetyNetPhoneController
 Objet retourné -> getNumberPhone :[841-874-6874, 841-874-8888, 841-874-9845, 841-874-9888]

01/08/2022 18:08:08 INFO com.safety.safetyNet.controller.SafetyNetPhoneController
 Requête reçue -> getNumberPhone :5

01/08/2022 18:08:08 INFO com.safety.safetyNet.controller.SafetyNetPhoneController
 Objet retourné -> getNumberPhone :[]

01/08/2022 18:08:13 INFO com.safety.safetyNet.controller.SafetyNetPhoneController
 Requête reçue -> getNumberPhone :4

01/08/2022 18:08:13 INFO com.safety.safetyNet.controller.SafetyNetPhoneController
 Objet retourné -> getNumberPhone :[841-874-6874, 841-874-8888, 841-874-9845, 841-874-9888]

01/08/2022 18:08:19 INFO com.safety.safetyNet.controller.SafetyNetFireStationController
 Requête reçue -> getHabitantAtThisAdrdress :1509 Culver St

01/08/2022 18:08:19 INFO com.safety.safetyNet.controller.SafetyNetFireStationController
 Objet retourné -> getHabitantAtThisAdrdress :[ResponsePersonsByAddress(personsMedicals=[PersonsMedical(lastName=Boyd, phone=841-874-6512, age=38, medications=[aznol:350mg, hydrapermazol:100mg], allergies=[nillacilan]), PersonsMedical(lastName=Boyd, phone=841-874-6513, age=33, medications=[pharmacol:5000mg, terazine:10mg, noznazol:250mg], allergies=[]), PersonsMedical(lastName=Boyd, phone=841-874-6512, age=9, medications=[], allergies=[peanut]), PersonsMedical(lastName=Boyd, phone=841-874-6512, age=5, medications=[], allergies=[]), PersonsMedical(lastName=Boyd, phone=841-874-6544, age=36, medications=[tetracyclaz:650mg], allergies=[xilliathal])], station=Station(station=3))]

01/08/2022 18:08:49 INFO com.safety.safetyNet.controller.SafetyNetFireStationController
 Requête reçue -> getHabitantAtThisAdrdress :1509 Culver St

01/08/2022 18:08:49 INFO com.safety.safetyNet.controller.SafetyNetFireStationController
 Objet retourné -> getHabitantAtThisAdrdress :[ResponsePersonsByAddress(personsMedicals=[PersonsMedical(lastName=Boyd, phone=841-874-6512, age=38, medications=[aznol:350mg, hydrapermazol:100mg], allergies=[nillacilan]), PersonsMedical(lastName=Boyd, phone=841-874-6513, age=33, medications=[pharmacol:5000mg, terazine:10mg, noznazol:250mg], allergies=[]), PersonsMedical(lastName=Boyd, phone=841-874-6512, age=9, medications=[], allergies=[peanut]), PersonsMedical(lastName=Boyd, phone=841-874-6512, age=5, medications=[], allergies=[]), PersonsMedical(lastName=Boyd, phone=841-874-6544, age=36, medications=[tetracyclaz:650mg], allergies=[xilliathal])], station=Station(station=3))]

01/08/2022 18:08:52 INFO com.safety.safetyNet.controller.SafetyNetFireStationController
 Requête reçue -> getHabitantAtThisAdrdress :1509 Culver S

01/08/2022 18:08:52 INFO com.safety.safetyNet.controller.SafetyNetFireStationController
 Objet retourné -> getHabitantAtThisAdrdress :[]

01/08/2022 18:08:56 INFO com.safety.safetyNet.controller.SafetyNetFireStationController
 Requête reçue -> getHabitantAtThisAdrdress :1509 Culver St

01/08/2022 18:08:56 INFO com.safety.safetyNet.controller.SafetyNetFireStationController
 Objet retourné -> getHabitantAtThisAdrdress :[ResponsePersonsByAddress(personsMedicals=[PersonsMedical(lastName=Boyd, phone=841-874-6512, age=38, medications=[aznol:350mg, hydrapermazol:100mg], allergies=[nillacilan]), PersonsMedical(lastName=Boyd, phone=841-874-6513, age=33, medications=[pharmacol:5000mg, terazine:10mg, noznazol:250mg], allergies=[]), PersonsMedical(lastName=Boyd, phone=841-874-6512, age=9, medications=[], allergies=[peanut]), PersonsMedical(lastName=Boyd, phone=841-874-6512, age=5, medications=[], allergies=[]), PersonsMedical(lastName=Boyd, phone=841-874-6544, age=36, medications=[tetracyclaz:650mg], allergies=[xilliathal])], station=Station(station=3))]

01/08/2022 19:08:25 INFO com.safety.safetyNet.controller.SafetyNetFireStationController
 Requête reçue -> getHabitantAtThisAdrdress :1509 Culver S

01/08/2022 19:08:25 INFO com.safety.safetyNet.controller.SafetyNetFireStationController
 Objet retourné -> getHabitantAtThisAdrdress :[]

01/08/2022 19:08:29 INFO com.safety.safetyNet.controller.SafetyNetFireStationController
 Requête reçue -> getHabitantAtThisAdrdress :1509 Culver St

01/08/2022 19:08:29 INFO com.safety.safetyNet.controller.SafetyNetFireStationController
 Objet retourné -> getHabitantAtThisAdrdress :[ResponsePersonsByAddress(personsMedicals=[PersonsMedical(lastName=Boyd, phone=841-874-6512, age=38, medications=[aznol:350mg, hydrapermazol:100mg], allergies=[nillacilan]), PersonsMedical(lastName=Boyd, phone=841-874-6513, age=33, medications=[pharmacol:5000mg, terazine:10mg, noznazol:250mg], allergies=[]), PersonsMedical(lastName=Boyd, phone=841-874-6512, age=9, medications=[], allergies=[peanut]), PersonsMedical(lastName=Boyd, phone=841-874-6512, age=5, medications=[], allergies=[]), PersonsMedical(lastName=Boyd, phone=841-874-6544, age=36, medications=[tetracyclaz:650mg], allergies=[xilliathal])], station=Station(station=3))]

01/08/2022 19:08:00 INFO com.safety.safetyNet.controller.SafetyNetFireStationController
 Requête reçue -> getHomesAtThisStationNumber :4

01/08/2022 19:08:00 INFO com.safety.safetyNet.controller.SafetyNetFireStationController
 Objet retourné -> getHomesAtThisStationNumber :[ResponsePersonsByStationNumber(personsByFireStations=[PersonsFireStation(lastName=Cooper, age=28, email=lily@email.com, medications=[], allergies=[])], address=489 Manchester St), ResponsePersonsByStationNumber(personsByFireStations=[PersonsFireStation(lastName=Cooper, age=28, email=tcoop@ymail.com, medications=[hydrapermazol:300mg, dodoxadin:30mg], allergies=[shellfish]), PersonsFireStation(lastName=Peters, age=57, email=jpeter@email.com, medications=[], allergies=[]), PersonsFireStation(lastName=Boyd, age=56, email=aly@imail.com, medications=[aznol:200mg], allergies=[nillacilan])], address=112 Steppes Pl)]

01/08/2022 19:08:06 INFO com.safety.safetyNet.controller.SafetyNetFireStationController
 Requête reçue -> getHomesAtThisStationNumber :5

01/08/2022 19:08:06 INFO com.safety.safetyNet.controller.SafetyNetFireStationController
 Objet retourné -> getHomesAtThisStationNumber :[]

01/08/2022 19:08:33 INFO com.safety.safetyNet.controller.SafetyNetFireStationController
 Requête reçue -> getHomesAtThisStationNumber :5

01/08/2022 19:08:33 INFO com.safety.safetyNet.controller.SafetyNetFireStationController
 Objet retourné -> getHomesAtThisStationNumber :[]

01/08/2022 19:08:40 INFO com.safety.safetyNet.controller.SafetyNetFireStationController
 Requête reçue -> getHomesAtThisStationNumber :4

01/08/2022 19:08:40 INFO com.safety.safetyNet.controller.SafetyNetFireStationController
 Objet retourné -> getHomesAtThisStationNumber :[ResponsePersonsByStationNumber(personsByFireStations=[PersonsFireStation(lastName=Cooper, age=28, email=lily@email.com, medications=[], allergies=[])], address=489 Manchester St), ResponsePersonsByStationNumber(personsByFireStations=[PersonsFireStation(lastName=Cooper, age=28, email=tcoop@ymail.com, medications=[hydrapermazol:300mg, dodoxadin:30mg], allergies=[shellfish]), PersonsFireStation(lastName=Peters, age=57, email=jpeter@email.com, medications=[], allergies=[]), PersonsFireStation(lastName=Boyd, age=56, email=aly@imail.com, medications=[aznol:200mg], allergies=[nillacilan])], address=112 Steppes Pl)]

01/08/2022 19:08:31 INFO com.safety.safetyNet.controller.SafetyNetPersonController
 Requête reçue -> getMedicalRecordsOfThisPerson :Prénom:John,Nom:Boyd

01/08/2022 19:08:31 INFO com.safety.safetyNet.controller.SafetyNetPersonController
 Objet retourné -> getMedicalRecordsOfThisPerson :[PersonInfo(lastName=Boyd, address=1509 Culver St, age=38, email=jaboyd@email.com, medications=[aznol:350mg, hydrapermazol:100mg], allergies=[nillacilan]), PersonInfo(lastName=Boyd, address=1509 Culver St, age=33, email=drk@email.com, medications=[pharmacol:5000mg, terazine:10mg, noznazol:250mg], allergies=[]), PersonInfo(lastName=Boyd, address=1509 Culver St, age=9, email=tenz@email.com, medications=[], allergies=[peanut]), PersonInfo(lastName=Boyd, address=1509 Culver St, age=5, email=jaboyd@email.com, medications=[], allergies=[]), PersonInfo(lastName=Boyd, address=1509 Culver St, age=36, email=jaboyd@email.com, medications=[tetracyclaz:650mg], allergies=[xilliathal]), PersonInfo(lastName=Boyd, address=112 Steppes Pl, age=56, email=aly@imail.com, medications=[aznol:200mg], allergies=[nillacilan])]

01/08/2022 19:08:39 INFO com.safety.safetyNet.controller.SafetyNetPersonController
 Requête reçue -> getMedicalRecordsOfThisPerson :Prénom:John,Nom:Bo

01/08/2022 19:08:39 INFO com.safety.safetyNet.controller.SafetyNetPersonController
 Objet retourné -> getMedicalRecordsOfThisPerson :[]

01/08/2022 19:08:44 INFO com.safety.safetyNet.controller.SafetyNetPersonController
 Requête reçue -> getMedicalRecordsOfThisPerson :Prénom:John,Nom:BoYD

01/08/2022 19:08:44 INFO com.safety.safetyNet.controller.SafetyNetPersonController
 Objet retourné -> getMedicalRecordsOfThisPerson :[]

01/08/2022 19:08:50 INFO com.safety.safetyNet.controller.SafetyNetPersonController
 Requête reçue -> getMedicalRecordsOfThisPerson :Prénom:John,Nom:Boyd

01/08/2022 19:08:50 INFO com.safety.safetyNet.controller.SafetyNetPersonController
 Objet retourné -> getMedicalRecordsOfThisPerson :[PersonInfo(lastName=Boyd, address=1509 Culver St, age=38, email=jaboyd@email.com, medications=[aznol:350mg, hydrapermazol:100mg], allergies=[nillacilan]), PersonInfo(lastName=Boyd, address=1509 Culver St, age=33, email=drk@email.com, medications=[pharmacol:5000mg, terazine:10mg, noznazol:250mg], allergies=[]), PersonInfo(lastName=Boyd, address=1509 Culver St, age=9, email=tenz@email.com, medications=[], allergies=[peanut]), PersonInfo(lastName=Boyd, address=1509 Culver St, age=5, email=jaboyd@email.com, medications=[], allergies=[]), PersonInfo(lastName=Boyd, address=1509 Culver St, age=36, email=jaboyd@email.com, medications=[tetracyclaz:650mg], allergies=[xilliathal]), PersonInfo(lastName=Boyd, address=112 Steppes Pl, age=56, email=aly@imail.com, medications=[aznol:200mg], allergies=[nillacilan])]

01/08/2022 19:08:14 INFO com.safety.safetyNet.controller.SafetyNetMailController
 Requête reçue -> getMailAllPersons :Culver

01/08/2022 19:08:14 INFO com.safety.safetyNet.controller.SafetyNetMailController
 Objet retourné -> getMailAllPersons :[aly@imail.com, bstel@email.com, clivfd@ymail.com, drk@email.com, gramps@email.com, jaboyd@email.com, jpeter@email.com, lily@email.com, reg@email.com, soph@email.com, ssanw@email.com, tcoop@ymail.com, tenz@email.com, ward@email.com, zarc@email.com]

01/08/2022 19:08:18 INFO com.safety.safetyNet.controller.SafetyNetMailController
 Requête reçue -> getMailAllPersons :Culve

01/08/2022 19:08:18 INFO com.safety.safetyNet.controller.SafetyNetMailController
 Objet retourné -> getMailAllPersons :[]

01/08/2022 19:08:56 INFO com.safety.safetyNet.controller.SafetyNetMailController
 Requête reçue -> getMailAllPersons :Culve

01/08/2022 19:08:56 INFO com.safety.safetyNet.controller.SafetyNetMailController
 Objet retourné -> getMailAllPersons :[]

01/08/2022 19:08:02 INFO com.safety.safetyNet.controller.SafetyNetMailController
 Requête reçue -> getMailAllPersons :Culver

01/08/2022 19:08:02 INFO com.safety.safetyNet.controller.SafetyNetMailController
 Objet retourné -> getMailAllPersons :[aly@imail.com, bstel@email.com, clivfd@ymail.com, drk@email.com, gramps@email.com, jaboyd@email.com, jpeter@email.com, lily@email.com, reg@email.com, soph@email.com, ssanw@email.com, tcoop@ymail.com, tenz@email.com, ward@email.com, zarc@email.com]

01/08/2022 19:08:29 INFO org.springframework.boot.StartupInfoLogger
 Starting SafetyNetPhoneControllerTest using Java 11.0.16 on MSI with PID 19960 (started by froid in C:\Users\froid\OneDrive\Bureau\OpenClassRooms\safetyNet)

01/08/2022 19:08:29 INFO org.springframework.boot.SpringApplication
 The following 1 profile is active: "test"

01/08/2022 19:08:32 INFO org.springframework.boot.StartupInfoLogger
 Started SafetyNetPhoneControllerTest in 3.651 seconds (JVM running for 10.756)

01/08/2022 19:08:32 INFO com.safety.safetyNet.controller.SafetyNetPhoneController
 Requête reçue -> getNumberPhone :4

01/08/2022 19:08:32 INFO com.safety.safetyNet.controller.SafetyNetPhoneController
 Objet retourné -> getNumberPhone :[]

01/08/2022 19:08:35 ERROR com.safety.safetyNet.repository.SafetyNetReadFileRepository
 Error :
java.io.FileNotFoundException: src\test\java\com\safety\safetyNet\config\dataTe.json (Le chemin d’accès spécifié est introuvable)
	at java.base/java.io.FileInputStream.open0(Native Method)
	at java.base/java.io.FileInputStream.open(FileInputStream.java:219)
	at java.base/java.io.FileInputStream.<init>(FileInputStream.java:157)
	at com.fasterxml.jackson.core.JsonFactory.createParser(JsonFactory.java:1029)
	at com.fasterxml.jackson.databind.ObjectMapper.readValue(ObjectMapper.java:3494)
	at com.safety.safetyNet.repository.SafetyNetReadFileRepository.readfile(SafetyNetReadFileRepository.java:25)
	at com.safety.safetyNet.repository.SafetyNetReadFileRepositoryTest.lambda$exceptionReadFile$0(SafetyNetReadFileRepositoryTest.java:26)
	at org.junit.jupiter.api.AssertThrows.assertThrows(AssertThrows.java:55)
	at org.junit.jupiter.api.AssertThrows.assertThrows(AssertThrows.java:37)
	at org.junit.jupiter.api.Assertions.assertThrows(Assertions.java:3082)
	at com.safety.safetyNet.repository.SafetyNetReadFileRepositoryTest.exceptionReadFile(SafetyNetReadFileRepositoryTest.java:26)
	at java.base/jdk.internal.reflect.NativeMethodAccessorImpl.invoke0(Native Method)
	at java.base/jdk.internal.reflect.NativeMethodAccessorImpl.invoke(NativeMethodAccessorImpl.java:62)
	at java.base/jdk.internal.reflect.DelegatingMethodAccessorImpl.invoke(DelegatingMethodAccessorImpl.java:43)
	at java.base/java.lang.reflect.Method.invoke(Method.java:566)
	at org.junit.platform.commons.util.ReflectionUtils.invokeMethod(ReflectionUtils.java:725)
	at org.junit.jupiter.engine.execution.MethodInvocation.proceed(MethodInvocation.java:60)
	at org.junit.jupiter.engine.execution.InvocationInterceptorChain$ValidatingInvocation.proceed(InvocationInterceptorChain.java:131)
	at org.junit.jupiter.engine.extension.TimeoutExtension.intercept(TimeoutExtension.java:149)
	at org.junit.jupiter.engine.extension.TimeoutExtension.interceptTestableMethod(TimeoutExtension.java:140)
	at org.junit.jupiter.engine.extension.TimeoutExtension.interceptTestMethod(TimeoutExtension.java:84)
	at org.junit.jupiter.engine.execution.ExecutableInvoker$ReflectiveInterceptorCall.lambda$ofVoidMethod$0(ExecutableInvoker.java:115)
	at org.junit.jupiter.engine.execution.ExecutableInvoker.lambda$invoke$0(ExecutableInvoker.java:105)
	at org.junit.jupiter.engine.execution.InvocationInterceptorChain$InterceptedInvocation.proceed(InvocationInterceptorChain.java:106)
	at org.junit.jupiter.engine.execution.InvocationInterceptorChain.proceed(InvocationInterceptorChain.java:64)
	at org.junit.jupiter.engine.execution.InvocationInterceptorChain.chainAndInvoke(InvocationInterceptorChain.java:45)
	at org.junit.jupiter.engine.execution.InvocationInterceptorChain.invoke(InvocationInterceptorChain.java:37)
	at org.junit.jupiter.engine.execution.ExecutableInvoker.invoke(ExecutableInvoker.java:104)
	at org.junit.jupiter.engine.execution.ExecutableInvoker.invoke(ExecutableInvoker.java:98)
	at org.junit.jupiter.engine.descriptor.TestMethodTestDescriptor.lambda$invokeTestMethod$7(TestMethodTestDescriptor.java:214)
	at org.junit.platform.engine.support.hierarchical.ThrowableCollector.execute(ThrowableCollector.java:73)
	at org.junit.jupiter.engine.descriptor.TestMethodTestDescriptor.invokeTestMethod(TestMethodTestDescriptor.java:210)
	at org.junit.jupiter.engine.descriptor.TestMethodTestDescriptor.execute(TestMethodTestDescriptor.java:135)
	at org.junit.jupiter.engine.descriptor.TestMethodTestDescriptor.execute(TestMethodTestDescriptor.java:66)
	at org.junit.platform.engine.support.hierarchical.NodeTestTask.lambda$executeRecursively$6(NodeTestTask.java:151)
	at org.junit.platform.engine.support.hierarchical.ThrowableCollector.execute(ThrowableCollector.java:73)
	at org.junit.platform.engine.support.hierarchical.NodeTestTask.lambda$executeRecursively$8(NodeTestTask.java:141)
	at org.junit.platform.engine.support.hierarchical.Node.around(Node.java:137)
	at org.junit.platform.engine.support.hierarchical.NodeTestTask.lambda$executeRecursively$9(NodeTestTask.java:139)
	at org.junit.platform.engine.support.hierarchical.ThrowableCollector.execute(ThrowableCollector.java:73)
	at org.junit.platform.engine.support.hierarchical.NodeTestTask.executeRecursively(NodeTestTask.java:138)
	at org.junit.platform.engine.support.hierarchical.NodeTestTask.execute(NodeTestTask.java:95)
	at java.base/java.util.ArrayList.forEach(ArrayList.java:1541)
	at org.junit.platform.engine.support.hierarchical.SameThreadHierarchicalTestExecutorService.invokeAll(SameThreadHierarchicalTestExecutorService.java:41)
	at org.junit.platform.engine.support.hierarchical.NodeTestTask.lambda$executeRecursively$6(NodeTestTask.java:155)
	at org.junit.platform.engine.support.hierarchical.ThrowableCollector.execute(ThrowableCollector.java:73)
	at org.junit.platform.engine.support.hierarchical.NodeTestTask.lambda$executeRecursively$8(NodeTestTask.java:141)
	at org.junit.platform.engine.support.hierarchical.Node.around(Node.java:137)
	at org.junit.platform.engine.support.hierarchical.NodeTestTask.lambda$executeRecursively$9(NodeTestTask.java:139)
	at org.junit.platform.engine.support.hierarchical.ThrowableCollector.execute(ThrowableCollector.java:73)
	at org.junit.platform.engine.support.hierarchical.NodeTestTask.executeRecursively(NodeTestTask.java:138)
	at org.junit.platform.engine.support.hierarchical.NodeTestTask.execute(NodeTestTask.java:95)
	at java.base/java.util.ArrayList.forEach(ArrayList.java:1541)
	at org.junit.platform.engine.support.hierarchical.SameThreadHierarchicalTestExecutorService.invokeAll(SameThreadHierarchicalTestExecutorService.java:41)
	at org.junit.platform.engine.support.hierarchical.NodeTestTask.lambda$executeRecursively$6(NodeTestTask.java:155)
	at org.junit.platform.engine.support.hierarchical.ThrowableCollector.execute(ThrowableCollector.java:73)
	at org.junit.platform.engine.support.hierarchical.NodeTestTask.lambda$executeRecursively$8(NodeTestTask.java:141)
	at org.junit.platform.engine.support.hierarchical.Node.around(Node.java:137)
	at org.junit.platform.engine.support.hierarchical.NodeTestTask.lambda$executeRecursively$9(NodeTestTask.java:139)
	at org.junit.platform.engine.support.hierarchical.ThrowableCollector.execute(ThrowableCollector.java:73)
	at org.junit.platform.engine.support.hierarchical.NodeTestTask.executeRecursively(NodeTestTask.java:138)
	at org.junit.platform.engine.support.hierarchical.NodeTestTask.execute(NodeTestTask.java:95)
	at org.junit.platform.engine.support.hierarchical.SameThreadHierarchicalTestExecutorService.submit(SameThreadHierarchicalTestExecutorService.java:35)
	at org.junit.platform.engine.support.hierarchical.HierarchicalTestExecutor.execute(HierarchicalTestExecutor.java:57)
	at org.junit.platform.engine.support.hierarchical.HierarchicalTestEngine.execute(HierarchicalTestEngine.java:54)
	at org.junit.platform.launcher.core.EngineExecutionOrchestrator.execute(EngineExecutionOrchestrator.java:107)
	at org.junit.platform.launcher.core.EngineExecutionOrchestrator.execute(EngineExecutionOrchestrator.java:88)
	at org.junit.platform.launcher.core.EngineExecutionOrchestrator.lambda$execute$0(EngineExecutionOrchestrator.java:54)
	at org.junit.platform.launcher.core.EngineExecutionOrchestrator.withInterceptedStreams(EngineExecutionOrchestrator.java:67)
	at org.junit.platform.launcher.core.EngineExecutionOrchestrator.execute(EngineExecutionOrchestrator.java:52)
	at org.junit.platform.launcher.core.DefaultLauncher.execute(DefaultLauncher.java:114)
	at org.junit.platform.launcher.core.DefaultLauncher.execute(DefaultLauncher.java:86)
	at org.junit.platform.launcher.core.DefaultLauncherSession$DelegatingLauncher.execute(DefaultLauncherSession.java:86)
	at org.junit.platform.launcher.core.SessionPerRequestLauncher.execute(SessionPerRequestLauncher.java:53)
	at com.intellij.junit5.JUnit5IdeaTestRunner.startRunnerWithArgs(JUnit5IdeaTestRunner.java:71)
	at com.intellij.rt.junit.IdeaTestRunner$Repeater$1.execute(IdeaTestRunner.java:38)
	at com.intellij.rt.execution.junit.TestsRepeater.repeat(TestsRepeater.java:11)
	at com.intellij.rt.junit.IdeaTestRunner$Repeater.startRunnerWithArgs(IdeaTestRunner.java:35)
	at com.intellij.rt.junit.JUnitStarter.prepareStreamsAndStart(JUnitStarter.java:235)
	at com.intellij.rt.junit.JUnitStarter.main(JUnitStarter.java:54)

01/08/2022 19:08:35 INFO org.springframework.boot.StartupInfoLogger
 Starting PhoneAlertIT using Java 11.0.16 on MSI with PID 19960 (started by froid in C:\Users\froid\OneDrive\Bureau\OpenClassRooms\safetyNet)

01/08/2022 19:08:35 INFO org.springframework.boot.SpringApplication
 The following 1 profile is active: "test"

01/08/2022 19:08:37 INFO org.springframework.boot.StartupInfoLogger
 Started PhoneAlertIT in 1.811 seconds (JVM running for 16.037)

01/08/2022 19:08:37 INFO com.safety.safetyNet.controller.SafetyNetPhoneController
 Requête reçue -> getNumberPhone :5

01/08/2022 19:08:37 INFO com.safety.safetyNet.controller.SafetyNetPhoneController
 Objet retourné -> getNumberPhone :[]

01/08/2022 19:08:37 INFO com.safety.safetyNet.controller.SafetyNetPhoneController
 Requête reçue -> getNumberPhone :4

01/08/2022 19:08:37 INFO com.safety.safetyNet.controller.SafetyNetPhoneController
 Objet retourné -> getNumberPhone :[841-874-6874, 841-874-8888, 841-874-9845, 841-874-9888]

01/08/2022 19:08:38 INFO com.safety.safetyNet.controller.SafetyNetPersonController
 Requête reçue -> postNewPerson :Persons(firstName=Olivier, lastName=Froidefond, address=6 rue jacques prevert, city=culver, zip=97451, phone=841-874-5584, email=toto@toto.fr)

01/08/2022 19:08:38 INFO com.safety.safetyNet.controller.SafetyNetPersonController
 Requête reçue -> putPerson :Persons(firstName=Olivier, lastName=Froidefond, address=521 chemin d'enbiane, city=Figeac, zip=46100, phone=841-874-5584, email=toto@toto.fr)

01/08/2022 19:08:38 INFO com.safety.safetyNet.controller.SafetyNetPersonController
 Requête reçue -> deletePerson :DeletePerson(firstName=Olivier, lastName=Froidefond)

01/08/2022 19:08:38 INFO org.springframework.boot.StartupInfoLogger
 Starting SafetyNetMedicalRecordControllerTest using Java 11.0.16 on MSI with PID 19960 (started by froid in C:\Users\froid\OneDrive\Bureau\OpenClassRooms\safetyNet)

01/08/2022 19:08:38 INFO org.springframework.boot.SpringApplication
 The following 1 profile is active: "test"

01/08/2022 19:08:39 INFO org.springframework.boot.StartupInfoLogger
 Started SafetyNetMedicalRecordControllerTest in 0.824 seconds (JVM running for 17.431)

01/08/2022 19:08:39 ERROR com.safety.safetyNet.controller.SafetyNetMedicalRecordControllerTest
 error :
org.springframework.web.util.NestedServletException: Request processing failed; nested exception is javax.validation.UnexpectedTypeException: HV000030: No validator could be found for constraint 'javax.validation.constraints.Past' validating type 'java.lang.String'. Check configuration for 'birthdate'
	at org.springframework.web.servlet.FrameworkServlet.processRequest(FrameworkServlet.java:1014)
	at org.springframework.web.servlet.FrameworkServlet.doPut(FrameworkServlet.java:920)
	at javax.servlet.http.HttpServlet.service(HttpServlet.java:684)
	at org.springframework.web.servlet.FrameworkServlet.service(FrameworkServlet.java:883)
	at org.springframework.test.web.servlet.TestDispatcherServlet.service(TestDispatcherServlet.java:72)
	at javax.servlet.http.HttpServlet.service(HttpServlet.java:764)
	at org.springframework.mock.web.MockFilterChain$ServletFilterProxy.doFilter(MockFilterChain.java:167)
	at org.springframework.mock.web.MockFilterChain.doFilter(MockFilterChain.java:134)
	at org.springframework.web.filter.RequestContextFilter.doFilterInternal(RequestContextFilter.java:100)
	at org.springframework.web.filter.OncePerRequestFilter.doFilter(OncePerRequestFilter.java:117)
	at org.springframework.mock.web.MockFilterChain.doFilter(MockFilterChain.java:134)
	at org.springframework.web.filter.FormContentFilter.doFilterInternal(FormContentFilter.java:93)
	at org.springframework.web.filter.OncePerRequestFilter.doFilter(OncePerRequestFilter.java:117)
	at org.springframework.mock.web.MockFilterChain.doFilter(MockFilterChain.java:134)
	at org.springframework.web.filter.CharacterEncodingFilter.doFilterInternal(CharacterEncodingFilter.java:201)
	at org.springframework.web.filter.OncePerRequestFilter.doFilter(OncePerRequestFilter.java:117)
	at org.springframework.mock.web.MockFilterChain.doFilter(MockFilterChain.java:134)
	at org.springframework.test.web.servlet.MockMvc.perform(MockMvc.java:199)
	at com.safety.safetyNet.controller.SafetyNetMedicalRecordControllerTest.testPutMedicalRecord(SafetyNetMedicalRecordControllerTest.java:50)
	at java.base/jdk.internal.reflect.NativeMethodAccessorImpl.invoke0(Native Method)
	at java.base/jdk.internal.reflect.NativeMethodAccessorImpl.invoke(NativeMethodAccessorImpl.java:62)
	at java.base/jdk.internal.reflect.DelegatingMethodAccessorImpl.invoke(DelegatingMethodAccessorImpl.java:43)
	at java.base/java.lang.reflect.Method.invoke(Method.java:566)
	at org.junit.platform.commons.util.ReflectionUtils.invokeMethod(ReflectionUtils.java:725)
	at org.junit.jupiter.engine.execution.MethodInvocation.proceed(MethodInvocation.java:60)
	at org.junit.jupiter.engine.execution.InvocationInterceptorChain$ValidatingInvocation.proceed(InvocationInterceptorChain.java:131)
	at org.junit.jupiter.engine.extension.TimeoutExtension.intercept(TimeoutExtension.java:149)
	at org.junit.jupiter.engine.extension.TimeoutExtension.interceptTestableMethod(TimeoutExtension.java:140)
	at org.junit.jupiter.engine.extension.TimeoutExtension.interceptTestMethod(TimeoutExtension.java:84)
	at org.junit.jupiter.engine.execution.ExecutableInvoker$ReflectiveInterceptorCall.lambda$ofVoidMethod$0(ExecutableInvoker.java:115)
	at org.junit.jupiter.engine.execution.ExecutableInvoker.lambda$invoke$0(ExecutableInvoker.java:105)
	at org.junit.jupiter.engine.execution.InvocationInterceptorChain$InterceptedInvocation.proceed(InvocationInterceptorChain.java:106)
	at org.junit.jupiter.engine.execution.InvocationInterceptorChain.proceed(InvocationInterceptorChain.java:64)
	at org.junit.jupiter.engine.execution.InvocationInterceptorChain.chainAndInvoke(InvocationInterceptorChain.java:45)
	at org.junit.jupiter.engine.execution.InvocationInterceptorChain.invoke(InvocationInterceptorChain.java:37)
	at org.junit.jupiter.engine.execution.ExecutableInvoker.invoke(ExecutableInvoker.java:104)
	at org.junit.jupiter.engine.execution.ExecutableInvoker.invoke(ExecutableInvoker.java:98)
	at org.junit.jupiter.engine.descriptor.TestMethodTestDescriptor.lambda$invokeTestMethod$7(TestMethodTestDescriptor.java:214)
	at org.junit.platform.engine.support.hierarchical.ThrowableCollector.execute(ThrowableCollector.java:73)
	at org.junit.jupiter.engine.descriptor.TestMethodTestDescriptor.invokeTestMethod(TestMethodTestDescriptor.java:210)
	at org.junit.jupiter.engine.descriptor.TestMethodTestDescriptor.execute(TestMethodTestDescriptor.java:135)
	at org.junit.jupiter.engine.descriptor.TestMethodTestDescriptor.execute(TestMethodTestDescriptor.java:66)
	at org.junit.platform.engine.support.hierarchical.NodeTestTask.lambda$executeRecursively$6(NodeTestTask.java:151)
	at org.junit.platform.engine.support.hierarchical.ThrowableCollector.execute(ThrowableCollector.java:73)
	at org.junit.platform.engine.support.hierarchical.NodeTestTask.lambda$executeRecursively$8(NodeTestTask.java:141)
	at org.junit.platform.engine.support.hierarchical.Node.around(Node.java:137)
	at org.junit.platform.engine.support.hierarchical.NodeTestTask.lambda$executeRecursively$9(NodeTestTask.java:139)
	at org.junit.platform.engine.support.hierarchical.ThrowableCollector.execute(ThrowableCollector.java:73)
	at org.junit.platform.engine.support.hierarchical.NodeTestTask.executeRecursively(NodeTestTask.java:138)
	at org.junit.platform.engine.support.hierarchical.NodeTestTask.execute(NodeTestTask.java:95)
	at java.base/java.util.ArrayList.forEach(ArrayList.java:1541)
	at org.junit.platform.engine.support.hierarchical.SameThreadHierarchicalTestExecutorService.invokeAll(SameThreadHierarchicalTestExecutorService.java:41)
	at org.junit.platform.engine.support.hierarchical.NodeTestTask.lambda$executeRecursively$6(NodeTestTask.java:155)
	at org.junit.platform.engine.support.hierarchical.ThrowableCollector.execute(ThrowableCollector.java:73)
	at org.junit.platform.engine.support.hierarchical.NodeTestTask.lambda$executeRecursively$8(NodeTestTask.java:141)
	at org.junit.platform.engine.support.hierarchical.Node.around(Node.java:137)
	at org.junit.platform.engine.support.hierarchical.NodeTestTask.lambda$executeRecursively$9(NodeTestTask.java:139)
	at org.junit.platform.engine.support.hierarchical.ThrowableCollector.execute(ThrowableCollector.java:73)
	at org.junit.platform.engine.support.hierarchical.NodeTestTask.executeRecursively(NodeTestTask.java:138)
	at org.junit.platform.engine.support.hierarchical.NodeTestTask.execute(NodeTestTask.java:95)
	at java.base/java.util.ArrayList.forEach(ArrayList.java:1541)
	at org.junit.platform.engine.support.hierarchical.SameThreadHierarchicalTestExecutorService.invokeAll(SameThreadHierarchicalTestExecutorService.java:41)
	at org.junit.platform.engine.support.hierarchical.NodeTestTask.lambda$executeRecursively$6(NodeTestTask.java:155)
	at org.junit.platform.engine.support.hierarchical.ThrowableCollector.execute(ThrowableCollector.java:73)
	at org.junit.platform.engine.support.hierarchical.NodeTestTask.lambda$executeRecursively$8(NodeTestTask.java:141)
	at org.junit.platform.engine.support.hierarchical.Node.around(Node.java:137)
	at org.junit.platform.engine.support.hierarchical.NodeTestTask.lambda$executeRecursively$9(NodeTestTask.java:139)
	at org.junit.platform.engine.support.hierarchical.ThrowableCollector.execute(ThrowableCollector.java:73)
	at org.junit.platform.engine.support.hierarchical.NodeTestTask.executeRecursively(NodeTestTask.java:138)
	at org.junit.platform.engine.support.hierarchical.NodeTestTask.execute(NodeTestTask.java:95)
	at org.junit.platform.engine.support.hierarchical.SameThreadHierarchicalTestExecutorService.submit(SameThreadHierarchicalTestExecutorService.java:35)
	at org.junit.platform.engine.support.hierarchical.HierarchicalTestExecutor.execute(HierarchicalTestExecutor.java:57)
	at org.junit.platform.engine.support.hierarchical.HierarchicalTestEngine.execute(HierarchicalTestEngine.java:54)
	at org.junit.platform.launcher.core.EngineExecutionOrchestrator.execute(EngineExecutionOrchestrator.java:107)
	at org.junit.platform.launcher.core.EngineExecutionOrchestrator.execute(EngineExecutionOrchestrator.java:88)
	at org.junit.platform.launcher.core.EngineExecutionOrchestrator.lambda$execute$0(EngineExecutionOrchestrator.java:54)
	at org.junit.platform.launcher.core.EngineExecutionOrchestrator.withInterceptedStreams(EngineExecutionOrchestrator.java:67)
	at org.junit.platform.launcher.core.EngineExecutionOrchestrator.execute(EngineExecutionOrchestrator.java:52)
	at org.junit.platform.launcher.core.DefaultLauncher.execute(DefaultLauncher.java:114)
	at org.junit.platform.launcher.core.DefaultLauncher.execute(DefaultLauncher.java:86)
	at org.junit.platform.launcher.core.DefaultLauncherSession$DelegatingLauncher.execute(DefaultLauncherSession.java:86)
	at org.junit.platform.launcher.core.SessionPerRequestLauncher.execute(SessionPerRequestLauncher.java:53)
	at com.intellij.junit5.JUnit5IdeaTestRunner.startRunnerWithArgs(JUnit5IdeaTestRunner.java:71)
	at com.intellij.rt.junit.IdeaTestRunner$Repeater$1.execute(IdeaTestRunner.java:38)
	at com.intellij.rt.execution.junit.TestsRepeater.repeat(TestsRepeater.java:11)
	at com.intellij.rt.junit.IdeaTestRunner$Repeater.startRunnerWithArgs(IdeaTestRunner.java:35)
	at com.intellij.rt.junit.JUnitStarter.prepareStreamsAndStart(JUnitStarter.java:235)
	at com.intellij.rt.junit.JUnitStarter.main(JUnitStarter.java:54)
Caused by: javax.validation.UnexpectedTypeException: HV000030: No validator could be found for constraint 'javax.validation.constraints.Past' validating type 'java.lang.String'. Check configuration for 'birthdate'
	at org.hibernate.validator.internal.engine.constraintvalidation.ConstraintTree.getExceptionForNullValidator(ConstraintTree.java:116)
	at org.hibernate.validator.internal.engine.constraintvalidation.ConstraintTree.getInitializedConstraintValidator(ConstraintTree.java:162)
	at org.hibernate.validator.internal.engine.constraintvalidation.SimpleConstraintTree.validateConstraints(SimpleConstraintTree.java:54)
	at org.hibernate.validator.internal.engine.constraintvalidation.ConstraintTree.validateConstraints(ConstraintTree.java:75)
	at org.hibernate.validator.internal.metadata.core.MetaConstraint.doValidateConstraint(MetaConstraint.java:130)
	at org.hibernate.validator.internal.metadata.core.MetaConstraint.validateConstraint(MetaConstraint.java:123)
	at org.hibernate.validator.internal.engine.ValidatorImpl.validateMetaConstraint(ValidatorImpl.java:555)
	at org.hibernate.validator.internal.engine.ValidatorImpl.validateConstraintsForSingleDefaultGroupElement(ValidatorImpl.java:518)
	at org.hibernate.validator.internal.engine.ValidatorImpl.validateConstraintsForDefaultGroup(ValidatorImpl.java:488)
	at org.hibernate.validator.internal.engine.ValidatorImpl.validateConstraintsForCurrentGroup(ValidatorImpl.java:450)
	at org.hibernate.validator.internal.engine.ValidatorImpl.validateInContext(ValidatorImpl.java:400)
	at org.hibernate.validator.internal.engine.ValidatorImpl.validate(ValidatorImpl.java:172)
	at org.springframework.validation.beanvalidation.SpringValidatorAdapter.validate(SpringValidatorAdapter.java:109)
	at org.springframework.boot.autoconfigure.validation.ValidatorAdapter.validate(ValidatorAdapter.java:66)
	at org.springframework.validation.DataBinder.validate(DataBinder.java:933)
	at org.springframework.web.servlet.mvc.method.annotation.AbstractMessageConverterMethodArgumentResolver.validateIfApplicable(AbstractMessageConverterMethodArgumentResolver.java:250)
	at org.springframework.web.servlet.mvc.method.annotation.RequestResponseBodyMethodProcessor.resolveArgument(RequestResponseBodyMethodProcessor.java:139)
	at org.springframework.web.method.support.HandlerMethodArgumentResolverComposite.resolveArgument(HandlerMethodArgumentResolverComposite.java:122)
	at org.springframework.web.method.support.InvocableHandlerMethod.getMethodArgumentValues(InvocableHandlerMethod.java:179)
	at org.springframework.web.method.support.InvocableHandlerMethod.invokeForRequest(InvocableHandlerMethod.java:146)
	at org.springframework.web.servlet.mvc.method.annotation.ServletInvocableHandlerMethod.invokeAndHandle(ServletInvocableHandlerMethod.java:117)
	at org.springframework.web.servlet.mvc.method.annotation.RequestMappingHandlerAdapter.invokeHandlerMethod(RequestMappingHandlerAdapter.java:895)
	at org.springframework.web.servlet.mvc.method.annotation.RequestMappingHandlerAdapter.handleInternal(RequestMappingHandlerAdapter.java:808)
	at org.springframework.web.servlet.mvc.method.AbstractHandlerMethodAdapter.handle(AbstractHandlerMethodAdapter.java:87)
	at org.springframework.web.servlet.DispatcherServlet.doDispatch(DispatcherServlet.java:1070)
	at org.springframework.web.servlet.DispatcherServlet.doService(DispatcherServlet.java:963)
	at org.springframework.web.servlet.FrameworkServlet.processRequest(FrameworkServlet.java:1006)
	... 87 common frames omitted

01/08/2022 19:08:39 ERROR com.safety.safetyNet.controller.SafetyNetMedicalRecordControllerTest
 error :
org.springframework.web.util.NestedServletException: Request processing failed; nested exception is javax.validation.UnexpectedTypeException: HV000030: No validator could be found for constraint 'javax.validation.constraints.Past' validating type 'java.lang.String'. Check configuration for 'birthdate'
	at org.springframework.web.servlet.FrameworkServlet.processRequest(FrameworkServlet.java:1014)
	at org.springframework.web.servlet.FrameworkServlet.doPost(FrameworkServlet.java:909)
	at javax.servlet.http.HttpServlet.service(HttpServlet.java:681)
	at org.springframework.web.servlet.FrameworkServlet.service(FrameworkServlet.java:883)
	at org.springframework.test.web.servlet.TestDispatcherServlet.service(TestDispatcherServlet.java:72)
	at javax.servlet.http.HttpServlet.service(HttpServlet.java:764)
	at org.springframework.mock.web.MockFilterChain$ServletFilterProxy.doFilter(MockFilterChain.java:167)
	at org.springframework.mock.web.MockFilterChain.doFilter(MockFilterChain.java:134)
	at org.springframework.web.filter.RequestContextFilter.doFilterInternal(RequestContextFilter.java:100)
	at org.springframework.web.filter.OncePerRequestFilter.doFilter(OncePerRequestFilter.java:117)
	at org.springframework.mock.web.MockFilterChain.doFilter(MockFilterChain.java:134)
	at org.springframework.web.filter.FormContentFilter.doFilterInternal(FormContentFilter.java:93)
	at org.springframework.web.filter.OncePerRequestFilter.doFilter(OncePerRequestFilter.java:117)
	at org.springframework.mock.web.MockFilterChain.doFilter(MockFilterChain.java:134)
	at org.springframework.web.filter.CharacterEncodingFilter.doFilterInternal(CharacterEncodingFilter.java:201)
	at org.springframework.web.filter.OncePerRequestFilter.doFilter(OncePerRequestFilter.java:117)
	at org.springframework.mock.web.MockFilterChain.doFilter(MockFilterChain.java:134)
	at org.springframework.test.web.servlet.MockMvc.perform(MockMvc.java:199)
	at com.safety.safetyNet.controller.SafetyNetMedicalRecordControllerTest.testPostMedicalRecord(SafetyNetMedicalRecordControllerTest.java:38)
	at java.base/jdk.internal.reflect.NativeMethodAccessorImpl.invoke0(Native Method)
	at java.base/jdk.internal.reflect.NativeMethodAccessorImpl.invoke(NativeMethodAccessorImpl.java:62)
	at java.base/jdk.internal.reflect.DelegatingMethodAccessorImpl.invoke(DelegatingMethodAccessorImpl.java:43)
	at java.base/java.lang.reflect.Method.invoke(Method.java:566)
	at org.junit.platform.commons.util.ReflectionUtils.invokeMethod(ReflectionUtils.java:725)
	at org.junit.jupiter.engine.execution.MethodInvocation.proceed(MethodInvocation.java:60)
	at org.junit.jupiter.engine.execution.InvocationInterceptorChain$ValidatingInvocation.proceed(InvocationInterceptorChain.java:131)
	at org.junit.jupiter.engine.extension.TimeoutExtension.intercept(TimeoutExtension.java:149)
	at org.junit.jupiter.engine.extension.TimeoutExtension.interceptTestableMethod(TimeoutExtension.java:140)
	at org.junit.jupiter.engine.extension.TimeoutExtension.interceptTestMethod(TimeoutExtension.java:84)
	at org.junit.jupiter.engine.execution.ExecutableInvoker$ReflectiveInterceptorCall.lambda$ofVoidMethod$0(ExecutableInvoker.java:115)
	at org.junit.jupiter.engine.execution.ExecutableInvoker.lambda$invoke$0(ExecutableInvoker.java:105)
	at org.junit.jupiter.engine.execution.InvocationInterceptorChain$InterceptedInvocation.proceed(InvocationInterceptorChain.java:106)
	at org.junit.jupiter.engine.execution.InvocationInterceptorChain.proceed(InvocationInterceptorChain.java:64)
	at org.junit.jupiter.engine.execution.InvocationInterceptorChain.chainAndInvoke(InvocationInterceptorChain.java:45)
	at org.junit.jupiter.engine.execution.InvocationInterceptorChain.invoke(InvocationInterceptorChain.java:37)
	at org.junit.jupiter.engine.execution.ExecutableInvoker.invoke(ExecutableInvoker.java:104)
	at org.junit.jupiter.engine.execution.ExecutableInvoker.invoke(ExecutableInvoker.java:98)
	at org.junit.jupiter.engine.descriptor.TestMethodTestDescriptor.lambda$invokeTestMethod$7(TestMethodTestDescriptor.java:214)
	at org.junit.platform.engine.support.hierarchical.ThrowableCollector.execute(ThrowableCollector.java:73)
	at org.junit.jupiter.engine.descriptor.TestMethodTestDescriptor.invokeTestMethod(TestMethodTestDescriptor.java:210)
	at org.junit.jupiter.engine.descriptor.TestMethodTestDescriptor.execute(TestMethodTestDescriptor.java:135)
	at org.junit.jupiter.engine.descriptor.TestMethodTestDescriptor.execute(TestMethodTestDescriptor.java:66)
	at org.junit.platform.engine.support.hierarchical.NodeTestTask.lambda$executeRecursively$6(NodeTestTask.java:151)
	at org.junit.platform.engine.support.hierarchical.ThrowableCollector.execute(ThrowableCollector.java:73)
	at org.junit.platform.engine.support.hierarchical.NodeTestTask.lambda$executeRecursively$8(NodeTestTask.java:141)
	at org.junit.platform.engine.support.hierarchical.Node.around(Node.java:137)
	at org.junit.platform.engine.support.hierarchical.NodeTestTask.lambda$executeRecursively$9(NodeTestTask.java:139)
	at org.junit.platform.engine.support.hierarchical.ThrowableCollector.execute(ThrowableCollector.java:73)
	at org.junit.platform.engine.support.hierarchical.NodeTestTask.executeRecursively(NodeTestTask.java:138)
	at org.junit.platform.engine.support.hierarchical.NodeTestTask.execute(NodeTestTask.java:95)
	at java.base/java.util.ArrayList.forEach(ArrayList.java:1541)
	at org.junit.platform.engine.support.hierarchical.SameThreadHierarchicalTestExecutorService.invokeAll(SameThreadHierarchicalTestExecutorService.java:41)
	at org.junit.platform.engine.support.hierarchical.NodeTestTask.lambda$executeRecursively$6(NodeTestTask.java:155)
	at org.junit.platform.engine.support.hierarchical.ThrowableCollector.execute(ThrowableCollector.java:73)
	at org.junit.platform.engine.support.hierarchical.NodeTestTask.lambda$executeRecursively$8(NodeTestTask.java:141)
	at org.junit.platform.engine.support.hierarchical.Node.around(Node.java:137)
	at org.junit.platform.engine.support.hierarchical.NodeTestTask.lambda$executeRecursively$9(NodeTestTask.java:139)
	at org.junit.platform.engine.support.hierarchical.ThrowableCollector.execute(ThrowableCollector.java:73)
	at org.junit.platform.engine.support.hierarchical.NodeTestTask.executeRecursively(NodeTestTask.java:138)
	at org.junit.platform.engine.support.hierarchical.NodeTestTask.execute(NodeTestTask.java:95)
	at java.base/java.util.ArrayList.forEach(ArrayList.java:1541)
	at org.junit.platform.engine.support.hierarchical.SameThreadHierarchicalTestExecutorService.invokeAll(SameThreadHierarchicalTestExecutorService.java:41)
	at org.junit.platform.engine.support.hierarchical.NodeTestTask.lambda$executeRecursively$6(NodeTestTask.java:155)
	at org.junit.platform.engine.support.hierarchical.ThrowableCollector.execute(ThrowableCollector.java:73)
	at org.junit.platform.engine.support.hierarchical.NodeTestTask.lambda$executeRecursively$8(NodeTestTask.java:141)
	at org.junit.platform.engine.support.hierarchical.Node.around(Node.java:137)
	at org.junit.platform.engine.support.hierarchical.NodeTestTask.lambda$executeRecursively$9(NodeTestTask.java:139)
	at org.junit.platform.engine.support.hierarchical.ThrowableCollector.execute(ThrowableCollector.java:73)
	at org.junit.platform.engine.support.hierarchical.NodeTestTask.executeRecursively(NodeTestTask.java:138)
	at org.junit.platform.engine.support.hierarchical.NodeTestTask.execute(NodeTestTask.java:95)
	at org.junit.platform.engine.support.hierarchical.SameThreadHierarchicalTestExecutorService.submit(SameThreadHierarchicalTestExecutorService.java:35)
	at org.junit.platform.engine.support.hierarchical.HierarchicalTestExecutor.execute(HierarchicalTestExecutor.java:57)
	at org.junit.platform.engine.support.hierarchical.HierarchicalTestEngine.execute(HierarchicalTestEngine.java:54)
	at org.junit.platform.launcher.core.EngineExecutionOrchestrator.execute(EngineExecutionOrchestrator.java:107)
	at org.junit.platform.launcher.core.EngineExecutionOrchestrator.execute(EngineExecutionOrchestrator.java:88)
	at org.junit.platform.launcher.core.EngineExecutionOrchestrator.lambda$execute$0(EngineExecutionOrchestrator.java:54)
	at org.junit.platform.launcher.core.EngineExecutionOrchestrator.withInterceptedStreams(EngineExecutionOrchestrator.java:67)
	at org.junit.platform.launcher.core.EngineExecutionOrchestrator.execute(EngineExecutionOrchestrator.java:52)
	at org.junit.platform.launcher.core.DefaultLauncher.execute(DefaultLauncher.java:114)
	at org.junit.platform.launcher.core.DefaultLauncher.execute(DefaultLauncher.java:86)
	at org.junit.platform.launcher.core.DefaultLauncherSession$DelegatingLauncher.execute(DefaultLauncherSession.java:86)
	at org.junit.platform.launcher.core.SessionPerRequestLauncher.execute(SessionPerRequestLauncher.java:53)
	at com.intellij.junit5.JUnit5IdeaTestRunner.startRunnerWithArgs(JUnit5IdeaTestRunner.java:71)
	at com.intellij.rt.junit.IdeaTestRunner$Repeater$1.execute(IdeaTestRunner.java:38)
	at com.intellij.rt.execution.junit.TestsRepeater.repeat(TestsRepeater.java:11)
	at com.intellij.rt.junit.IdeaTestRunner$Repeater.startRunnerWithArgs(IdeaTestRunner.java:35)
	at com.intellij.rt.junit.JUnitStarter.prepareStreamsAndStart(JUnitStarter.java:235)
	at com.intellij.rt.junit.JUnitStarter.main(JUnitStarter.java:54)
Caused by: javax.validation.UnexpectedTypeException: HV000030: No validator could be found for constraint 'javax.validation.constraints.Past' validating type 'java.lang.String'. Check configuration for 'birthdate'
	at org.hibernate.validator.internal.engine.constraintvalidation.ConstraintTree.getExceptionForNullValidator(ConstraintTree.java:116)
	at org.hibernate.validator.internal.engine.constraintvalidation.ConstraintTree.getInitializedConstraintValidator(ConstraintTree.java:162)
	at org.hibernate.validator.internal.engine.constraintvalidation.SimpleConstraintTree.validateConstraints(SimpleConstraintTree.java:54)
	at org.hibernate.validator.internal.engine.constraintvalidation.ConstraintTree.validateConstraints(ConstraintTree.java:75)
	at org.hibernate.validator.internal.metadata.core.MetaConstraint.doValidateConstraint(MetaConstraint.java:130)
	at org.hibernate.validator.internal.metadata.core.MetaConstraint.validateConstraint(MetaConstraint.java:123)
	at org.hibernate.validator.internal.engine.ValidatorImpl.validateMetaConstraint(ValidatorImpl.java:555)
	at org.hibernate.validator.internal.engine.ValidatorImpl.validateConstraintsForSingleDefaultGroupElement(ValidatorImpl.java:518)
	at org.hibernate.validator.internal.engine.ValidatorImpl.validateConstraintsForDefaultGroup(ValidatorImpl.java:488)
	at org.hibernate.validator.internal.engine.ValidatorImpl.validateConstraintsForCurrentGroup(ValidatorImpl.java:450)
	at org.hibernate.validator.internal.engine.ValidatorImpl.validateInContext(ValidatorImpl.java:400)
	at org.hibernate.validator.internal.engine.ValidatorImpl.validate(ValidatorImpl.java:172)
	at org.springframework.validation.beanvalidation.SpringValidatorAdapter.validate(SpringValidatorAdapter.java:109)
	at org.springframework.boot.autoconfigure.validation.ValidatorAdapter.validate(ValidatorAdapter.java:66)
	at org.springframework.validation.DataBinder.validate(DataBinder.java:933)
	at org.springframework.web.servlet.mvc.method.annotation.AbstractMessageConverterMethodArgumentResolver.validateIfApplicable(AbstractMessageConverterMethodArgumentResolver.java:250)
	at org.springframework.web.servlet.mvc.method.annotation.RequestResponseBodyMethodProcessor.resolveArgument(RequestResponseBodyMethodProcessor.java:139)
	at org.springframework.web.method.support.HandlerMethodArgumentResolverComposite.resolveArgument(HandlerMethodArgumentResolverComposite.java:122)
	at org.springframework.web.method.support.InvocableHandlerMethod.getMethodArgumentValues(InvocableHandlerMethod.java:179)
	at org.springframework.web.method.support.InvocableHandlerMethod.invokeForRequest(InvocableHandlerMethod.java:146)
	at org.springframework.web.servlet.mvc.method.annotation.ServletInvocableHandlerMethod.invokeAndHandle(ServletInvocableHandlerMethod.java:117)
	at org.springframework.web.servlet.mvc.method.annotation.RequestMappingHandlerAdapter.invokeHandlerMethod(RequestMappingHandlerAdapter.java:895)
	at org.springframework.web.servlet.mvc.method.annotation.RequestMappingHandlerAdapter.handleInternal(RequestMappingHandlerAdapter.java:808)
	at org.springframework.web.servlet.mvc.method.AbstractHandlerMethodAdapter.handle(AbstractHandlerMethodAdapter.java:87)
	at org.springframework.web.servlet.DispatcherServlet.doDispatch(DispatcherServlet.java:1070)
	at org.springframework.web.servlet.DispatcherServlet.doService(DispatcherServlet.java:963)
	at org.springframework.web.servlet.FrameworkServlet.processRequest(FrameworkServlet.java:1006)
	... 87 common frames omitted

01/08/2022 19:08:39 INFO com.safety.safetyNet.controller.SafetyNetMedicalRecordController
 Requête DELETE deleteMedicalRecord : DeletePerson(firstName=Olivier, lastName=Froidefond)

01/08/2022 19:08:39 ERROR com.safety.safetyNet.service.MedicalRecordIT
 error :
org.springframework.web.util.NestedServletException: Request processing failed; nested exception is javax.validation.UnexpectedTypeException: HV000030: No validator could be found for constraint 'javax.validation.constraints.Past' validating type 'java.lang.String'. Check configuration for 'birthdate'
	at org.springframework.web.servlet.FrameworkServlet.processRequest(FrameworkServlet.java:1014)
	at org.springframework.web.servlet.FrameworkServlet.doPost(FrameworkServlet.java:909)
	at javax.servlet.http.HttpServlet.service(HttpServlet.java:681)
	at org.springframework.web.servlet.FrameworkServlet.service(FrameworkServlet.java:883)
	at org.springframework.test.web.servlet.TestDispatcherServlet.service(TestDispatcherServlet.java:72)
	at javax.servlet.http.HttpServlet.service(HttpServlet.java:764)
	at org.springframework.mock.web.MockFilterChain$ServletFilterProxy.doFilter(MockFilterChain.java:167)
	at org.springframework.mock.web.MockFilterChain.doFilter(MockFilterChain.java:134)
	at org.springframework.web.filter.RequestContextFilter.doFilterInternal(RequestContextFilter.java:100)
	at org.springframework.web.filter.OncePerRequestFilter.doFilter(OncePerRequestFilter.java:117)
	at org.springframework.mock.web.MockFilterChain.doFilter(MockFilterChain.java:134)
	at org.springframework.web.filter.FormContentFilter.doFilterInternal(FormContentFilter.java:93)
	at org.springframework.web.filter.OncePerRequestFilter.doFilter(OncePerRequestFilter.java:117)
	at org.springframework.mock.web.MockFilterChain.doFilter(MockFilterChain.java:134)
	at org.springframework.boot.actuate.metrics.web.servlet.WebMvcMetricsFilter.doFilterInternal(WebMvcMetricsFilter.java:96)
	at org.springframework.web.filter.OncePerRequestFilter.doFilter(OncePerRequestFilter.java:117)
	at org.springframework.mock.web.MockFilterChain.doFilter(MockFilterChain.java:134)
	at org.springframework.web.filter.CharacterEncodingFilter.doFilterInternal(CharacterEncodingFilter.java:201)
	at org.springframework.web.filter.OncePerRequestFilter.doFilter(OncePerRequestFilter.java:117)
	at org.springframework.mock.web.MockFilterChain.doFilter(MockFilterChain.java:134)
	at org.springframework.test.web.servlet.MockMvc.perform(MockMvc.java:199)
	at com.safety.safetyNet.service.MedicalRecordIT.testMedicalRecord1(MedicalRecordIT.java:61)
	at java.base/jdk.internal.reflect.NativeMethodAccessorImpl.invoke0(Native Method)
	at java.base/jdk.internal.reflect.NativeMethodAccessorImpl.invoke(NativeMethodAccessorImpl.java:62)
	at java.base/jdk.internal.reflect.DelegatingMethodAccessorImpl.invoke(DelegatingMethodAccessorImpl.java:43)
	at java.base/java.lang.reflect.Method.invoke(Method.java:566)
	at org.junit.platform.commons.util.ReflectionUtils.invokeMethod(ReflectionUtils.java:725)
	at org.junit.jupiter.engine.execution.MethodInvocation.proceed(MethodInvocation.java:60)
	at org.junit.jupiter.engine.execution.InvocationInterceptorChain$ValidatingInvocation.proceed(InvocationInterceptorChain.java:131)
	at org.junit.jupiter.engine.extension.TimeoutExtension.intercept(TimeoutExtension.java:149)
	at org.junit.jupiter.engine.extension.TimeoutExtension.interceptTestableMethod(TimeoutExtension.java:140)
	at org.junit.jupiter.engine.extension.TimeoutExtension.interceptTestMethod(TimeoutExtension.java:84)
	at org.junit.jupiter.engine.execution.ExecutableInvoker$ReflectiveInterceptorCall.lambda$ofVoidMethod$0(ExecutableInvoker.java:115)
	at org.junit.jupiter.engine.execution.ExecutableInvoker.lambda$invoke$0(ExecutableInvoker.java:105)
	at org.junit.jupiter.engine.execution.InvocationInterceptorChain$InterceptedInvocation.proceed(InvocationInterceptorChain.java:106)
	at org.junit.jupiter.engine.execution.InvocationInterceptorChain.proceed(InvocationInterceptorChain.java:64)
	at org.junit.jupiter.engine.execution.InvocationInterceptorChain.chainAndInvoke(InvocationInterceptorChain.java:45)
	at org.junit.jupiter.engine.execution.InvocationInterceptorChain.invoke(InvocationInterceptorChain.java:37)
	at org.junit.jupiter.engine.execution.ExecutableInvoker.invoke(ExecutableInvoker.java:104)
	at org.junit.jupiter.engine.execution.ExecutableInvoker.invoke(ExecutableInvoker.java:98)
	at org.junit.jupiter.engine.descriptor.TestMethodTestDescriptor.lambda$invokeTestMethod$7(TestMethodTestDescriptor.java:214)
	at org.junit.platform.engine.support.hierarchical.ThrowableCollector.execute(ThrowableCollector.java:73)
	at org.junit.jupiter.engine.descriptor.TestMethodTestDescriptor.invokeTestMethod(TestMethodTestDescriptor.java:210)
	at org.junit.jupiter.engine.descriptor.TestMethodTestDescriptor.execute(TestMethodTestDescriptor.java:135)
	at org.junit.jupiter.engine.descriptor.TestMethodTestDescriptor.execute(TestMethodTestDescriptor.java:66)
	at org.junit.platform.engine.support.hierarchical.NodeTestTask.lambda$executeRecursively$6(NodeTestTask.java:151)
	at org.junit.platform.engine.support.hierarchical.ThrowableCollector.execute(ThrowableCollector.java:73)
	at org.junit.platform.engine.support.hierarchical.NodeTestTask.lambda$executeRecursively$8(NodeTestTask.java:141)
	at org.junit.platform.engine.support.hierarchical.Node.around(Node.java:137)
	at org.junit.platform.engine.support.hierarchical.NodeTestTask.lambda$executeRecursively$9(NodeTestTask.java:139)
	at org.junit.platform.engine.support.hierarchical.ThrowableCollector.execute(ThrowableCollector.java:73)
	at org.junit.platform.engine.support.hierarchical.NodeTestTask.executeRecursively(NodeTestTask.java:138)
	at org.junit.platform.engine.support.hierarchical.NodeTestTask.execute(NodeTestTask.java:95)
	at java.base/java.util.ArrayList.forEach(ArrayList.java:1541)
	at org.junit.platform.engine.support.hierarchical.SameThreadHierarchicalTestExecutorService.invokeAll(SameThreadHierarchicalTestExecutorService.java:41)
	at org.junit.platform.engine.support.hierarchical.NodeTestTask.lambda$executeRecursively$6(NodeTestTask.java:155)
	at org.junit.platform.engine.support.hierarchical.ThrowableCollector.execute(ThrowableCollector.java:73)
	at org.junit.platform.engine.support.hierarchical.NodeTestTask.lambda$executeRecursively$8(NodeTestTask.java:141)
	at org.junit.platform.engine.support.hierarchical.Node.around(Node.java:137)
	at org.junit.platform.engine.support.hierarchical.NodeTestTask.lambda$executeRecursively$9(NodeTestTask.java:139)
	at org.junit.platform.engine.support.hierarchical.ThrowableCollector.execute(ThrowableCollector.java:73)
	at org.junit.platform.engine.support.hierarchical.NodeTestTask.executeRecursively(NodeTestTask.java:138)
	at org.junit.platform.engine.support.hierarchical.NodeTestTask.execute(NodeTestTask.java:95)
	at java.base/java.util.ArrayList.forEach(ArrayList.java:1541)
	at org.junit.platform.engine.support.hierarchical.SameThreadHierarchicalTestExecutorService.invokeAll(SameThreadHierarchicalTestExecutorService.java:41)
	at org.junit.platform.engine.support.hierarchical.NodeTestTask.lambda$executeRecursively$6(NodeTestTask.java:155)
	at org.junit.platform.engine.support.hierarchical.ThrowableCollector.execute(ThrowableCollector.java:73)
	at org.junit.platform.engine.support.hierarchical.NodeTestTask.lambda$executeRecursively$8(NodeTestTask.java:141)
	at org.junit.platform.engine.support.hierarchical.Node.around(Node.java:137)
	at org.junit.platform.engine.support.hierarchical.NodeTestTask.lambda$executeRecursively$9(NodeTestTask.java:139)
	at org.junit.platform.engine.support.hierarchical.ThrowableCollector.execute(ThrowableCollector.java:73)
	at org.junit.platform.engine.support.hierarchical.NodeTestTask.executeRecursively(NodeTestTask.java:138)
	at org.junit.platform.engine.support.hierarchical.NodeTestTask.execute(NodeTestTask.java:95)
	at org.junit.platform.engine.support.hierarchical.SameThreadHierarchicalTestExecutorService.submit(SameThreadHierarchicalTestExecutorService.java:35)
	at org.junit.platform.engine.support.hierarchical.HierarchicalTestExecutor.execute(HierarchicalTestExecutor.java:57)
	at org.junit.platform.engine.support.hierarchical.HierarchicalTestEngine.execute(HierarchicalTestEngine.java:54)
	at org.junit.platform.launcher.core.EngineExecutionOrchestrator.execute(EngineExecutionOrchestrator.java:107)
	at org.junit.platform.launcher.core.EngineExecutionOrchestrator.execute(EngineExecutionOrchestrator.java:88)
	at org.junit.platform.launcher.core.EngineExecutionOrchestrator.lambda$execute$0(EngineExecutionOrchestrator.java:54)
	at org.junit.platform.launcher.core.EngineExecutionOrchestrator.withInterceptedStreams(EngineExecutionOrchestrator.java:67)
	at org.junit.platform.launcher.core.EngineExecutionOrchestrator.execute(EngineExecutionOrchestrator.java:52)
	at org.junit.platform.launcher.core.DefaultLauncher.execute(DefaultLauncher.java:114)
	at org.junit.platform.launcher.core.DefaultLauncher.execute(DefaultLauncher.java:86)
	at org.junit.platform.launcher.core.DefaultLauncherSession$DelegatingLauncher.execute(DefaultLauncherSession.java:86)
	at org.junit.platform.launcher.core.SessionPerRequestLauncher.execute(SessionPerRequestLauncher.java:53)
	at com.intellij.junit5.JUnit5IdeaTestRunner.startRunnerWithArgs(JUnit5IdeaTestRunner.java:71)
	at com.intellij.rt.junit.IdeaTestRunner$Repeater$1.execute(IdeaTestRunner.java:38)
	at com.intellij.rt.execution.junit.TestsRepeater.repeat(TestsRepeater.java:11)
	at com.intellij.rt.junit.IdeaTestRunner$Repeater.startRunnerWithArgs(IdeaTestRunner.java:35)
	at com.intellij.rt.junit.JUnitStarter.prepareStreamsAndStart(JUnitStarter.java:235)
	at com.intellij.rt.junit.JUnitStarter.main(JUnitStarter.java:54)
Caused by: javax.validation.UnexpectedTypeException: HV000030: No validator could be found for constraint 'javax.validation.constraints.Past' validating type 'java.lang.String'. Check configuration for 'birthdate'
	at org.hibernate.validator.internal.engine.constraintvalidation.ConstraintTree.getExceptionForNullValidator(ConstraintTree.java:116)
	at org.hibernate.validator.internal.engine.constraintvalidation.ConstraintTree.getInitializedConstraintValidator(ConstraintTree.java:162)
	at org.hibernate.validator.internal.engine.constraintvalidation.SimpleConstraintTree.validateConstraints(SimpleConstraintTree.java:54)
	at org.hibernate.validator.internal.engine.constraintvalidation.ConstraintTree.validateConstraints(ConstraintTree.java:75)
	at org.hibernate.validator.internal.metadata.core.MetaConstraint.doValidateConstraint(MetaConstraint.java:130)
	at org.hibernate.validator.internal.metadata.core.MetaConstraint.validateConstraint(MetaConstraint.java:123)
	at org.hibernate.validator.internal.engine.ValidatorImpl.validateMetaConstraint(ValidatorImpl.java:555)
	at org.hibernate.validator.internal.engine.ValidatorImpl.validateConstraintsForSingleDefaultGroupElement(ValidatorImpl.java:518)
	at org.hibernate.validator.internal.engine.ValidatorImpl.validateConstraintsForDefaultGroup(ValidatorImpl.java:488)
	at org.hibernate.validator.internal.engine.ValidatorImpl.validateConstraintsForCurrentGroup(ValidatorImpl.java:450)
	at org.hibernate.validator.internal.engine.ValidatorImpl.validateInContext(ValidatorImpl.java:400)
	at org.hibernate.validator.internal.engine.ValidatorImpl.validate(ValidatorImpl.java:172)
	at org.springframework.validation.beanvalidation.SpringValidatorAdapter.validate(SpringValidatorAdapter.java:109)
	at org.springframework.boot.autoconfigure.validation.ValidatorAdapter.validate(ValidatorAdapter.java:66)
	at org.springframework.validation.DataBinder.validate(DataBinder.java:933)
	at org.springframework.web.servlet.mvc.method.annotation.AbstractMessageConverterMethodArgumentResolver.validateIfApplicable(AbstractMessageConverterMethodArgumentResolver.java:250)
	at org.springframework.web.servlet.mvc.method.annotation.RequestResponseBodyMethodProcessor.resolveArgument(RequestResponseBodyMethodProcessor.java:139)
	at org.springframework.web.method.support.HandlerMethodArgumentResolverComposite.resolveArgument(HandlerMethodArgumentResolverComposite.java:122)
	at org.springframework.web.method.support.InvocableHandlerMethod.getMethodArgumentValues(InvocableHandlerMethod.java:179)
	at org.springframework.web.method.support.InvocableHandlerMethod.invokeForRequest(InvocableHandlerMethod.java:146)
	at org.springframework.web.servlet.mvc.method.annotation.ServletInvocableHandlerMethod.invokeAndHandle(ServletInvocableHandlerMethod.java:117)
	at org.springframework.web.servlet.mvc.method.annotation.RequestMappingHandlerAdapter.invokeHandlerMethod(RequestMappingHandlerAdapter.java:895)
	at org.springframework.web.servlet.mvc.method.annotation.RequestMappingHandlerAdapter.handleInternal(RequestMappingHandlerAdapter.java:808)
	at org.springframework.web.servlet.mvc.method.AbstractHandlerMethodAdapter.handle(AbstractHandlerMethodAdapter.java:87)
	at org.springframework.web.servlet.DispatcherServlet.doDispatch(DispatcherServlet.java:1070)
	at org.springframework.web.servlet.DispatcherServlet.doService(DispatcherServlet.java:963)
	at org.springframework.web.servlet.FrameworkServlet.processRequest(FrameworkServlet.java:1006)
	... 90 common frames omitted

01/08/2022 19:08:39 ERROR com.safety.safetyNet.service.MedicalRecordIT
 error :
org.springframework.web.util.NestedServletException: Request processing failed; nested exception is javax.validation.UnexpectedTypeException: HV000030: No validator could be found for constraint 'javax.validation.constraints.Past' validating type 'java.lang.String'. Check configuration for 'birthdate'
	at org.springframework.web.servlet.FrameworkServlet.processRequest(FrameworkServlet.java:1014)
	at org.springframework.web.servlet.FrameworkServlet.doPut(FrameworkServlet.java:920)
	at javax.servlet.http.HttpServlet.service(HttpServlet.java:684)
	at org.springframework.web.servlet.FrameworkServlet.service(FrameworkServlet.java:883)
	at org.springframework.test.web.servlet.TestDispatcherServlet.service(TestDispatcherServlet.java:72)
	at javax.servlet.http.HttpServlet.service(HttpServlet.java:764)
	at org.springframework.mock.web.MockFilterChain$ServletFilterProxy.doFilter(MockFilterChain.java:167)
	at org.springframework.mock.web.MockFilterChain.doFilter(MockFilterChain.java:134)
	at org.springframework.web.filter.RequestContextFilter.doFilterInternal(RequestContextFilter.java:100)
	at org.springframework.web.filter.OncePerRequestFilter.doFilter(OncePerRequestFilter.java:117)
	at org.springframework.mock.web.MockFilterChain.doFilter(MockFilterChain.java:134)
	at org.springframework.web.filter.FormContentFilter.doFilterInternal(FormContentFilter.java:93)
	at org.springframework.web.filter.OncePerRequestFilter.doFilter(OncePerRequestFilter.java:117)
	at org.springframework.mock.web.MockFilterChain.doFilter(MockFilterChain.java:134)
	at org.springframework.boot.actuate.metrics.web.servlet.WebMvcMetricsFilter.doFilterInternal(WebMvcMetricsFilter.java:96)
	at org.springframework.web.filter.OncePerRequestFilter.doFilter(OncePerRequestFilter.java:117)
	at org.springframework.mock.web.MockFilterChain.doFilter(MockFilterChain.java:134)
	at org.springframework.web.filter.CharacterEncodingFilter.doFilterInternal(CharacterEncodingFilter.java:201)
	at org.springframework.web.filter.OncePerRequestFilter.doFilter(OncePerRequestFilter.java:117)
	at org.springframework.mock.web.MockFilterChain.doFilter(MockFilterChain.java:134)
	at org.springframework.test.web.servlet.MockMvc.perform(MockMvc.java:199)
	at com.safety.safetyNet.service.MedicalRecordIT.testMedicalRecord2(MedicalRecordIT.java:96)
	at java.base/jdk.internal.reflect.NativeMethodAccessorImpl.invoke0(Native Method)
	at java.base/jdk.internal.reflect.NativeMethodAccessorImpl.invoke(NativeMethodAccessorImpl.java:62)
	at java.base/jdk.internal.reflect.DelegatingMethodAccessorImpl.invoke(DelegatingMethodAccessorImpl.java:43)
	at java.base/java.lang.reflect.Method.invoke(Method.java:566)
	at org.junit.platform.commons.util.ReflectionUtils.invokeMethod(ReflectionUtils.java:725)
	at org.junit.jupiter.engine.execution.MethodInvocation.proceed(MethodInvocation.java:60)
	at org.junit.jupiter.engine.execution.InvocationInterceptorChain$ValidatingInvocation.proceed(InvocationInterceptorChain.java:131)
	at org.junit.jupiter.engine.extension.TimeoutExtension.intercept(TimeoutExtension.java:149)
	at org.junit.jupiter.engine.extension.TimeoutExtension.interceptTestableMethod(TimeoutExtension.java:140)
	at org.junit.jupiter.engine.extension.TimeoutExtension.interceptTestMethod(TimeoutExtension.java:84)
	at org.junit.jupiter.engine.execution.ExecutableInvoker$ReflectiveInterceptorCall.lambda$ofVoidMethod$0(ExecutableInvoker.java:115)
	at org.junit.jupiter.engine.execution.ExecutableInvoker.lambda$invoke$0(ExecutableInvoker.java:105)
	at org.junit.jupiter.engine.execution.InvocationInterceptorChain$InterceptedInvocation.proceed(InvocationInterceptorChain.java:106)
	at org.junit.jupiter.engine.execution.InvocationInterceptorChain.proceed(InvocationInterceptorChain.java:64)
	at org.junit.jupiter.engine.execution.InvocationInterceptorChain.chainAndInvoke(InvocationInterceptorChain.java:45)
	at org.junit.jupiter.engine.execution.InvocationInterceptorChain.invoke(InvocationInterceptorChain.java:37)
	at org.junit.jupiter.engine.execution.ExecutableInvoker.invoke(ExecutableInvoker.java:104)
	at org.junit.jupiter.engine.execution.ExecutableInvoker.invoke(ExecutableInvoker.java:98)
	at org.junit.jupiter.engine.descriptor.TestMethodTestDescriptor.lambda$invokeTestMethod$7(TestMethodTestDescriptor.java:214)
	at org.junit.platform.engine.support.hierarchical.ThrowableCollector.execute(ThrowableCollector.java:73)
	at org.junit.jupiter.engine.descriptor.TestMethodTestDescriptor.invokeTestMethod(TestMethodTestDescriptor.java:210)
	at org.junit.jupiter.engine.descriptor.TestMethodTestDescriptor.execute(TestMethodTestDescriptor.java:135)
	at org.junit.jupiter.engine.descriptor.TestMethodTestDescriptor.execute(TestMethodTestDescriptor.java:66)
	at org.junit.platform.engine.support.hierarchical.NodeTestTask.lambda$executeRecursively$6(NodeTestTask.java:151)
	at org.junit.platform.engine.support.hierarchical.ThrowableCollector.execute(ThrowableCollector.java:73)
	at org.junit.platform.engine.support.hierarchical.NodeTestTask.lambda$executeRecursively$8(NodeTestTask.java:141)
	at org.junit.platform.engine.support.hierarchical.Node.around(Node.java:137)
	at org.junit.platform.engine.support.hierarchical.NodeTestTask.lambda$executeRecursively$9(NodeTestTask.java:139)
	at org.junit.platform.engine.support.hierarchical.ThrowableCollector.execute(ThrowableCollector.java:73)
	at org.junit.platform.engine.support.hierarchical.NodeTestTask.executeRecursively(NodeTestTask.java:138)
	at org.junit.platform.engine.support.hierarchical.NodeTestTask.execute(NodeTestTask.java:95)
	at java.base/java.util.ArrayList.forEach(ArrayList.java:1541)
	at org.junit.platform.engine.support.hierarchical.SameThreadHierarchicalTestExecutorService.invokeAll(SameThreadHierarchicalTestExecutorService.java:41)
	at org.junit.platform.engine.support.hierarchical.NodeTestTask.lambda$executeRecursively$6(NodeTestTask.java:155)
	at org.junit.platform.engine.support.hierarchical.ThrowableCollector.execute(ThrowableCollector.java:73)
	at org.junit.platform.engine.support.hierarchical.NodeTestTask.lambda$executeRecursively$8(NodeTestTask.java:141)
	at org.junit.platform.engine.support.hierarchical.Node.around(Node.java:137)
	at org.junit.platform.engine.support.hierarchical.NodeTestTask.lambda$executeRecursively$9(NodeTestTask.java:139)
	at org.junit.platform.engine.support.hierarchical.ThrowableCollector.execute(ThrowableCollector.java:73)
	at org.junit.platform.engine.support.hierarchical.NodeTestTask.executeRecursively(NodeTestTask.java:138)
	at org.junit.platform.engine.support.hierarchical.NodeTestTask.execute(NodeTestTask.java:95)
	at java.base/java.util.ArrayList.forEach(ArrayList.java:1541)
	at org.junit.platform.engine.support.hierarchical.SameThreadHierarchicalTestExecutorService.invokeAll(SameThreadHierarchicalTestExecutorService.java:41)
	at org.junit.platform.engine.support.hierarchical.NodeTestTask.lambda$executeRecursively$6(NodeTestTask.java:155)
	at org.junit.platform.engine.support.hierarchical.ThrowableCollector.execute(ThrowableCollector.java:73)
	at org.junit.platform.engine.support.hierarchical.NodeTestTask.lambda$executeRecursively$8(NodeTestTask.java:141)
	at org.junit.platform.engine.support.hierarchical.Node.around(Node.java:137)
	at org.junit.platform.engine.support.hierarchical.NodeTestTask.lambda$executeRecursively$9(NodeTestTask.java:139)
	at org.junit.platform.engine.support.hierarchical.ThrowableCollector.execute(ThrowableCollector.java:73)
	at org.junit.platform.engine.support.hierarchical.NodeTestTask.executeRecursively(NodeTestTask.java:138)
	at org.junit.platform.engine.support.hierarchical.NodeTestTask.execute(NodeTestTask.java:95)
	at org.junit.platform.engine.support.hierarchical.SameThreadHierarchicalTestExecutorService.submit(SameThreadHierarchicalTestExecutorService.java:35)
	at org.junit.platform.engine.support.hierarchical.HierarchicalTestExecutor.execute(HierarchicalTestExecutor.java:57)
	at org.junit.platform.engine.support.hierarchical.HierarchicalTestEngine.execute(HierarchicalTestEngine.java:54)
	at org.junit.platform.launcher.core.EngineExecutionOrchestrator.execute(EngineExecutionOrchestrator.java:107)
	at org.junit.platform.launcher.core.EngineExecutionOrchestrator.execute(EngineExecutionOrchestrator.java:88)
	at org.junit.platform.launcher.core.EngineExecutionOrchestrator.lambda$execute$0(EngineExecutionOrchestrator.java:54)
	at org.junit.platform.launcher.core.EngineExecutionOrchestrator.withInterceptedStreams(EngineExecutionOrchestrator.java:67)
	at org.junit.platform.launcher.core.EngineExecutionOrchestrator.execute(EngineExecutionOrchestrator.java:52)
	at org.junit.platform.launcher.core.DefaultLauncher.execute(DefaultLauncher.java:114)
	at org.junit.platform.launcher.core.DefaultLauncher.execute(DefaultLauncher.java:86)
	at org.junit.platform.launcher.core.DefaultLauncherSession$DelegatingLauncher.execute(DefaultLauncherSession.java:86)
	at org.junit.platform.launcher.core.SessionPerRequestLauncher.execute(SessionPerRequestLauncher.java:53)
	at com.intellij.junit5.JUnit5IdeaTestRunner.startRunnerWithArgs(JUnit5IdeaTestRunner.java:71)
	at com.intellij.rt.junit.IdeaTestRunner$Repeater$1.execute(IdeaTestRunner.java:38)
	at com.intellij.rt.execution.junit.TestsRepeater.repeat(TestsRepeater.java:11)
	at com.intellij.rt.junit.IdeaTestRunner$Repeater.startRunnerWithArgs(IdeaTestRunner.java:35)
	at com.intellij.rt.junit.JUnitStarter.prepareStreamsAndStart(JUnitStarter.java:235)
	at com.intellij.rt.junit.JUnitStarter.main(JUnitStarter.java:54)
Caused by: javax.validation.UnexpectedTypeException: HV000030: No validator could be found for constraint 'javax.validation.constraints.Past' validating type 'java.lang.String'. Check configuration for 'birthdate'
	at org.hibernate.validator.internal.engine.constraintvalidation.ConstraintTree.getExceptionForNullValidator(ConstraintTree.java:116)
	at org.hibernate.validator.internal.engine.constraintvalidation.ConstraintTree.getInitializedConstraintValidator(ConstraintTree.java:162)
	at org.hibernate.validator.internal.engine.constraintvalidation.SimpleConstraintTree.validateConstraints(SimpleConstraintTree.java:54)
	at org.hibernate.validator.internal.engine.constraintvalidation.ConstraintTree.validateConstraints(ConstraintTree.java:75)
	at org.hibernate.validator.internal.metadata.core.MetaConstraint.doValidateConstraint(MetaConstraint.java:130)
	at org.hibernate.validator.internal.metadata.core.MetaConstraint.validateConstraint(MetaConstraint.java:123)
	at org.hibernate.validator.internal.engine.ValidatorImpl.validateMetaConstraint(ValidatorImpl.java:555)
	at org.hibernate.validator.internal.engine.ValidatorImpl.validateConstraintsForSingleDefaultGroupElement(ValidatorImpl.java:518)
	at org.hibernate.validator.internal.engine.ValidatorImpl.validateConstraintsForDefaultGroup(ValidatorImpl.java:488)
	at org.hibernate.validator.internal.engine.ValidatorImpl.validateConstraintsForCurrentGroup(ValidatorImpl.java:450)
	at org.hibernate.validator.internal.engine.ValidatorImpl.validateInContext(ValidatorImpl.java:400)
	at org.hibernate.validator.internal.engine.ValidatorImpl.validate(ValidatorImpl.java:172)
	at org.springframework.validation.beanvalidation.SpringValidatorAdapter.validate(SpringValidatorAdapter.java:109)
	at org.springframework.boot.autoconfigure.validation.ValidatorAdapter.validate(ValidatorAdapter.java:66)
	at org.springframework.validation.DataBinder.validate(DataBinder.java:933)
	at org.springframework.web.servlet.mvc.method.annotation.AbstractMessageConverterMethodArgumentResolver.validateIfApplicable(AbstractMessageConverterMethodArgumentResolver.java:250)
	at org.springframework.web.servlet.mvc.method.annotation.RequestResponseBodyMethodProcessor.resolveArgument(RequestResponseBodyMethodProcessor.java:139)
	at org.springframework.web.method.support.HandlerMethodArgumentResolverComposite.resolveArgument(HandlerMethodArgumentResolverComposite.java:122)
	at org.springframework.web.method.support.InvocableHandlerMethod.getMethodArgumentValues(InvocableHandlerMethod.java:179)
	at org.springframework.web.method.support.InvocableHandlerMethod.invokeForRequest(InvocableHandlerMethod.java:146)
	at org.springframework.web.servlet.mvc.method.annotation.ServletInvocableHandlerMethod.invokeAndHandle(ServletInvocableHandlerMethod.java:117)
	at org.springframework.web.servlet.mvc.method.annotation.RequestMappingHandlerAdapter.invokeHandlerMethod(RequestMappingHandlerAdapter.java:895)
	at org.springframework.web.servlet.mvc.method.annotation.RequestMappingHandlerAdapter.handleInternal(RequestMappingHandlerAdapter.java:808)
	at org.springframework.web.servlet.mvc.method.AbstractHandlerMethodAdapter.handle(AbstractHandlerMethodAdapter.java:87)
	at org.springframework.web.servlet.DispatcherServlet.doDispatch(DispatcherServlet.java:1070)
	at org.springframework.web.servlet.DispatcherServlet.doService(DispatcherServlet.java:963)
	at org.springframework.web.servlet.FrameworkServlet.processRequest(FrameworkServlet.java:1006)
	... 90 common frames omitted

01/08/2022 19:08:39 INFO com.safety.safetyNet.controller.SafetyNetMedicalRecordController
 Requête DELETE deleteMedicalRecord : DeletePerson(firstName=Olivier, lastName=Froidefond)

01/08/2022 19:08:39 INFO com.safety.safetyNet.controller.SafetyNetFireStationController
 Requête reçue -> getFireStationNumber :5

01/08/2022 19:08:39 INFO com.safety.safetyNet.controller.SafetyNetFireStationController
 Objet retourné -> getFireStationNumber :[]

01/08/2022 19:08:39 INFO com.safety.safetyNet.controller.SafetyNetFireStationController
 Requête reçue -> postFireStation :FireStations(address=chemin d'enbiane, station=2)

01/08/2022 19:08:39 INFO com.safety.safetyNet.controller.SafetyNetFireStationController
 Requête reçue -> putFireStation :FireStations(address=chemin d'enbiane, station=5)

01/08/2022 19:08:39 INFO com.safety.safetyNet.controller.SafetyNetFireStationController
 Requête reçue -> deleteFireStation :FireStations(address=chemin d'enbiane, station=)

01/08/2022 19:08:39 INFO com.safety.safetyNet.controller.SafetyNetFireStationController
 Requête reçue -> getFireStationNumber :3

01/08/2022 19:08:39 INFO com.safety.safetyNet.controller.SafetyNetFireStationController
 Objet retourné -> getFireStationNumber :[ResponseFireStationByNumber(personsStationList=[PersonsStation(firstName=John, lastName=Boyd, address=1509 Culver St, phone=841-874-6512), PersonsStation(firstName=Jacob, lastName=Boyd, address=1509 Culver St, phone=841-874-6513), PersonsStation(firstName=Tenley, lastName=Boyd, address=1509 Culver St, phone=841-874-6512), PersonsStation(firstName=Roger, lastName=Boyd, address=1509 Culver St, phone=841-874-6512), PersonsStation(firstName=Felicia, lastName=Boyd, address=1509 Culver St, phone=841-874-6544), PersonsStation(firstName=Tessa, lastName=Carman, address=834 Binoc Ave, phone=841-874-6512), PersonsStation(firstName=Foster, lastName=Shepard, address=748 Townings Dr, phone=841-874-6544), PersonsStation(firstName=Clive, lastName=Ferguson, address=748 Townings Dr, phone=841-874-6741), PersonsStation(firstName=Tony, lastName=Cooper, address=112 Steppes Pl, phone=841-874-6874), PersonsStation(firstName=Ron, lastName=Peters, address=112 Steppes Pl, phone=841-874-8888), PersonsStation(firstName=Allison, lastName=Boyd, address=112 Steppes Pl, phone=841-874-9888), PersonsStation(firstName=Foster, lastName=Shepard, address=748 Townings Dr, phone=841-874-6544), PersonsStation(firstName=Clive, lastName=Ferguson, address=748 Townings Dr, phone=841-874-6741)], countPeople=CountPeople(children=3, adult=10))]

01/08/2022 19:08:39 INFO org.springframework.boot.StartupInfoLogger
 Starting SafetyNetMailControllerTest using Java 11.0.16 on MSI with PID 19960 (started by froid in C:\Users\froid\OneDrive\Bureau\OpenClassRooms\safetyNet)

01/08/2022 19:08:39 INFO org.springframework.boot.SpringApplication
 The following 1 profile is active: "test"

01/08/2022 19:08:40 INFO org.springframework.boot.StartupInfoLogger
 Started SafetyNetMailControllerTest in 0.78 seconds (JVM running for 18.594)

01/08/2022 19:08:40 INFO com.safety.safetyNet.controller.SafetyNetMailController
 Requête reçue -> getMailAllPersons :Culver

01/08/2022 19:08:40 INFO com.safety.safetyNet.controller.SafetyNetMailController
 Objet retourné -> getMailAllPersons :[]

01/08/2022 19:08:40 INFO com.safety.safetyNet.controller.SafetyNetChildrenController
 Requête reçue -> getAddressChild :1509 Culver 

01/08/2022 19:08:40 INFO com.safety.safetyNet.controller.SafetyNetChildrenController
 Objet retourné -> getAddressChild :[]

01/08/2022 19:08:40 INFO com.safety.safetyNet.controller.SafetyNetChildrenController
 Requête reçue -> getAddressChild :1509 Culver St

01/08/2022 19:08:40 INFO com.safety.safetyNet.controller.SafetyNetChildrenController
 Objet retourné -> getAddressChild :[PersonsByAddress(siblings=Siblings(children=[PersonsChildren(firstName=Tenley, lastName=Boyd, age=9), PersonsChildren(firstName=Roger, lastName=Boyd, age=5)]), adult=[PersonsAdult(firstName=John, lastName=Boyd), PersonsAdult(firstName=Jacob, lastName=Boyd), PersonsAdult(firstName=Felicia, lastName=Boyd)])]

01/08/2022 19:08:40 INFO org.springframework.boot.StartupInfoLogger
 Starting SafetyNetPersonControllerTest using Java 11.0.16 on MSI with PID 19960 (started by froid in C:\Users\froid\OneDrive\Bureau\OpenClassRooms\safetyNet)

01/08/2022 19:08:40 INFO org.springframework.boot.SpringApplication
 The following 1 profile is active: "test"

01/08/2022 19:08:41 INFO org.springframework.boot.StartupInfoLogger
 Started SafetyNetPersonControllerTest in 0.821 seconds (JVM running for 19.534)

01/08/2022 19:08:41 INFO com.safety.safetyNet.controller.SafetyNetPersonController
 Requête reçue -> putPerson :Persons(firstName=Olivier, lastName=Froidefond, address=6 rue jacques prevert, city=culver, zip=97451, phone=841-874-5584, email=toto@toto.fr)

01/08/2022 19:08:41 INFO com.safety.safetyNet.controller.SafetyNetPersonController
 Requête reçue -> deletePerson :DeletePerson(firstName=Olivier, lastName=Froidefond)

01/08/2022 19:08:41 INFO com.safety.safetyNet.controller.SafetyNetFireStationController
 Requête reçue -> getHomesAtThisStationNumber :1

01/08/2022 19:08:41 INFO com.safety.safetyNet.controller.SafetyNetFireStationController
 Objet retourné -> getHomesAtThisStationNumber :[ResponsePersonsByStationNumber(personsByFireStations=[PersonsFireStation(lastName=Duncan, age=22, email=jaboyd@email.com, medications=[], allergies=[shellfish])], address=644 Gershwin Cir), ResponsePersonsByStationNumber(personsByFireStations=[PersonsFireStation(lastName=Walker, age=41, email=reg@email.com, medications=[thradox:700mg], allergies=[illisoxian]), PersonsFireStation(lastName=Peters, age=40, email=jpeter@email.com, medications=[], allergies=[])], address=908 73rd St), ResponsePersonsByStationNumber(personsByFireStations=[PersonsFireStation(lastName=Stelzer, age=47, email=bstel@email.com, medications=[ibupurin:200mg, hydrapermazol:400mg], allergies=[nillacilan]), PersonsFireStation(lastName=Stelzer, age=42, email=ssanw@email.com, medications=[], allergies=[]), PersonsFireStation(lastName=Stelzer, age=8, email=bstel@email.com, medications=[noxidian:100mg, pharmacol:2500mg], allergies=[])], address=947 E. Rose Dr)]

01/08/2022 19:08:41 INFO com.safety.safetyNet.controller.SafetyNetFireStationController
 Requête reçue -> getHomesAtThisStationNumber :5

01/08/2022 19:08:41 INFO com.safety.safetyNet.controller.SafetyNetFireStationController
 Objet retourné -> getHomesAtThisStationNumber :[]

01/08/2022 19:08:41 INFO org.springframework.boot.StartupInfoLogger
 Starting SafetyNetFireStationControllerTest using Java 11.0.16 on MSI with PID 19960 (started by froid in C:\Users\froid\OneDrive\Bureau\OpenClassRooms\safetyNet)

01/08/2022 19:08:41 INFO org.springframework.boot.SpringApplication
 The following 1 profile is active: "test"

01/08/2022 19:08:42 INFO org.springframework.boot.StartupInfoLogger
 Started SafetyNetFireStationControllerTest in 0.761 seconds (JVM running for 20.425)

01/08/2022 19:08:42 INFO com.safety.safetyNet.controller.SafetyNetFireStationController
 Requête reçue -> putFireStation :FireStations(address=chemin d'enbiane, station=5)

01/08/2022 19:08:42 INFO com.safety.safetyNet.controller.SafetyNetFireStationController
 Requête reçue -> getHabitantAtThisAdrdress :1509 Culver St

01/08/2022 19:08:42 INFO com.safety.safetyNet.controller.SafetyNetFireStationController
 Objet retourné -> getHabitantAtThisAdrdress :[]

01/08/2022 19:08:42 INFO com.safety.safetyNet.controller.SafetyNetFireStationController
 Requête reçue -> getHomesAtThisStationNumber :3

01/08/2022 19:08:42 INFO com.safety.safetyNet.controller.SafetyNetFireStationController
 Objet retourné -> getHomesAtThisStationNumber :[]

01/08/2022 19:08:42 INFO com.safety.safetyNet.controller.SafetyNetFireStationController
 Requête reçue -> deleteFireStation :FireStations(address=chemin d'enbiane, station=)

01/08/2022 19:08:42 INFO com.safety.safetyNet.controller.SafetyNetFireStationController
 Requête reçue -> postFireStation :FireStations(address=chemin d'enbiane, station=2)

01/08/2022 19:08:42 ERROR com.safety.safetyNet.controller.SafetyNetFireStationControllerTest
 error :
org.springframework.web.util.NestedServletException: Request processing failed; nested exception is java.lang.NullPointerException
	at org.springframework.web.servlet.FrameworkServlet.processRequest(FrameworkServlet.java:1014)
	at org.springframework.web.servlet.FrameworkServlet.doPost(FrameworkServlet.java:909)
	at javax.servlet.http.HttpServlet.service(HttpServlet.java:681)
	at org.springframework.web.servlet.FrameworkServlet.service(FrameworkServlet.java:883)
	at org.springframework.test.web.servlet.TestDispatcherServlet.service(TestDispatcherServlet.java:72)
	at javax.servlet.http.HttpServlet.service(HttpServlet.java:764)
	at org.springframework.mock.web.MockFilterChain$ServletFilterProxy.doFilter(MockFilterChain.java:167)
	at org.springframework.mock.web.MockFilterChain.doFilter(MockFilterChain.java:134)
	at org.springframework.web.filter.RequestContextFilter.doFilterInternal(RequestContextFilter.java:100)
	at org.springframework.web.filter.OncePerRequestFilter.doFilter(OncePerRequestFilter.java:117)
	at org.springframework.mock.web.MockFilterChain.doFilter(MockFilterChain.java:134)
	at org.springframework.web.filter.FormContentFilter.doFilterInternal(FormContentFilter.java:93)
	at org.springframework.web.filter.OncePerRequestFilter.doFilter(OncePerRequestFilter.java:117)
	at org.springframework.mock.web.MockFilterChain.doFilter(MockFilterChain.java:134)
	at org.springframework.web.filter.CharacterEncodingFilter.doFilterInternal(CharacterEncodingFilter.java:201)
	at org.springframework.web.filter.OncePerRequestFilter.doFilter(OncePerRequestFilter.java:117)
	at org.springframework.mock.web.MockFilterChain.doFilter(MockFilterChain.java:134)
	at org.springframework.test.web.servlet.MockMvc.perform(MockMvc.java:199)
	at com.safety.safetyNet.controller.SafetyNetFireStationControllerTest.testPostNewFireStation(SafetyNetFireStationControllerTest.java:68)
	at java.base/jdk.internal.reflect.NativeMethodAccessorImpl.invoke0(Native Method)
	at java.base/jdk.internal.reflect.NativeMethodAccessorImpl.invoke(NativeMethodAccessorImpl.java:62)
	at java.base/jdk.internal.reflect.DelegatingMethodAccessorImpl.invoke(DelegatingMethodAccessorImpl.java:43)
	at java.base/java.lang.reflect.Method.invoke(Method.java:566)
	at org.junit.platform.commons.util.ReflectionUtils.invokeMethod(ReflectionUtils.java:725)
	at org.junit.jupiter.engine.execution.MethodInvocation.proceed(MethodInvocation.java:60)
	at org.junit.jupiter.engine.execution.InvocationInterceptorChain$ValidatingInvocation.proceed(InvocationInterceptorChain.java:131)
	at org.junit.jupiter.engine.extension.TimeoutExtension.intercept(TimeoutExtension.java:149)
	at org.junit.jupiter.engine.extension.TimeoutExtension.interceptTestableMethod(TimeoutExtension.java:140)
	at org.junit.jupiter.engine.extension.TimeoutExtension.interceptTestMethod(TimeoutExtension.java:84)
	at org.junit.jupiter.engine.execution.ExecutableInvoker$ReflectiveInterceptorCall.lambda$ofVoidMethod$0(ExecutableInvoker.java:115)
	at org.junit.jupiter.engine.execution.ExecutableInvoker.lambda$invoke$0(ExecutableInvoker.java:105)
	at org.junit.jupiter.engine.execution.InvocationInterceptorChain$InterceptedInvocation.proceed(InvocationInterceptorChain.java:106)
	at org.junit.jupiter.engine.execution.InvocationInterceptorChain.proceed(InvocationInterceptorChain.java:64)
	at org.junit.jupiter.engine.execution.InvocationInterceptorChain.chainAndInvoke(InvocationInterceptorChain.java:45)
	at org.junit.jupiter.engine.execution.InvocationInterceptorChain.invoke(InvocationInterceptorChain.java:37)
	at org.junit.jupiter.engine.execution.ExecutableInvoker.invoke(ExecutableInvoker.java:104)
	at org.junit.jupiter.engine.execution.ExecutableInvoker.invoke(ExecutableInvoker.java:98)
	at org.junit.jupiter.engine.descriptor.TestMethodTestDescriptor.lambda$invokeTestMethod$7(TestMethodTestDescriptor.java:214)
	at org.junit.platform.engine.support.hierarchical.ThrowableCollector.execute(ThrowableCollector.java:73)
	at org.junit.jupiter.engine.descriptor.TestMethodTestDescriptor.invokeTestMethod(TestMethodTestDescriptor.java:210)
	at org.junit.jupiter.engine.descriptor.TestMethodTestDescriptor.execute(TestMethodTestDescriptor.java:135)
	at org.junit.jupiter.engine.descriptor.TestMethodTestDescriptor.execute(TestMethodTestDescriptor.java:66)
	at org.junit.platform.engine.support.hierarchical.NodeTestTask.lambda$executeRecursively$6(NodeTestTask.java:151)
	at org.junit.platform.engine.support.hierarchical.ThrowableCollector.execute(ThrowableCollector.java:73)
	at org.junit.platform.engine.support.hierarchical.NodeTestTask.lambda$executeRecursively$8(NodeTestTask.java:141)
	at org.junit.platform.engine.support.hierarchical.Node.around(Node.java:137)
	at org.junit.platform.engine.support.hierarchical.NodeTestTask.lambda$executeRecursively$9(NodeTestTask.java:139)
	at org.junit.platform.engine.support.hierarchical.ThrowableCollector.execute(ThrowableCollector.java:73)
	at org.junit.platform.engine.support.hierarchical.NodeTestTask.executeRecursively(NodeTestTask.java:138)
	at org.junit.platform.engine.support.hierarchical.NodeTestTask.execute(NodeTestTask.java:95)
	at java.base/java.util.ArrayList.forEach(ArrayList.java:1541)
	at org.junit.platform.engine.support.hierarchical.SameThreadHierarchicalTestExecutorService.invokeAll(SameThreadHierarchicalTestExecutorService.java:41)
	at org.junit.platform.engine.support.hierarchical.NodeTestTask.lambda$executeRecursively$6(NodeTestTask.java:155)
	at org.junit.platform.engine.support.hierarchical.ThrowableCollector.execute(ThrowableCollector.java:73)
	at org.junit.platform.engine.support.hierarchical.NodeTestTask.lambda$executeRecursively$8(NodeTestTask.java:141)
	at org.junit.platform.engine.support.hierarchical.Node.around(Node.java:137)
	at org.junit.platform.engine.support.hierarchical.NodeTestTask.lambda$executeRecursively$9(NodeTestTask.java:139)
	at org.junit.platform.engine.support.hierarchical.ThrowableCollector.execute(ThrowableCollector.java:73)
	at org.junit.platform.engine.support.hierarchical.NodeTestTask.executeRecursively(NodeTestTask.java:138)
	at org.junit.platform.engine.support.hierarchical.NodeTestTask.execute(NodeTestTask.java:95)
	at java.base/java.util.ArrayList.forEach(ArrayList.java:1541)
	at org.junit.platform.engine.support.hierarchical.SameThreadHierarchicalTestExecutorService.invokeAll(SameThreadHierarchicalTestExecutorService.java:41)
	at org.junit.platform.engine.support.hierarchical.NodeTestTask.lambda$executeRecursively$6(NodeTestTask.java:155)
	at org.junit.platform.engine.support.hierarchical.ThrowableCollector.execute(ThrowableCollector.java:73)
	at org.junit.platform.engine.support.hierarchical.NodeTestTask.lambda$executeRecursively$8(NodeTestTask.java:141)
	at org.junit.platform.engine.support.hierarchical.Node.around(Node.java:137)
	at org.junit.platform.engine.support.hierarchical.NodeTestTask.lambda$executeRecursively$9(NodeTestTask.java:139)
	at org.junit.platform.engine.support.hierarchical.ThrowableCollector.execute(ThrowableCollector.java:73)
	at org.junit.platform.engine.support.hierarchical.NodeTestTask.executeRecursively(NodeTestTask.java:138)
	at org.junit.platform.engine.support.hierarchical.NodeTestTask.execute(NodeTestTask.java:95)
	at org.junit.platform.engine.support.hierarchical.SameThreadHierarchicalTestExecutorService.submit(SameThreadHierarchicalTestExecutorService.java:35)
	at org.junit.platform.engine.support.hierarchical.HierarchicalTestExecutor.execute(HierarchicalTestExecutor.java:57)
	at org.junit.platform.engine.support.hierarchical.HierarchicalTestEngine.execute(HierarchicalTestEngine.java:54)
	at org.junit.platform.launcher.core.EngineExecutionOrchestrator.execute(EngineExecutionOrchestrator.java:107)
	at org.junit.platform.launcher.core.EngineExecutionOrchestrator.execute(EngineExecutionOrchestrator.java:88)
	at org.junit.platform.launcher.core.EngineExecutionOrchestrator.lambda$execute$0(EngineExecutionOrchestrator.java:54)
	at org.junit.platform.launcher.core.EngineExecutionOrchestrator.withInterceptedStreams(EngineExecutionOrchestrator.java:67)
	at org.junit.platform.launcher.core.EngineExecutionOrchestrator.execute(EngineExecutionOrchestrator.java:52)
	at org.junit.platform.launcher.core.DefaultLauncher.execute(DefaultLauncher.java:114)
	at org.junit.platform.launcher.core.DefaultLauncher.execute(DefaultLauncher.java:86)
	at org.junit.platform.launcher.core.DefaultLauncherSession$DelegatingLauncher.execute(DefaultLauncherSession.java:86)
	at org.junit.platform.launcher.core.SessionPerRequestLauncher.execute(SessionPerRequestLauncher.java:53)
	at com.intellij.junit5.JUnit5IdeaTestRunner.startRunnerWithArgs(JUnit5IdeaTestRunner.java:71)
	at com.intellij.rt.junit.IdeaTestRunner$Repeater$1.execute(IdeaTestRunner.java:38)
	at com.intellij.rt.execution.junit.TestsRepeater.repeat(TestsRepeater.java:11)
	at com.intellij.rt.junit.IdeaTestRunner$Repeater.startRunnerWithArgs(IdeaTestRunner.java:35)
	at com.intellij.rt.junit.JUnitStarter.prepareStreamsAndStart(JUnitStarter.java:235)
	at com.intellij.rt.junit.JUnitStarter.main(JUnitStarter.java:54)
Caused by: java.lang.NullPointerException: null
	at com.safety.safetyNet.controller.SafetyNetFireStationController.postFireStation(SafetyNetFireStationController.java:99)
	at java.base/jdk.internal.reflect.NativeMethodAccessorImpl.invoke0(Native Method)
	at java.base/jdk.internal.reflect.NativeMethodAccessorImpl.invoke(NativeMethodAccessorImpl.java:62)
	at java.base/jdk.internal.reflect.DelegatingMethodAccessorImpl.invoke(DelegatingMethodAccessorImpl.java:43)
	at java.base/java.lang.reflect.Method.invoke(Method.java:566)
	at org.springframework.web.method.support.InvocableHandlerMethod.doInvoke(InvocableHandlerMethod.java:205)
	at org.springframework.web.method.support.InvocableHandlerMethod.invokeForRequest(InvocableHandlerMethod.java:150)
	at org.springframework.web.servlet.mvc.method.annotation.ServletInvocableHandlerMethod.invokeAndHandle(ServletInvocableHandlerMethod.java:117)
	at org.springframework.web.servlet.mvc.method.annotation.RequestMappingHandlerAdapter.invokeHandlerMethod(RequestMappingHandlerAdapter.java:895)
	at org.springframework.web.servlet.mvc.method.annotation.RequestMappingHandlerAdapter.handleInternal(RequestMappingHandlerAdapter.java:808)
	at org.springframework.web.servlet.mvc.method.AbstractHandlerMethodAdapter.handle(AbstractHandlerMethodAdapter.java:87)
	at org.springframework.web.servlet.DispatcherServlet.doDispatch(DispatcherServlet.java:1070)
	at org.springframework.web.servlet.DispatcherServlet.doService(DispatcherServlet.java:963)
	at org.springframework.web.servlet.FrameworkServlet.processRequest(FrameworkServlet.java:1006)
	... 87 common frames omitted

01/08/2022 19:08:42 INFO com.safety.safetyNet.controller.SafetyNetFireStationController
 Requête reçue -> getFireStationNumber :3

01/08/2022 19:08:42 INFO com.safety.safetyNet.controller.SafetyNetFireStationController
 Objet retourné -> getFireStationNumber :[]

01/08/2022 19:08:42 INFO com.safety.safetyNet.controller.SafetyNetPersonController
 Requête reçue -> getMedicalRecordsOfThisPerson :Prénom:Jonanathan,Nom:Marrack

01/08/2022 19:08:42 INFO com.safety.safetyNet.controller.SafetyNetPersonController
 Objet retourné -> getMedicalRecordsOfThisPerson :[PersonInfo(lastName=Marrack, address=29 15th St, age=33, email=drk@email.com, medications=[], allergies=[])]

01/08/2022 19:08:42 INFO com.safety.safetyNet.controller.SafetyNetPersonController
 Requête reçue -> getMedicalRecordsOfThisPerson :Prénom:Jonan,Nom:Marrac

01/08/2022 19:08:42 INFO com.safety.safetyNet.controller.SafetyNetPersonController
 Objet retourné -> getMedicalRecordsOfThisPerson :[]

01/08/2022 19:08:42 INFO org.springframework.boot.StartupInfoLogger
 Starting SafetyNetChildrenControllerTest using Java 11.0.16 on MSI with PID 19960 (started by froid in C:\Users\froid\OneDrive\Bureau\OpenClassRooms\safetyNet)

01/08/2022 19:08:42 INFO org.springframework.boot.SpringApplication
 The following 1 profile is active: "test"

01/08/2022 19:08:42 INFO org.springframework.boot.StartupInfoLogger
 Started SafetyNetChildrenControllerTest in 0.701 seconds (JVM running for 21.266)

01/08/2022 19:08:42 INFO com.safety.safetyNet.controller.SafetyNetChildrenController
 Requête reçue -> getAddressChild :1509 Culver St

01/08/2022 19:08:42 INFO com.safety.safetyNet.controller.SafetyNetChildrenController
 Objet retourné -> getAddressChild :[]

01/08/2022 19:08:42 INFO com.safety.safetyNet.controller.SafetyNetFireStationController
 Requête reçue -> getHabitantAtThisAdrdress :1509 Culver St

01/08/2022 19:08:42 INFO com.safety.safetyNet.controller.SafetyNetFireStationController
 Objet retourné -> getHabitantAtThisAdrdress :[ResponsePersonsByAddress(personsMedicals=[PersonsMedical(lastName=Boyd, phone=841-874-6512, age=38, medications=[aznol:350mg, hydrapermazol:100mg], allergies=[nillacilan]), PersonsMedical(lastName=Boyd, phone=841-874-6513, age=33, medications=[pharmacol:5000mg, terazine:10mg, noznazol:250mg], allergies=[]), PersonsMedical(lastName=Boyd, phone=841-874-6512, age=9, medications=[], allergies=[peanut]), PersonsMedical(lastName=Boyd, phone=841-874-6512, age=5, medications=[], allergies=[]), PersonsMedical(lastName=Boyd, phone=841-874-6544, age=36, medications=[tetracyclaz:650mg], allergies=[xilliathal])], station=Station(station=3))]

01/08/2022 19:08:43 INFO com.safety.safetyNet.controller.SafetyNetFireStationController
 Requête reçue -> getHabitantAtThisAdrdress :1509 Culver 

01/08/2022 19:08:43 INFO com.safety.safetyNet.controller.SafetyNetFireStationController
 Objet retourné -> getHabitantAtThisAdrdress :[]

01/08/2022 19:08:43 INFO com.safety.safetyNet.controller.SafetyNetMailController
 Requête reçue -> getMailAllPersons :Culver

01/08/2022 19:08:43 INFO com.safety.safetyNet.controller.SafetyNetMailController
 Objet retourné -> getMailAllPersons :[aly@imail.com, bstel@email.com, clivfd@ymail.com, drk@email.com, gramps@email.com, jaboyd@email.com, jpeter@email.com, lily@email.com, reg@email.com, soph@email.com, ssanw@email.com, tcoop@ymail.com, tenz@email.com, ward@email.com, zarc@email.com]

01/08/2022 19:08:43 INFO com.safety.safetyNet.controller.SafetyNetMailController
 Requête reçue -> getMailAllPersons :Culve

01/08/2022 19:08:43 INFO com.safety.safetyNet.controller.SafetyNetMailController
 Objet retourné -> getMailAllPersons :[]

01/08/2022 19:08:25 INFO org.springframework.boot.StartupInfoLogger
 Starting SafetyNetPhoneControllerTest using Java 11.0.16 on MSI with PID 19864 (started by froid in C:\Users\froid\OneDrive\Bureau\OpenClassRooms\safetyNet)

01/08/2022 19:08:25 INFO org.springframework.boot.SpringApplication
 The following 1 profile is active: "test"

01/08/2022 19:08:28 INFO org.springframework.boot.StartupInfoLogger
 Started SafetyNetPhoneControllerTest in 3.647 seconds (JVM running for 8.686)

01/08/2022 19:08:28 INFO com.safety.safetyNet.controller.SafetyNetPhoneController
 Requête reçue -> getNumberPhone :4

01/08/2022 19:08:28 INFO com.safety.safetyNet.controller.SafetyNetPhoneController
 Objet retourné -> getNumberPhone :[]

01/08/2022 19:08:48 INFO org.springframework.boot.StartupInfoLogger
 Starting SafetyNetChildrenControllerTest using Java 11.0.16 on MSI with PID 19804 (started by froid in C:\Users\froid\OneDrive\Bureau\OpenClassRooms\safetyNet)

01/08/2022 19:08:48 INFO org.springframework.boot.SpringApplication
 The following 1 profile is active: "test"

01/08/2022 19:08:51 INFO org.springframework.boot.StartupInfoLogger
 Started SafetyNetChildrenControllerTest in 3.316 seconds (JVM running for 4.763)

01/08/2022 19:08:51 INFO com.safety.safetyNet.controller.SafetyNetChildrenController
 Requête reçue -> getAddressChild :1509 Culver St

01/08/2022 19:08:51 INFO com.safety.safetyNet.controller.SafetyNetChildrenController
 Objet retourné -> getAddressChild :[]

01/08/2022 19:08:52 INFO com.safety.safetyNet.controller.SafetyNetChildrenController
 Requête reçue -> getAddressChild :1509 Culver St

01/08/2022 19:08:52 INFO com.safety.safetyNet.controller.SafetyNetChildrenController
 Objet retourné -> getAddressChild :[PersonsByAddress(siblings=Siblings(children=[PersonsChildren(firstName=Tenley, lastName=Boyd, age=9), PersonsChildren(firstName=Roger, lastName=Boyd, age=5)]), adult=[PersonsAdult(firstName=John, lastName=Boyd), PersonsAdult(firstName=Jacob, lastName=Boyd), PersonsAdult(firstName=Felicia, lastName=Boyd)])]

01/08/2022 19:08:09 INFO org.springframework.boot.StartupInfoLogger
 Starting SafetyNetChildrenControllerTest using Java 11.0.16 on MSI with PID 6296 (started by froid in C:\Users\froid\OneDrive\Bureau\OpenClassRooms\safetyNet)

01/08/2022 19:08:09 INFO org.springframework.boot.SpringApplication
 The following 1 profile is active: "test"

01/08/2022 19:08:11 INFO org.springframework.boot.StartupInfoLogger
 Started SafetyNetChildrenControllerTest in 3.538 seconds (JVM running for 8.517)

01/08/2022 19:08:12 INFO com.safety.safetyNet.controller.SafetyNetChildrenController
 Requête reçue -> getAddressChild :1509 Culver St

01/08/2022 19:08:12 INFO com.safety.safetyNet.controller.SafetyNetChildrenController
 Objet retourné -> getAddressChild :[]

01/08/2022 19:08:53 INFO org.springframework.boot.StartupInfoLogger
 Starting SafetyNetChildrenControllerTest using Java 11.0.16 on MSI with PID 21440 (started by froid in C:\Users\froid\OneDrive\Bureau\OpenClassRooms\safetyNet)

01/08/2022 19:08:53 INFO org.springframework.boot.SpringApplication
 The following 1 profile is active: "test"

01/08/2022 19:08:56 INFO org.springframework.boot.StartupInfoLogger
 Started SafetyNetChildrenControllerTest in 3.493 seconds (JVM running for 8.702)

01/08/2022 19:08:56 INFO com.safety.safetyNet.controller.SafetyNetChildrenController
 Requête reçue -> getAddressChild :1509 Culver St

01/08/2022 19:08:56 INFO com.safety.safetyNet.controller.SafetyNetChildrenController
 Objet retourné -> getAddressChild :[]

01/08/2022 19:08:45 INFO org.springframework.boot.StartupInfoLogger
 Starting SafetyNetChildrenControllerTest using Java 11.0.16 on MSI with PID 16424 (started by froid in C:\Users\froid\OneDrive\Bureau\OpenClassRooms\safetyNet)

01/08/2022 19:08:45 INFO org.springframework.boot.SpringApplication
 The following 1 profile is active: "test"

01/08/2022 19:08:48 INFO org.springframework.boot.StartupInfoLogger
 Started SafetyNetChildrenControllerTest in 3.879 seconds (JVM running for 5.574)

01/08/2022 19:08:48 INFO com.safety.safetyNet.controller.SafetyNetChildrenController
 Requête reçue -> getAddressChild :1509 Culver St

01/08/2022 19:08:48 INFO com.safety.safetyNet.controller.SafetyNetChildrenController
 Objet retourné -> getAddressChild :[]

01/08/2022 19:08:18 INFO org.springframework.boot.StartupInfoLogger
 Starting PersonInfoIT using Java 11.0.16 on MSI with PID 19028 (started by froid in C:\Users\froid\OneDrive\Bureau\OpenClassRooms\safetyNet)

01/08/2022 19:08:18 INFO org.springframework.boot.SpringApplication
 The following 1 profile is active: "test"

01/08/2022 19:08:22 INFO org.springframework.boot.StartupInfoLogger
 Started PersonInfoIT in 4.594 seconds (JVM running for 9.682)

01/08/2022 19:08:23 INFO com.safety.safetyNet.controller.SafetyNetPersonController
 Requête reçue -> getMedicalRecordsOfThisPerson :Prénom:Jonan,Nom:Marrac

01/08/2022 19:08:23 INFO com.safety.safetyNet.controller.SafetyNetPersonController
 Objet retourné -> getMedicalRecordsOfThisPerson :[]

01/08/2022 19:08:56 INFO org.springframework.boot.StartupInfoLogger
 Starting PhoneAlertIT using Java 11.0.16 on MSI with PID 9416 (started by froid in C:\Users\froid\OneDrive\Bureau\OpenClassRooms\safetyNet)

01/08/2022 19:08:56 INFO org.springframework.boot.SpringApplication
 The following 1 profile is active: "test"

01/08/2022 19:08:01 INFO org.springframework.boot.StartupInfoLogger
 Started PhoneAlertIT in 5.523 seconds (JVM running for 11.107)

01/08/2022 19:08:02 INFO com.safety.safetyNet.controller.SafetyNetPhoneController
 Requête reçue -> getNumberPhone :5

01/08/2022 19:08:02 INFO com.safety.safetyNet.controller.SafetyNetPhoneController
 Objet retourné -> getNumberPhone :[]

01/08/2022 19:08:37 INFO org.springframework.boot.StartupInfoLogger
 Starting FloodStationIT using Java 11.0.16 on MSI with PID 7360 (started by froid in C:\Users\froid\OneDrive\Bureau\OpenClassRooms\safetyNet)

01/08/2022 19:08:37 INFO org.springframework.boot.SpringApplication
 The following 1 profile is active: "test"

01/08/2022 19:08:41 INFO org.springframework.boot.StartupInfoLogger
 Started FloodStationIT in 5.369 seconds (JVM running for 11.201)

01/08/2022 19:08:42 INFO com.safety.safetyNet.controller.SafetyNetFireStationController
 Requête reçue -> getHomesAtThisStationNumber :5

01/08/2022 19:08:42 INFO com.safety.safetyNet.controller.SafetyNetFireStationController
 Objet retourné -> getHomesAtThisStationNumber :[]

01/08/2022 19:08:09 INFO org.springframework.boot.StartupInfoLogger
 Starting FireStationIT using Java 11.0.16 on MSI with PID 20808 (started by froid in C:\Users\froid\OneDrive\Bureau\OpenClassRooms\safetyNet)

01/08/2022 19:08:09 INFO org.springframework.boot.SpringApplication
 The following 1 profile is active: "test"

01/08/2022 19:08:14 INFO org.springframework.boot.StartupInfoLogger
 Started FireStationIT in 5.257 seconds (JVM running for 11.097)

01/08/2022 19:08:15 INFO com.safety.safetyNet.controller.SafetyNetFireStationController
 Requête reçue -> getFireStationNumber :5

01/08/2022 19:08:15 INFO com.safety.safetyNet.controller.SafetyNetFireStationController
 Objet retourné -> getFireStationNumber :[]

01/08/2022 19:08:07 INFO org.springframework.boot.StartupInfoLogger
 Starting FireIT using Java 11.0.16 on MSI with PID 11312 (started by froid in C:\Users\froid\OneDrive\Bureau\OpenClassRooms\safetyNet)

01/08/2022 19:08:07 INFO org.springframework.boot.SpringApplication
 The following 1 profile is active: "test"

01/08/2022 19:08:12 INFO org.springframework.boot.StartupInfoLogger
 Started FireIT in 5.562 seconds (JVM running for 11.61)

01/08/2022 19:08:13 INFO com.safety.safetyNet.controller.SafetyNetFireStationController
 Requête reçue -> getHabitantAtThisAdrdress :1509 Culver 

01/08/2022 19:08:13 INFO com.safety.safetyNet.controller.SafetyNetFireStationController
 Objet retourné -> getHabitantAtThisAdrdress :[]

01/08/2022 19:08:36 INFO org.springframework.boot.StartupInfoLogger
 Starting CommunityEmailIT using Java 11.0.16 on MSI with PID 7356 (started by froid in C:\Users\froid\OneDrive\Bureau\OpenClassRooms\safetyNet)

01/08/2022 19:08:36 INFO org.springframework.boot.SpringApplication
 The following 1 profile is active: "test"

01/08/2022 19:08:41 INFO org.springframework.boot.StartupInfoLogger
 Started CommunityEmailIT in 5.244 seconds (JVM running for 10.588)

01/08/2022 19:08:41 INFO com.safety.safetyNet.controller.SafetyNetMailController
 Requête reçue -> getMailAllPersons :Culve

01/08/2022 19:08:41 INFO com.safety.safetyNet.controller.SafetyNetMailController
 Objet retourné -> getMailAllPersons :[]

01/08/2022 19:08:13 INFO org.springframework.boot.StartupInfoLogger
 Starting ChildAlertIT using Java 11.0.16 on MSI with PID 5864 (started by froid in C:\Users\froid\OneDrive\Bureau\OpenClassRooms\safetyNet)

01/08/2022 19:08:13 INFO org.springframework.boot.SpringApplication
 The following 1 profile is active: "test"

01/08/2022 19:08:18 INFO org.springframework.boot.StartupInfoLogger
 Started ChildAlertIT in 5.643 seconds (JVM running for 11.454)

01/08/2022 19:08:19 INFO com.safety.safetyNet.controller.SafetyNetChildrenController
 Requête reçue -> getAddressChild :1509 Culver 

01/08/2022 19:08:19 INFO com.safety.safetyNet.controller.SafetyNetChildrenController
 Objet retourné -> getAddressChild :[]

01/08/2022 19:08:21 INFO org.springframework.boot.StartupInfoLogger
 Starting SafetyNetChildrenControllerTest using Java 11.0.16 on MSI with PID 21336 (started by froid in C:\Users\froid\OneDrive\Bureau\OpenClassRooms\safetyNet)

01/08/2022 19:08:21 INFO org.springframework.boot.SpringApplication
 The following 1 profile is active: "test"

01/08/2022 19:08:24 INFO org.springframework.boot.StartupInfoLogger
 Started SafetyNetChildrenControllerTest in 4.157 seconds (JVM running for 6.242)

01/08/2022 19:08:24 INFO com.safety.safetyNet.controller.SafetyNetChildrenController
 Requête reçue -> getAddressChild :1509 Culver St

01/08/2022 19:08:24 INFO com.safety.safetyNet.controller.SafetyNetChildrenController
 Objet retourné -> getAddressChild :[]

01/08/2022 19:08:49 INFO org.springframework.boot.StartupInfoLogger
 Starting SafetyNetChildrenControllerTest using Java 11.0.16 on MSI with PID 14460 (started by froid in C:\Users\froid\OneDrive\Bureau\OpenClassRooms\safetyNet)

01/08/2022 19:08:49 INFO org.springframework.boot.SpringApplication
 The following 1 profile is active: "test"

01/08/2022 19:08:52 INFO org.springframework.boot.StartupInfoLogger
 Started SafetyNetChildrenControllerTest in 3.494 seconds (JVM running for 9.096)

01/08/2022 19:08:52 INFO com.safety.safetyNet.controller.SafetyNetChildrenController
 Requête reçue -> getAddressChild :1509 Culver S

01/08/2022 19:08:52 INFO com.safety.safetyNet.controller.SafetyNetChildrenController
 Objet retourné -> getAddressChild :[]

01/08/2022 19:08:28 INFO org.springframework.boot.StartupInfoLogger
 Starting SafetyNetPhoneControllerTest using Java 11.0.16 on MSI with PID 20928 (started by froid in C:\Users\froid\OneDrive\Bureau\OpenClassRooms\safetyNet)

01/08/2022 19:08:28 INFO org.springframework.boot.SpringApplication
 The following 1 profile is active: "test"

01/08/2022 19:08:31 INFO org.springframework.boot.StartupInfoLogger
 Started SafetyNetPhoneControllerTest in 3.633 seconds (JVM running for 9.432)

01/08/2022 19:08:31 INFO com.safety.safetyNet.controller.SafetyNetPhoneController
 Requête reçue -> getNumberPhone :4

01/08/2022 19:08:31 INFO com.safety.safetyNet.controller.SafetyNetPhoneController
 Objet retourné -> getNumberPhone :[]

01/08/2022 19:08:31 INFO org.springframework.boot.StartupInfoLogger
 Starting SafetyNetFireStationControllerTest using Java 11.0.16 on MSI with PID 20928 (started by froid in C:\Users\froid\OneDrive\Bureau\OpenClassRooms\safetyNet)

01/08/2022 19:08:31 INFO org.springframework.boot.SpringApplication
 The following 1 profile is active: "test"

01/08/2022 19:08:32 INFO org.springframework.boot.StartupInfoLogger
 Started SafetyNetFireStationControllerTest in 1.004 seconds (JVM running for 10.665)

01/08/2022 19:08:32 INFO com.safety.safetyNet.controller.SafetyNetFireStationController
 Requête reçue -> putFireStation :FireStations(address=chemin d'enbiane, station=5)

01/08/2022 19:08:32 INFO com.safety.safetyNet.controller.SafetyNetFireStationController
 Requête reçue -> getHabitantAtThisAdrdress :1509 Culver St

01/08/2022 19:08:32 INFO com.safety.safetyNet.controller.SafetyNetFireStationController
 Objet retourné -> getHabitantAtThisAdrdress :[]

01/08/2022 19:08:32 INFO com.safety.safetyNet.controller.SafetyNetFireStationController
 Requête reçue -> getHomesAtThisStationNumber :3

01/08/2022 19:08:32 INFO com.safety.safetyNet.controller.SafetyNetFireStationController
 Objet retourné -> getHomesAtThisStationNumber :[]

01/08/2022 19:08:32 INFO com.safety.safetyNet.controller.SafetyNetFireStationController
 Requête reçue -> deleteFireStation :FireStations(address=chemin d'enbiane, station=)

01/08/2022 19:08:32 INFO com.safety.safetyNet.controller.SafetyNetFireStationController
 Requête reçue -> postFireStation :FireStations(address=chemin d'enbiane, station=2)

01/08/2022 19:08:32 ERROR com.safety.safetyNet.controller.SafetyNetFireStationControllerTest
 error :
org.springframework.web.util.NestedServletException: Request processing failed; nested exception is java.lang.NullPointerException
	at org.springframework.web.servlet.FrameworkServlet.processRequest(FrameworkServlet.java:1014)
	at org.springframework.web.servlet.FrameworkServlet.doPost(FrameworkServlet.java:909)
	at javax.servlet.http.HttpServlet.service(HttpServlet.java:681)
	at org.springframework.web.servlet.FrameworkServlet.service(FrameworkServlet.java:883)
	at org.springframework.test.web.servlet.TestDispatcherServlet.service(TestDispatcherServlet.java:72)
	at javax.servlet.http.HttpServlet.service(HttpServlet.java:764)
	at org.springframework.mock.web.MockFilterChain$ServletFilterProxy.doFilter(MockFilterChain.java:167)
	at org.springframework.mock.web.MockFilterChain.doFilter(MockFilterChain.java:134)
	at org.springframework.web.filter.RequestContextFilter.doFilterInternal(RequestContextFilter.java:100)
	at org.springframework.web.filter.OncePerRequestFilter.doFilter(OncePerRequestFilter.java:117)
	at org.springframework.mock.web.MockFilterChain.doFilter(MockFilterChain.java:134)
	at org.springframework.web.filter.FormContentFilter.doFilterInternal(FormContentFilter.java:93)
	at org.springframework.web.filter.OncePerRequestFilter.doFilter(OncePerRequestFilter.java:117)
	at org.springframework.mock.web.MockFilterChain.doFilter(MockFilterChain.java:134)
	at org.springframework.web.filter.CharacterEncodingFilter.doFilterInternal(CharacterEncodingFilter.java:201)
	at org.springframework.web.filter.OncePerRequestFilter.doFilter(OncePerRequestFilter.java:117)
	at org.springframework.mock.web.MockFilterChain.doFilter(MockFilterChain.java:134)
	at org.springframework.test.web.servlet.MockMvc.perform(MockMvc.java:199)
	at com.safety.safetyNet.controller.SafetyNetFireStationControllerTest.testPostNewFireStation(SafetyNetFireStationControllerTest.java:68)
	at java.base/jdk.internal.reflect.NativeMethodAccessorImpl.invoke0(Native Method)
	at java.base/jdk.internal.reflect.NativeMethodAccessorImpl.invoke(NativeMethodAccessorImpl.java:62)
	at java.base/jdk.internal.reflect.DelegatingMethodAccessorImpl.invoke(DelegatingMethodAccessorImpl.java:43)
	at java.base/java.lang.reflect.Method.invoke(Method.java:566)
	at org.junit.platform.commons.util.ReflectionUtils.invokeMethod(ReflectionUtils.java:725)
	at org.junit.jupiter.engine.execution.MethodInvocation.proceed(MethodInvocation.java:60)
	at org.junit.jupiter.engine.execution.InvocationInterceptorChain$ValidatingInvocation.proceed(InvocationInterceptorChain.java:131)
	at org.junit.jupiter.engine.extension.TimeoutExtension.intercept(TimeoutExtension.java:149)
	at org.junit.jupiter.engine.extension.TimeoutExtension.interceptTestableMethod(TimeoutExtension.java:140)
	at org.junit.jupiter.engine.extension.TimeoutExtension.interceptTestMethod(TimeoutExtension.java:84)
	at org.junit.jupiter.engine.execution.ExecutableInvoker$ReflectiveInterceptorCall.lambda$ofVoidMethod$0(ExecutableInvoker.java:115)
	at org.junit.jupiter.engine.execution.ExecutableInvoker.lambda$invoke$0(ExecutableInvoker.java:105)
	at org.junit.jupiter.engine.execution.InvocationInterceptorChain$InterceptedInvocation.proceed(InvocationInterceptorChain.java:106)
	at org.junit.jupiter.engine.execution.InvocationInterceptorChain.proceed(InvocationInterceptorChain.java:64)
	at org.junit.jupiter.engine.execution.InvocationInterceptorChain.chainAndInvoke(InvocationInterceptorChain.java:45)
	at org.junit.jupiter.engine.execution.InvocationInterceptorChain.invoke(InvocationInterceptorChain.java:37)
	at org.junit.jupiter.engine.execution.ExecutableInvoker.invoke(ExecutableInvoker.java:104)
	at org.junit.jupiter.engine.execution.ExecutableInvoker.invoke(ExecutableInvoker.java:98)
	at org.junit.jupiter.engine.descriptor.TestMethodTestDescriptor.lambda$invokeTestMethod$7(TestMethodTestDescriptor.java:214)
	at org.junit.platform.engine.support.hierarchical.ThrowableCollector.execute(ThrowableCollector.java:73)
	at org.junit.jupiter.engine.descriptor.TestMethodTestDescriptor.invokeTestMethod(TestMethodTestDescriptor.java:210)
	at org.junit.jupiter.engine.descriptor.TestMethodTestDescriptor.execute(TestMethodTestDescriptor.java:135)
	at org.junit.jupiter.engine.descriptor.TestMethodTestDescriptor.execute(TestMethodTestDescriptor.java:66)
	at org.junit.platform.engine.support.hierarchical.NodeTestTask.lambda$executeRecursively$6(NodeTestTask.java:151)
	at org.junit.platform.engine.support.hierarchical.ThrowableCollector.execute(ThrowableCollector.java:73)
	at org.junit.platform.engine.support.hierarchical.NodeTestTask.lambda$executeRecursively$8(NodeTestTask.java:141)
	at org.junit.platform.engine.support.hierarchical.Node.around(Node.java:137)
	at org.junit.platform.engine.support.hierarchical.NodeTestTask.lambda$executeRecursively$9(NodeTestTask.java:139)
	at org.junit.platform.engine.support.hierarchical.ThrowableCollector.execute(ThrowableCollector.java:73)
	at org.junit.platform.engine.support.hierarchical.NodeTestTask.executeRecursively(NodeTestTask.java:138)
	at org.junit.platform.engine.support.hierarchical.NodeTestTask.execute(NodeTestTask.java:95)
	at java.base/java.util.ArrayList.forEach(ArrayList.java:1541)
	at org.junit.platform.engine.support.hierarchical.SameThreadHierarchicalTestExecutorService.invokeAll(SameThreadHierarchicalTestExecutorService.java:41)
	at org.junit.platform.engine.support.hierarchical.NodeTestTask.lambda$executeRecursively$6(NodeTestTask.java:155)
	at org.junit.platform.engine.support.hierarchical.ThrowableCollector.execute(ThrowableCollector.java:73)
	at org.junit.platform.engine.support.hierarchical.NodeTestTask.lambda$executeRecursively$8(NodeTestTask.java:141)
	at org.junit.platform.engine.support.hierarchical.Node.around(Node.java:137)
	at org.junit.platform.engine.support.hierarchical.NodeTestTask.lambda$executeRecursively$9(NodeTestTask.java:139)
	at org.junit.platform.engine.support.hierarchical.ThrowableCollector.execute(ThrowableCollector.java:73)
	at org.junit.platform.engine.support.hierarchical.NodeTestTask.executeRecursively(NodeTestTask.java:138)
	at org.junit.platform.engine.support.hierarchical.NodeTestTask.execute(NodeTestTask.java:95)
	at java.base/java.util.ArrayList.forEach(ArrayList.java:1541)
	at org.junit.platform.engine.support.hierarchical.SameThreadHierarchicalTestExecutorService.invokeAll(SameThreadHierarchicalTestExecutorService.java:41)
	at org.junit.platform.engine.support.hierarchical.NodeTestTask.lambda$executeRecursively$6(NodeTestTask.java:155)
	at org.junit.platform.engine.support.hierarchical.ThrowableCollector.execute(ThrowableCollector.java:73)
	at org.junit.platform.engine.support.hierarchical.NodeTestTask.lambda$executeRecursively$8(NodeTestTask.java:141)
	at org.junit.platform.engine.support.hierarchical.Node.around(Node.java:137)
	at org.junit.platform.engine.support.hierarchical.NodeTestTask.lambda$executeRecursively$9(NodeTestTask.java:139)
	at org.junit.platform.engine.support.hierarchical.ThrowableCollector.execute(ThrowableCollector.java:73)
	at org.junit.platform.engine.support.hierarchical.NodeTestTask.executeRecursively(NodeTestTask.java:138)
	at org.junit.platform.engine.support.hierarchical.NodeTestTask.execute(NodeTestTask.java:95)
	at org.junit.platform.engine.support.hierarchical.SameThreadHierarchicalTestExecutorService.submit(SameThreadHierarchicalTestExecutorService.java:35)
	at org.junit.platform.engine.support.hierarchical.HierarchicalTestExecutor.execute(HierarchicalTestExecutor.java:57)
	at org.junit.platform.engine.support.hierarchical.HierarchicalTestEngine.execute(HierarchicalTestEngine.java:54)
	at org.junit.platform.launcher.core.EngineExecutionOrchestrator.execute(EngineExecutionOrchestrator.java:107)
	at org.junit.platform.launcher.core.EngineExecutionOrchestrator.execute(EngineExecutionOrchestrator.java:88)
	at org.junit.platform.launcher.core.EngineExecutionOrchestrator.lambda$execute$0(EngineExecutionOrchestrator.java:54)
	at org.junit.platform.launcher.core.EngineExecutionOrchestrator.withInterceptedStreams(EngineExecutionOrchestrator.java:67)
	at org.junit.platform.launcher.core.EngineExecutionOrchestrator.execute(EngineExecutionOrchestrator.java:52)
	at org.junit.platform.launcher.core.DefaultLauncher.execute(DefaultLauncher.java:114)
	at org.junit.platform.launcher.core.DefaultLauncher.execute(DefaultLauncher.java:86)
	at org.junit.platform.launcher.core.DefaultLauncherSession$DelegatingLauncher.execute(DefaultLauncherSession.java:86)
	at org.junit.platform.launcher.core.SessionPerRequestLauncher.execute(SessionPerRequestLauncher.java:53)
	at com.intellij.junit5.JUnit5IdeaTestRunner.startRunnerWithArgs(JUnit5IdeaTestRunner.java:71)
	at com.intellij.rt.junit.IdeaTestRunner$Repeater$1.execute(IdeaTestRunner.java:38)
	at com.intellij.rt.execution.junit.TestsRepeater.repeat(TestsRepeater.java:11)
	at com.intellij.rt.junit.IdeaTestRunner$Repeater.startRunnerWithArgs(IdeaTestRunner.java:35)
	at com.intellij.rt.junit.JUnitStarter.prepareStreamsAndStart(JUnitStarter.java:235)
	at com.intellij.rt.junit.JUnitStarter.main(JUnitStarter.java:54)
Caused by: java.lang.NullPointerException: null
	at com.safety.safetyNet.controller.SafetyNetFireStationController.postFireStation(SafetyNetFireStationController.java:99)
	at java.base/jdk.internal.reflect.NativeMethodAccessorImpl.invoke0(Native Method)
	at java.base/jdk.internal.reflect.NativeMethodAccessorImpl.invoke(NativeMethodAccessorImpl.java:62)
	at java.base/jdk.internal.reflect.DelegatingMethodAccessorImpl.invoke(DelegatingMethodAccessorImpl.java:43)
	at java.base/java.lang.reflect.Method.invoke(Method.java:566)
	at org.springframework.web.method.support.InvocableHandlerMethod.doInvoke(InvocableHandlerMethod.java:205)
	at org.springframework.web.method.support.InvocableHandlerMethod.invokeForRequest(InvocableHandlerMethod.java:150)
	at org.springframework.web.servlet.mvc.method.annotation.ServletInvocableHandlerMethod.invokeAndHandle(ServletInvocableHandlerMethod.java:117)
	at org.springframework.web.servlet.mvc.method.annotation.RequestMappingHandlerAdapter.invokeHandlerMethod(RequestMappingHandlerAdapter.java:895)
	at org.springframework.web.servlet.mvc.method.annotation.RequestMappingHandlerAdapter.handleInternal(RequestMappingHandlerAdapter.java:808)
	at org.springframework.web.servlet.mvc.method.AbstractHandlerMethodAdapter.handle(AbstractHandlerMethodAdapter.java:87)
	at org.springframework.web.servlet.DispatcherServlet.doDispatch(DispatcherServlet.java:1070)
	at org.springframework.web.servlet.DispatcherServlet.doService(DispatcherServlet.java:963)
	at org.springframework.web.servlet.FrameworkServlet.processRequest(FrameworkServlet.java:1006)
	... 87 common frames omitted

01/08/2022 19:08:32 INFO com.safety.safetyNet.controller.SafetyNetFireStationController
 Requête reçue -> getFireStationNumber :3

01/08/2022 19:08:32 INFO com.safety.safetyNet.controller.SafetyNetFireStationController
 Objet retourné -> getFireStationNumber :[]

01/08/2022 19:08:32 INFO org.springframework.boot.StartupInfoLogger
 Starting SafetyNetMedicalRecordControllerTest using Java 11.0.16 on MSI with PID 20928 (started by froid in C:\Users\froid\OneDrive\Bureau\OpenClassRooms\safetyNet)

01/08/2022 19:08:32 INFO org.springframework.boot.SpringApplication
 The following 1 profile is active: "test"

01/08/2022 19:08:33 INFO org.springframework.boot.StartupInfoLogger
 Started SafetyNetMedicalRecordControllerTest in 0.839 seconds (JVM running for 11.729)

01/08/2022 19:08:33 ERROR com.safety.safetyNet.controller.SafetyNetMedicalRecordControllerTest
 error :
org.springframework.web.util.NestedServletException: Request processing failed; nested exception is javax.validation.UnexpectedTypeException: HV000030: No validator could be found for constraint 'javax.validation.constraints.Past' validating type 'java.lang.String'. Check configuration for 'birthdate'
	at org.springframework.web.servlet.FrameworkServlet.processRequest(FrameworkServlet.java:1014)
	at org.springframework.web.servlet.FrameworkServlet.doPut(FrameworkServlet.java:920)
	at javax.servlet.http.HttpServlet.service(HttpServlet.java:684)
	at org.springframework.web.servlet.FrameworkServlet.service(FrameworkServlet.java:883)
	at org.springframework.test.web.servlet.TestDispatcherServlet.service(TestDispatcherServlet.java:72)
	at javax.servlet.http.HttpServlet.service(HttpServlet.java:764)
	at org.springframework.mock.web.MockFilterChain$ServletFilterProxy.doFilter(MockFilterChain.java:167)
	at org.springframework.mock.web.MockFilterChain.doFilter(MockFilterChain.java:134)
	at org.springframework.web.filter.RequestContextFilter.doFilterInternal(RequestContextFilter.java:100)
	at org.springframework.web.filter.OncePerRequestFilter.doFilter(OncePerRequestFilter.java:117)
	at org.springframework.mock.web.MockFilterChain.doFilter(MockFilterChain.java:134)
	at org.springframework.web.filter.FormContentFilter.doFilterInternal(FormContentFilter.java:93)
	at org.springframework.web.filter.OncePerRequestFilter.doFilter(OncePerRequestFilter.java:117)
	at org.springframework.mock.web.MockFilterChain.doFilter(MockFilterChain.java:134)
	at org.springframework.web.filter.CharacterEncodingFilter.doFilterInternal(CharacterEncodingFilter.java:201)
	at org.springframework.web.filter.OncePerRequestFilter.doFilter(OncePerRequestFilter.java:117)
	at org.springframework.mock.web.MockFilterChain.doFilter(MockFilterChain.java:134)
	at org.springframework.test.web.servlet.MockMvc.perform(MockMvc.java:199)
	at com.safety.safetyNet.controller.SafetyNetMedicalRecordControllerTest.testPutMedicalRecord(SafetyNetMedicalRecordControllerTest.java:50)
	at java.base/jdk.internal.reflect.NativeMethodAccessorImpl.invoke0(Native Method)
	at java.base/jdk.internal.reflect.NativeMethodAccessorImpl.invoke(NativeMethodAccessorImpl.java:62)
	at java.base/jdk.internal.reflect.DelegatingMethodAccessorImpl.invoke(DelegatingMethodAccessorImpl.java:43)
	at java.base/java.lang.reflect.Method.invoke(Method.java:566)
	at org.junit.platform.commons.util.ReflectionUtils.invokeMethod(ReflectionUtils.java:725)
	at org.junit.jupiter.engine.execution.MethodInvocation.proceed(MethodInvocation.java:60)
	at org.junit.jupiter.engine.execution.InvocationInterceptorChain$ValidatingInvocation.proceed(InvocationInterceptorChain.java:131)
	at org.junit.jupiter.engine.extension.TimeoutExtension.intercept(TimeoutExtension.java:149)
	at org.junit.jupiter.engine.extension.TimeoutExtension.interceptTestableMethod(TimeoutExtension.java:140)
	at org.junit.jupiter.engine.extension.TimeoutExtension.interceptTestMethod(TimeoutExtension.java:84)
	at org.junit.jupiter.engine.execution.ExecutableInvoker$ReflectiveInterceptorCall.lambda$ofVoidMethod$0(ExecutableInvoker.java:115)
	at org.junit.jupiter.engine.execution.ExecutableInvoker.lambda$invoke$0(ExecutableInvoker.java:105)
	at org.junit.jupiter.engine.execution.InvocationInterceptorChain$InterceptedInvocation.proceed(InvocationInterceptorChain.java:106)
	at org.junit.jupiter.engine.execution.InvocationInterceptorChain.proceed(InvocationInterceptorChain.java:64)
	at org.junit.jupiter.engine.execution.InvocationInterceptorChain.chainAndInvoke(InvocationInterceptorChain.java:45)
	at org.junit.jupiter.engine.execution.InvocationInterceptorChain.invoke(InvocationInterceptorChain.java:37)
	at org.junit.jupiter.engine.execution.ExecutableInvoker.invoke(ExecutableInvoker.java:104)
	at org.junit.jupiter.engine.execution.ExecutableInvoker.invoke(ExecutableInvoker.java:98)
	at org.junit.jupiter.engine.descriptor.TestMethodTestDescriptor.lambda$invokeTestMethod$7(TestMethodTestDescriptor.java:214)
	at org.junit.platform.engine.support.hierarchical.ThrowableCollector.execute(ThrowableCollector.java:73)
	at org.junit.jupiter.engine.descriptor.TestMethodTestDescriptor.invokeTestMethod(TestMethodTestDescriptor.java:210)
	at org.junit.jupiter.engine.descriptor.TestMethodTestDescriptor.execute(TestMethodTestDescriptor.java:135)
	at org.junit.jupiter.engine.descriptor.TestMethodTestDescriptor.execute(TestMethodTestDescriptor.java:66)
	at org.junit.platform.engine.support.hierarchical.NodeTestTask.lambda$executeRecursively$6(NodeTestTask.java:151)
	at org.junit.platform.engine.support.hierarchical.ThrowableCollector.execute(ThrowableCollector.java:73)
	at org.junit.platform.engine.support.hierarchical.NodeTestTask.lambda$executeRecursively$8(NodeTestTask.java:141)
	at org.junit.platform.engine.support.hierarchical.Node.around(Node.java:137)
	at org.junit.platform.engine.support.hierarchical.NodeTestTask.lambda$executeRecursively$9(NodeTestTask.java:139)
	at org.junit.platform.engine.support.hierarchical.ThrowableCollector.execute(ThrowableCollector.java:73)
	at org.junit.platform.engine.support.hierarchical.NodeTestTask.executeRecursively(NodeTestTask.java:138)
	at org.junit.platform.engine.support.hierarchical.NodeTestTask.execute(NodeTestTask.java:95)
	at java.base/java.util.ArrayList.forEach(ArrayList.java:1541)
	at org.junit.platform.engine.support.hierarchical.SameThreadHierarchicalTestExecutorService.invokeAll(SameThreadHierarchicalTestExecutorService.java:41)
	at org.junit.platform.engine.support.hierarchical.NodeTestTask.lambda$executeRecursively$6(NodeTestTask.java:155)
	at org.junit.platform.engine.support.hierarchical.ThrowableCollector.execute(ThrowableCollector.java:73)
	at org.junit.platform.engine.support.hierarchical.NodeTestTask.lambda$executeRecursively$8(NodeTestTask.java:141)
	at org.junit.platform.engine.support.hierarchical.Node.around(Node.java:137)
	at org.junit.platform.engine.support.hierarchical.NodeTestTask.lambda$executeRecursively$9(NodeTestTask.java:139)
	at org.junit.platform.engine.support.hierarchical.ThrowableCollector.execute(ThrowableCollector.java:73)
	at org.junit.platform.engine.support.hierarchical.NodeTestTask.executeRecursively(NodeTestTask.java:138)
	at org.junit.platform.engine.support.hierarchical.NodeTestTask.execute(NodeTestTask.java:95)
	at java.base/java.util.ArrayList.forEach(ArrayList.java:1541)
	at org.junit.platform.engine.support.hierarchical.SameThreadHierarchicalTestExecutorService.invokeAll(SameThreadHierarchicalTestExecutorService.java:41)
	at org.junit.platform.engine.support.hierarchical.NodeTestTask.lambda$executeRecursively$6(NodeTestTask.java:155)
	at org.junit.platform.engine.support.hierarchical.ThrowableCollector.execute(ThrowableCollector.java:73)
	at org.junit.platform.engine.support.hierarchical.NodeTestTask.lambda$executeRecursively$8(NodeTestTask.java:141)
	at org.junit.platform.engine.support.hierarchical.Node.around(Node.java:137)
	at org.junit.platform.engine.support.hierarchical.NodeTestTask.lambda$executeRecursively$9(NodeTestTask.java:139)
	at org.junit.platform.engine.support.hierarchical.ThrowableCollector.execute(ThrowableCollector.java:73)
	at org.junit.platform.engine.support.hierarchical.NodeTestTask.executeRecursively(NodeTestTask.java:138)
	at org.junit.platform.engine.support.hierarchical.NodeTestTask.execute(NodeTestTask.java:95)
	at org.junit.platform.engine.support.hierarchical.SameThreadHierarchicalTestExecutorService.submit(SameThreadHierarchicalTestExecutorService.java:35)
	at org.junit.platform.engine.support.hierarchical.HierarchicalTestExecutor.execute(HierarchicalTestExecutor.java:57)
	at org.junit.platform.engine.support.hierarchical.HierarchicalTestEngine.execute(HierarchicalTestEngine.java:54)
	at org.junit.platform.launcher.core.EngineExecutionOrchestrator.execute(EngineExecutionOrchestrator.java:107)
	at org.junit.platform.launcher.core.EngineExecutionOrchestrator.execute(EngineExecutionOrchestrator.java:88)
	at org.junit.platform.launcher.core.EngineExecutionOrchestrator.lambda$execute$0(EngineExecutionOrchestrator.java:54)
	at org.junit.platform.launcher.core.EngineExecutionOrchestrator.withInterceptedStreams(EngineExecutionOrchestrator.java:67)
	at org.junit.platform.launcher.core.EngineExecutionOrchestrator.execute(EngineExecutionOrchestrator.java:52)
	at org.junit.platform.launcher.core.DefaultLauncher.execute(DefaultLauncher.java:114)
	at org.junit.platform.launcher.core.DefaultLauncher.execute(DefaultLauncher.java:86)
	at org.junit.platform.launcher.core.DefaultLauncherSession$DelegatingLauncher.execute(DefaultLauncherSession.java:86)
	at org.junit.platform.launcher.core.SessionPerRequestLauncher.execute(SessionPerRequestLauncher.java:53)
	at com.intellij.junit5.JUnit5IdeaTestRunner.startRunnerWithArgs(JUnit5IdeaTestRunner.java:71)
	at com.intellij.rt.junit.IdeaTestRunner$Repeater$1.execute(IdeaTestRunner.java:38)
	at com.intellij.rt.execution.junit.TestsRepeater.repeat(TestsRepeater.java:11)
	at com.intellij.rt.junit.IdeaTestRunner$Repeater.startRunnerWithArgs(IdeaTestRunner.java:35)
	at com.intellij.rt.junit.JUnitStarter.prepareStreamsAndStart(JUnitStarter.java:235)
	at com.intellij.rt.junit.JUnitStarter.main(JUnitStarter.java:54)
Caused by: javax.validation.UnexpectedTypeException: HV000030: No validator could be found for constraint 'javax.validation.constraints.Past' validating type 'java.lang.String'. Check configuration for 'birthdate'
	at org.hibernate.validator.internal.engine.constraintvalidation.ConstraintTree.getExceptionForNullValidator(ConstraintTree.java:116)
	at org.hibernate.validator.internal.engine.constraintvalidation.ConstraintTree.getInitializedConstraintValidator(ConstraintTree.java:162)
	at org.hibernate.validator.internal.engine.constraintvalidation.SimpleConstraintTree.validateConstraints(SimpleConstraintTree.java:54)
	at org.hibernate.validator.internal.engine.constraintvalidation.ConstraintTree.validateConstraints(ConstraintTree.java:75)
	at org.hibernate.validator.internal.metadata.core.MetaConstraint.doValidateConstraint(MetaConstraint.java:130)
	at org.hibernate.validator.internal.metadata.core.MetaConstraint.validateConstraint(MetaConstraint.java:123)
	at org.hibernate.validator.internal.engine.ValidatorImpl.validateMetaConstraint(ValidatorImpl.java:555)
	at org.hibernate.validator.internal.engine.ValidatorImpl.validateConstraintsForSingleDefaultGroupElement(ValidatorImpl.java:518)
	at org.hibernate.validator.internal.engine.ValidatorImpl.validateConstraintsForDefaultGroup(ValidatorImpl.java:488)
	at org.hibernate.validator.internal.engine.ValidatorImpl.validateConstraintsForCurrentGroup(ValidatorImpl.java:450)
	at org.hibernate.validator.internal.engine.ValidatorImpl.validateInContext(ValidatorImpl.java:400)
	at org.hibernate.validator.internal.engine.ValidatorImpl.validate(ValidatorImpl.java:172)
	at org.springframework.validation.beanvalidation.SpringValidatorAdapter.validate(SpringValidatorAdapter.java:109)
	at org.springframework.boot.autoconfigure.validation.ValidatorAdapter.validate(ValidatorAdapter.java:66)
	at org.springframework.validation.DataBinder.validate(DataBinder.java:933)
	at org.springframework.web.servlet.mvc.method.annotation.AbstractMessageConverterMethodArgumentResolver.validateIfApplicable(AbstractMessageConverterMethodArgumentResolver.java:250)
	at org.springframework.web.servlet.mvc.method.annotation.RequestResponseBodyMethodProcessor.resolveArgument(RequestResponseBodyMethodProcessor.java:139)
	at org.springframework.web.method.support.HandlerMethodArgumentResolverComposite.resolveArgument(HandlerMethodArgumentResolverComposite.java:122)
	at org.springframework.web.method.support.InvocableHandlerMethod.getMethodArgumentValues(InvocableHandlerMethod.java:179)
	at org.springframework.web.method.support.InvocableHandlerMethod.invokeForRequest(InvocableHandlerMethod.java:146)
	at org.springframework.web.servlet.mvc.method.annotation.ServletInvocableHandlerMethod.invokeAndHandle(ServletInvocableHandlerMethod.java:117)
	at org.springframework.web.servlet.mvc.method.annotation.RequestMappingHandlerAdapter.invokeHandlerMethod(RequestMappingHandlerAdapter.java:895)
	at org.springframework.web.servlet.mvc.method.annotation.RequestMappingHandlerAdapter.handleInternal(RequestMappingHandlerAdapter.java:808)
	at org.springframework.web.servlet.mvc.method.AbstractHandlerMethodAdapter.handle(AbstractHandlerMethodAdapter.java:87)
	at org.springframework.web.servlet.DispatcherServlet.doDispatch(DispatcherServlet.java:1070)
	at org.springframework.web.servlet.DispatcherServlet.doService(DispatcherServlet.java:963)
	at org.springframework.web.servlet.FrameworkServlet.processRequest(FrameworkServlet.java:1006)
	... 87 common frames omitted

01/08/2022 19:08:33 ERROR com.safety.safetyNet.controller.SafetyNetMedicalRecordControllerTest
 error :
org.springframework.web.util.NestedServletException: Request processing failed; nested exception is javax.validation.UnexpectedTypeException: HV000030: No validator could be found for constraint 'javax.validation.constraints.Past' validating type 'java.lang.String'. Check configuration for 'birthdate'
	at org.springframework.web.servlet.FrameworkServlet.processRequest(FrameworkServlet.java:1014)
	at org.springframework.web.servlet.FrameworkServlet.doPost(FrameworkServlet.java:909)
	at javax.servlet.http.HttpServlet.service(HttpServlet.java:681)
	at org.springframework.web.servlet.FrameworkServlet.service(FrameworkServlet.java:883)
	at org.springframework.test.web.servlet.TestDispatcherServlet.service(TestDispatcherServlet.java:72)
	at javax.servlet.http.HttpServlet.service(HttpServlet.java:764)
	at org.springframework.mock.web.MockFilterChain$ServletFilterProxy.doFilter(MockFilterChain.java:167)
	at org.springframework.mock.web.MockFilterChain.doFilter(MockFilterChain.java:134)
	at org.springframework.web.filter.RequestContextFilter.doFilterInternal(RequestContextFilter.java:100)
	at org.springframework.web.filter.OncePerRequestFilter.doFilter(OncePerRequestFilter.java:117)
	at org.springframework.mock.web.MockFilterChain.doFilter(MockFilterChain.java:134)
	at org.springframework.web.filter.FormContentFilter.doFilterInternal(FormContentFilter.java:93)
	at org.springframework.web.filter.OncePerRequestFilter.doFilter(OncePerRequestFilter.java:117)
	at org.springframework.mock.web.MockFilterChain.doFilter(MockFilterChain.java:134)
	at org.springframework.web.filter.CharacterEncodingFilter.doFilterInternal(CharacterEncodingFilter.java:201)
	at org.springframework.web.filter.OncePerRequestFilter.doFilter(OncePerRequestFilter.java:117)
	at org.springframework.mock.web.MockFilterChain.doFilter(MockFilterChain.java:134)
	at org.springframework.test.web.servlet.MockMvc.perform(MockMvc.java:199)
	at com.safety.safetyNet.controller.SafetyNetMedicalRecordControllerTest.testPostMedicalRecord(SafetyNetMedicalRecordControllerTest.java:38)
	at java.base/jdk.internal.reflect.NativeMethodAccessorImpl.invoke0(Native Method)
	at java.base/jdk.internal.reflect.NativeMethodAccessorImpl.invoke(NativeMethodAccessorImpl.java:62)
	at java.base/jdk.internal.reflect.DelegatingMethodAccessorImpl.invoke(DelegatingMethodAccessorImpl.java:43)
	at java.base/java.lang.reflect.Method.invoke(Method.java:566)
	at org.junit.platform.commons.util.ReflectionUtils.invokeMethod(ReflectionUtils.java:725)
	at org.junit.jupiter.engine.execution.MethodInvocation.proceed(MethodInvocation.java:60)
	at org.junit.jupiter.engine.execution.InvocationInterceptorChain$ValidatingInvocation.proceed(InvocationInterceptorChain.java:131)
	at org.junit.jupiter.engine.extension.TimeoutExtension.intercept(TimeoutExtension.java:149)
	at org.junit.jupiter.engine.extension.TimeoutExtension.interceptTestableMethod(TimeoutExtension.java:140)
	at org.junit.jupiter.engine.extension.TimeoutExtension.interceptTestMethod(TimeoutExtension.java:84)
	at org.junit.jupiter.engine.execution.ExecutableInvoker$ReflectiveInterceptorCall.lambda$ofVoidMethod$0(ExecutableInvoker.java:115)
	at org.junit.jupiter.engine.execution.ExecutableInvoker.lambda$invoke$0(ExecutableInvoker.java:105)
	at org.junit.jupiter.engine.execution.InvocationInterceptorChain$InterceptedInvocation.proceed(InvocationInterceptorChain.java:106)
	at org.junit.jupiter.engine.execution.InvocationInterceptorChain.proceed(InvocationInterceptorChain.java:64)
	at org.junit.jupiter.engine.execution.InvocationInterceptorChain.chainAndInvoke(InvocationInterceptorChain.java:45)
	at org.junit.jupiter.engine.execution.InvocationInterceptorChain.invoke(InvocationInterceptorChain.java:37)
	at org.junit.jupiter.engine.execution.ExecutableInvoker.invoke(ExecutableInvoker.java:104)
	at org.junit.jupiter.engine.execution.ExecutableInvoker.invoke(ExecutableInvoker.java:98)
	at org.junit.jupiter.engine.descriptor.TestMethodTestDescriptor.lambda$invokeTestMethod$7(TestMethodTestDescriptor.java:214)
	at org.junit.platform.engine.support.hierarchical.ThrowableCollector.execute(ThrowableCollector.java:73)
	at org.junit.jupiter.engine.descriptor.TestMethodTestDescriptor.invokeTestMethod(TestMethodTestDescriptor.java:210)
	at org.junit.jupiter.engine.descriptor.TestMethodTestDescriptor.execute(TestMethodTestDescriptor.java:135)
	at org.junit.jupiter.engine.descriptor.TestMethodTestDescriptor.execute(TestMethodTestDescriptor.java:66)
	at org.junit.platform.engine.support.hierarchical.NodeTestTask.lambda$executeRecursively$6(NodeTestTask.java:151)
	at org.junit.platform.engine.support.hierarchical.ThrowableCollector.execute(ThrowableCollector.java:73)
	at org.junit.platform.engine.support.hierarchical.NodeTestTask.lambda$executeRecursively$8(NodeTestTask.java:141)
	at org.junit.platform.engine.support.hierarchical.Node.around(Node.java:137)
	at org.junit.platform.engine.support.hierarchical.NodeTestTask.lambda$executeRecursively$9(NodeTestTask.java:139)
	at org.junit.platform.engine.support.hierarchical.ThrowableCollector.execute(ThrowableCollector.java:73)
	at org.junit.platform.engine.support.hierarchical.NodeTestTask.executeRecursively(NodeTestTask.java:138)
	at org.junit.platform.engine.support.hierarchical.NodeTestTask.execute(NodeTestTask.java:95)
	at java.base/java.util.ArrayList.forEach(ArrayList.java:1541)
	at org.junit.platform.engine.support.hierarchical.SameThreadHierarchicalTestExecutorService.invokeAll(SameThreadHierarchicalTestExecutorService.java:41)
	at org.junit.platform.engine.support.hierarchical.NodeTestTask.lambda$executeRecursively$6(NodeTestTask.java:155)
	at org.junit.platform.engine.support.hierarchical.ThrowableCollector.execute(ThrowableCollector.java:73)
	at org.junit.platform.engine.support.hierarchical.NodeTestTask.lambda$executeRecursively$8(NodeTestTask.java:141)
	at org.junit.platform.engine.support.hierarchical.Node.around(Node.java:137)
	at org.junit.platform.engine.support.hierarchical.NodeTestTask.lambda$executeRecursively$9(NodeTestTask.java:139)
	at org.junit.platform.engine.support.hierarchical.ThrowableCollector.execute(ThrowableCollector.java:73)
	at org.junit.platform.engine.support.hierarchical.NodeTestTask.executeRecursively(NodeTestTask.java:138)
	at org.junit.platform.engine.support.hierarchical.NodeTestTask.execute(NodeTestTask.java:95)
	at java.base/java.util.ArrayList.forEach(ArrayList.java:1541)
	at org.junit.platform.engine.support.hierarchical.SameThreadHierarchicalTestExecutorService.invokeAll(SameThreadHierarchicalTestExecutorService.java:41)
	at org.junit.platform.engine.support.hierarchical.NodeTestTask.lambda$executeRecursively$6(NodeTestTask.java:155)
	at org.junit.platform.engine.support.hierarchical.ThrowableCollector.execute(ThrowableCollector.java:73)
	at org.junit.platform.engine.support.hierarchical.NodeTestTask.lambda$executeRecursively$8(NodeTestTask.java:141)
	at org.junit.platform.engine.support.hierarchical.Node.around(Node.java:137)
	at org.junit.platform.engine.support.hierarchical.NodeTestTask.lambda$executeRecursively$9(NodeTestTask.java:139)
	at org.junit.platform.engine.support.hierarchical.ThrowableCollector.execute(ThrowableCollector.java:73)
	at org.junit.platform.engine.support.hierarchical.NodeTestTask.executeRecursively(NodeTestTask.java:138)
	at org.junit.platform.engine.support.hierarchical.NodeTestTask.execute(NodeTestTask.java:95)
	at org.junit.platform.engine.support.hierarchical.SameThreadHierarchicalTestExecutorService.submit(SameThreadHierarchicalTestExecutorService.java:35)
	at org.junit.platform.engine.support.hierarchical.HierarchicalTestExecutor.execute(HierarchicalTestExecutor.java:57)
	at org.junit.platform.engine.support.hierarchical.HierarchicalTestEngine.execute(HierarchicalTestEngine.java:54)
	at org.junit.platform.launcher.core.EngineExecutionOrchestrator.execute(EngineExecutionOrchestrator.java:107)
	at org.junit.platform.launcher.core.EngineExecutionOrchestrator.execute(EngineExecutionOrchestrator.java:88)
	at org.junit.platform.launcher.core.EngineExecutionOrchestrator.lambda$execute$0(EngineExecutionOrchestrator.java:54)
	at org.junit.platform.launcher.core.EngineExecutionOrchestrator.withInterceptedStreams(EngineExecutionOrchestrator.java:67)
	at org.junit.platform.launcher.core.EngineExecutionOrchestrator.execute(EngineExecutionOrchestrator.java:52)
	at org.junit.platform.launcher.core.DefaultLauncher.execute(DefaultLauncher.java:114)
	at org.junit.platform.launcher.core.DefaultLauncher.execute(DefaultLauncher.java:86)
	at org.junit.platform.launcher.core.DefaultLauncherSession$DelegatingLauncher.execute(DefaultLauncherSession.java:86)
	at org.junit.platform.launcher.core.SessionPerRequestLauncher.execute(SessionPerRequestLauncher.java:53)
	at com.intellij.junit5.JUnit5IdeaTestRunner.startRunnerWithArgs(JUnit5IdeaTestRunner.java:71)
	at com.intellij.rt.junit.IdeaTestRunner$Repeater$1.execute(IdeaTestRunner.java:38)
	at com.intellij.rt.execution.junit.TestsRepeater.repeat(TestsRepeater.java:11)
	at com.intellij.rt.junit.IdeaTestRunner$Repeater.startRunnerWithArgs(IdeaTestRunner.java:35)
	at com.intellij.rt.junit.JUnitStarter.prepareStreamsAndStart(JUnitStarter.java:235)
	at com.intellij.rt.junit.JUnitStarter.main(JUnitStarter.java:54)
Caused by: javax.validation.UnexpectedTypeException: HV000030: No validator could be found for constraint 'javax.validation.constraints.Past' validating type 'java.lang.String'. Check configuration for 'birthdate'
	at org.hibernate.validator.internal.engine.constraintvalidation.ConstraintTree.getExceptionForNullValidator(ConstraintTree.java:116)
	at org.hibernate.validator.internal.engine.constraintvalidation.ConstraintTree.getInitializedConstraintValidator(ConstraintTree.java:162)
	at org.hibernate.validator.internal.engine.constraintvalidation.SimpleConstraintTree.validateConstraints(SimpleConstraintTree.java:54)
	at org.hibernate.validator.internal.engine.constraintvalidation.ConstraintTree.validateConstraints(ConstraintTree.java:75)
	at org.hibernate.validator.internal.metadata.core.MetaConstraint.doValidateConstraint(MetaConstraint.java:130)
	at org.hibernate.validator.internal.metadata.core.MetaConstraint.validateConstraint(MetaConstraint.java:123)
	at org.hibernate.validator.internal.engine.ValidatorImpl.validateMetaConstraint(ValidatorImpl.java:555)
	at org.hibernate.validator.internal.engine.ValidatorImpl.validateConstraintsForSingleDefaultGroupElement(ValidatorImpl.java:518)
	at org.hibernate.validator.internal.engine.ValidatorImpl.validateConstraintsForDefaultGroup(ValidatorImpl.java:488)
	at org.hibernate.validator.internal.engine.ValidatorImpl.validateConstraintsForCurrentGroup(ValidatorImpl.java:450)
	at org.hibernate.validator.internal.engine.ValidatorImpl.validateInContext(ValidatorImpl.java:400)
	at org.hibernate.validator.internal.engine.ValidatorImpl.validate(ValidatorImpl.java:172)
	at org.springframework.validation.beanvalidation.SpringValidatorAdapter.validate(SpringValidatorAdapter.java:109)
	at org.springframework.boot.autoconfigure.validation.ValidatorAdapter.validate(ValidatorAdapter.java:66)
	at org.springframework.validation.DataBinder.validate(DataBinder.java:933)
	at org.springframework.web.servlet.mvc.method.annotation.AbstractMessageConverterMethodArgumentResolver.validateIfApplicable(AbstractMessageConverterMethodArgumentResolver.java:250)
	at org.springframework.web.servlet.mvc.method.annotation.RequestResponseBodyMethodProcessor.resolveArgument(RequestResponseBodyMethodProcessor.java:139)
	at org.springframework.web.method.support.HandlerMethodArgumentResolverComposite.resolveArgument(HandlerMethodArgumentResolverComposite.java:122)
	at org.springframework.web.method.support.InvocableHandlerMethod.getMethodArgumentValues(InvocableHandlerMethod.java:179)
	at org.springframework.web.method.support.InvocableHandlerMethod.invokeForRequest(InvocableHandlerMethod.java:146)
	at org.springframework.web.servlet.mvc.method.annotation.ServletInvocableHandlerMethod.invokeAndHandle(ServletInvocableHandlerMethod.java:117)
	at org.springframework.web.servlet.mvc.method.annotation.RequestMappingHandlerAdapter.invokeHandlerMethod(RequestMappingHandlerAdapter.java:895)
	at org.springframework.web.servlet.mvc.method.annotation.RequestMappingHandlerAdapter.handleInternal(RequestMappingHandlerAdapter.java:808)
	at org.springframework.web.servlet.mvc.method.AbstractHandlerMethodAdapter.handle(AbstractHandlerMethodAdapter.java:87)
	at org.springframework.web.servlet.DispatcherServlet.doDispatch(DispatcherServlet.java:1070)
	at org.springframework.web.servlet.DispatcherServlet.doService(DispatcherServlet.java:963)
	at org.springframework.web.servlet.FrameworkServlet.processRequest(FrameworkServlet.java:1006)
	... 87 common frames omitted

01/08/2022 19:08:33 INFO com.safety.safetyNet.controller.SafetyNetMedicalRecordController
 Requête DELETE deleteMedicalRecord : DeletePerson(firstName=Olivier, lastName=Froidefond)

01/08/2022 19:08:33 INFO org.springframework.boot.StartupInfoLogger
 Starting SafetyNetChildrenControllerTest using Java 11.0.16 on MSI with PID 20928 (started by froid in C:\Users\froid\OneDrive\Bureau\OpenClassRooms\safetyNet)

01/08/2022 19:08:33 INFO org.springframework.boot.SpringApplication
 The following 1 profile is active: "test"

01/08/2022 19:08:34 INFO org.springframework.boot.StartupInfoLogger
 Started SafetyNetChildrenControllerTest in 0.789 seconds (JVM running for 12.701)

01/08/2022 19:08:34 INFO com.safety.safetyNet.controller.SafetyNetChildrenController
 Requête reçue -> getAddressChild :1509 Culver St

01/08/2022 19:08:34 INFO com.safety.safetyNet.controller.SafetyNetChildrenController
 Objet retourné -> getAddressChild :[]

01/08/2022 19:08:34 INFO org.springframework.boot.StartupInfoLogger
 Starting SafetyNetMailControllerTest using Java 11.0.16 on MSI with PID 20928 (started by froid in C:\Users\froid\OneDrive\Bureau\OpenClassRooms\safetyNet)

01/08/2022 19:08:34 INFO org.springframework.boot.SpringApplication
 The following 1 profile is active: "test"

01/08/2022 19:08:35 INFO org.springframework.boot.StartupInfoLogger
 Started SafetyNetMailControllerTest in 0.739 seconds (JVM running for 13.475)

01/08/2022 19:08:35 INFO com.safety.safetyNet.controller.SafetyNetMailController
 Requête reçue -> getMailAllPersons :Culver

01/08/2022 19:08:35 INFO com.safety.safetyNet.controller.SafetyNetMailController
 Objet retourné -> getMailAllPersons :[]

01/08/2022 19:08:35 INFO org.springframework.boot.StartupInfoLogger
 Starting SafetyNetPersonControllerTest using Java 11.0.16 on MSI with PID 20928 (started by froid in C:\Users\froid\OneDrive\Bureau\OpenClassRooms\safetyNet)

01/08/2022 19:08:35 INFO org.springframework.boot.SpringApplication
 The following 1 profile is active: "test"

01/08/2022 19:08:36 INFO org.springframework.boot.StartupInfoLogger
 Started SafetyNetPersonControllerTest in 0.745 seconds (JVM running for 14.254)

01/08/2022 19:08:36 INFO com.safety.safetyNet.controller.SafetyNetPersonController
 Requête reçue -> putPerson :Persons(firstName=Olivier, lastName=Froidefond, address=6 rue jacques prevert, city=culver, zip=97451, phone=841-874-5584, email=toto@toto.fr)

01/08/2022 19:08:36 INFO com.safety.safetyNet.controller.SafetyNetPersonController
 Requête reçue -> deletePerson :DeletePerson(firstName=Olivier, lastName=Froidefond)

01/08/2022 19:08:01 INFO org.springframework.boot.StartupInfoLogger
 Starting SafetyNetPhoneControllerTest using Java 11.0.16 on MSI with PID 2228 (started by froid in C:\Users\froid\OneDrive\Bureau\OpenClassRooms\safetyNet)

01/08/2022 19:08:01 INFO org.springframework.boot.SpringApplication
 The following 1 profile is active: "test"

01/08/2022 19:08:03 INFO org.springframework.boot.StartupInfoLogger
 Started SafetyNetPhoneControllerTest in 3.282 seconds (JVM running for 8.86)

01/08/2022 19:08:04 INFO com.safety.safetyNet.controller.SafetyNetPhoneController
 Requête reçue -> getNumberPhone :4

01/08/2022 19:08:04 INFO com.safety.safetyNet.controller.SafetyNetPhoneController
 Objet retourné -> getNumberPhone :[]

01/08/2022 19:08:54 INFO org.springframework.boot.StartupInfoLogger
 Starting SafetyNetPhoneControllerTest using Java 11.0.16 on MSI with PID 18508 (started by froid in C:\Users\froid\OneDrive\Bureau\OpenClassRooms\safetyNet)

01/08/2022 19:08:54 INFO org.springframework.boot.SpringApplication
 The following 1 profile is active: "test"

01/08/2022 19:08:59 INFO org.springframework.boot.StartupInfoLogger
 Started SafetyNetPhoneControllerTest in 5.846 seconds (JVM running for 11.18)

01/08/2022 19:08:59 INFO com.safety.safetyNet.controller.SafetyNetPhoneController
 Requête reçue -> getNumberPhone :4

01/08/2022 19:08:59 INFO com.safety.safetyNet.controller.SafetyNetPhoneController
 Objet retourné -> getNumberPhone :[]

01/08/2022 19:08:45 INFO org.springframework.boot.StartupInfoLogger
 Starting SafetyNetPhoneControllerTest using Java 11.0.16 on MSI with PID 11892 (started by froid in C:\Users\froid\OneDrive\Bureau\OpenClassRooms\safetyNet)

01/08/2022 19:08:45 INFO org.springframework.boot.SpringApplication
 The following 1 profile is active: "test"

01/08/2022 19:08:49 INFO org.springframework.boot.StartupInfoLogger
 Started SafetyNetPhoneControllerTest in 5.269 seconds (JVM running for 11.1)

01/08/2022 19:08:50 INFO com.safety.safetyNet.controller.SafetyNetPhoneController
 Requête reçue -> getNumberPhone :4

01/08/2022 19:08:50 INFO com.safety.safetyNet.controller.SafetyNetPhoneController
 Objet retourné -> getNumberPhone :[841-874-6874, 841-874-8888, 841-874-9845, 841-874-9888]

01/08/2022 19:08:02 INFO org.springframework.boot.StartupInfoLogger
 Starting SafetyNetMailControllerTest using Java 11.0.16 on MSI with PID 11928 (started by froid in C:\Users\froid\OneDrive\Bureau\OpenClassRooms\safetyNet)

01/08/2022 19:08:02 INFO org.springframework.boot.SpringApplication
 The following 1 profile is active: "test"

01/08/2022 19:08:06 INFO org.springframework.boot.StartupInfoLogger
 Started SafetyNetMailControllerTest in 5.325 seconds (JVM running for 11.164)

01/08/2022 19:08:07 INFO com.safety.safetyNet.controller.SafetyNetMailController
 Requête reçue -> getMailAllPersons :Culver

01/08/2022 19:08:07 INFO com.safety.safetyNet.controller.SafetyNetMailController
 Objet retourné -> getMailAllPersons :[aly@imail.com, bstel@email.com, clivfd@ymail.com, drk@email.com, gramps@email.com, jaboyd@email.com, jpeter@email.com, lily@email.com, reg@email.com, soph@email.com, ssanw@email.com, tcoop@ymail.com, tenz@email.com, ward@email.com, zarc@email.com]

01/08/2022 19:08:49 INFO org.springframework.boot.StartupInfoLogger
 Starting SafetyNetFireStationControllerTest using Java 11.0.16 on MSI with PID 16556 (started by froid in C:\Users\froid\OneDrive\Bureau\OpenClassRooms\safetyNet)

01/08/2022 19:08:49 INFO org.springframework.boot.SpringApplication
 The following 1 profile is active: "test"

01/08/2022 19:08:53 INFO org.springframework.boot.StartupInfoLogger
 Started SafetyNetFireStationControllerTest in 5.261 seconds (JVM running for 11.019)

01/08/2022 19:08:54 INFO com.safety.safetyNet.controller.SafetyNetFireStationController
 Requête reçue -> putFireStation :FireStations(address=chemin d'enbiane, station=5)

01/08/2022 19:08:54 INFO com.safety.safetyNet.controller.SafetyNetFireStationController
 Requête reçue -> getHabitantAtThisAdrdress :1509 Culver St

01/08/2022 19:08:54 INFO com.safety.safetyNet.controller.SafetyNetFireStationController
 Objet retourné -> getHabitantAtThisAdrdress :[ResponsePersonsByAddress(personsMedicals=[PersonsMedical(lastName=Boyd, phone=841-874-6512, age=38, medications=[aznol:350mg, hydrapermazol:100mg], allergies=[nillacilan]), PersonsMedical(lastName=Boyd, phone=841-874-6513, age=33, medications=[pharmacol:5000mg, terazine:10mg, noznazol:250mg], allergies=[]), PersonsMedical(lastName=Boyd, phone=841-874-6512, age=9, medications=[], allergies=[peanut]), PersonsMedical(lastName=Boyd, phone=841-874-6512, age=5, medications=[], allergies=[]), PersonsMedical(lastName=Boyd, phone=841-874-6544, age=36, medications=[tetracyclaz:650mg], allergies=[xilliathal])], station=Station(station=3))]

01/08/2022 19:08:54 INFO com.safety.safetyNet.controller.SafetyNetFireStationController
 Requête reçue -> getHomesAtThisStationNumber :3

01/08/2022 19:08:54 INFO com.safety.safetyNet.controller.SafetyNetFireStationController
 Objet retourné -> getHomesAtThisStationNumber :[ResponsePersonsByStationNumber(personsByFireStations=[PersonsFireStation(lastName=Boyd, age=38, email=jaboyd@email.com, medications=[aznol:350mg, hydrapermazol:100mg], allergies=[nillacilan]), PersonsFireStation(lastName=Boyd, age=33, email=drk@email.com, medications=[pharmacol:5000mg, terazine:10mg, noznazol:250mg], allergies=[]), PersonsFireStation(lastName=Boyd, age=9, email=tenz@email.com, medications=[], allergies=[peanut]), PersonsFireStation(lastName=Boyd, age=5, email=jaboyd@email.com, medications=[], allergies=[]), PersonsFireStation(lastName=Boyd, age=36, email=jaboyd@email.com, medications=[tetracyclaz:650mg], allergies=[xilliathal])], address=1509 Culver St), ResponsePersonsByStationNumber(personsByFireStations=[PersonsFireStation(lastName=Carman, age=9, email=tenz@email.com, medications=[], allergies=[])], address=834 Binoc Ave), ResponsePersonsByStationNumber(personsByFireStations=[PersonsFireStation(lastName=Shepard, age=42, email=jaboyd@email.com, medications=[], allergies=[]), PersonsFireStation(lastName=Ferguson, age=28, email=clivfd@ymail.com, medications=[], allergies=[])], address=748 Townings Dr), ResponsePersonsByStationNumber(personsByFireStations=[PersonsFireStation(lastName=Cooper, age=28, email=tcoop@ymail.com, medications=[hydrapermazol:300mg, dodoxadin:30mg], allergies=[shellfish]), PersonsFireStation(lastName=Peters, age=57, email=jpeter@email.com, medications=[], allergies=[]), PersonsFireStation(lastName=Boyd, age=56, email=aly@imail.com, medications=[aznol:200mg], allergies=[nillacilan])], address=112 Steppes Pl), ResponsePersonsByStationNumber(personsByFireStations=[PersonsFireStation(lastName=Shepard, age=42, email=jaboyd@email.com, medications=[], allergies=[]), PersonsFireStation(lastName=Ferguson, age=28, email=clivfd@ymail.com, medications=[], allergies=[])], address=748 Townings Dr)]

01/08/2022 19:08:54 INFO com.safety.safetyNet.controller.SafetyNetFireStationController
 Requête reçue -> deleteFireStation :FireStations(address=chemin d'enbiane, station=)

01/08/2022 19:08:54 INFO com.safety.safetyNet.controller.SafetyNetFireStationController
 Requête reçue -> postFireStation :FireStations(address=chemin d'enbiane, station=2)

01/08/2022 19:08:54 INFO com.safety.safetyNet.controller.SafetyNetFireStationController
 Requête reçue -> getFireStationNumber :3

01/08/2022 19:08:54 INFO com.safety.safetyNet.controller.SafetyNetFireStationController
 Objet retourné -> getFireStationNumber :[ResponseFireStationByNumber(personsStationList=[PersonsStation(firstName=John, lastName=Boyd, address=1509 Culver St, phone=841-874-6512), PersonsStation(firstName=Jacob, lastName=Boyd, address=1509 Culver St, phone=841-874-6513), PersonsStation(firstName=Tenley, lastName=Boyd, address=1509 Culver St, phone=841-874-6512), PersonsStation(firstName=Roger, lastName=Boyd, address=1509 Culver St, phone=841-874-6512), PersonsStation(firstName=Felicia, lastName=Boyd, address=1509 Culver St, phone=841-874-6544), PersonsStation(firstName=Tessa, lastName=Carman, address=834 Binoc Ave, phone=841-874-6512), PersonsStation(firstName=Foster, lastName=Shepard, address=748 Townings Dr, phone=841-874-6544), PersonsStation(firstName=Clive, lastName=Ferguson, address=748 Townings Dr, phone=841-874-6741), PersonsStation(firstName=Tony, lastName=Cooper, address=112 Steppes Pl, phone=841-874-6874), PersonsStation(firstName=Ron, lastName=Peters, address=112 Steppes Pl, phone=841-874-8888), PersonsStation(firstName=Allison, lastName=Boyd, address=112 Steppes Pl, phone=841-874-9888), PersonsStation(firstName=Foster, lastName=Shepard, address=748 Townings Dr, phone=841-874-6544), PersonsStation(firstName=Clive, lastName=Ferguson, address=748 Townings Dr, phone=841-874-6741)], countPeople=CountPeople(children=3, adult=10))]

01/08/2022 19:08:36 INFO org.springframework.boot.StartupInfoLogger
 Starting SafetyNetChildrenControllerTest using Java 11.0.16 on MSI with PID 13040 (started by froid in C:\Users\froid\OneDrive\Bureau\OpenClassRooms\safetyNet)

01/08/2022 19:08:36 INFO org.springframework.boot.SpringApplication
 The following 1 profile is active: "test"

01/08/2022 19:08:40 INFO org.springframework.boot.StartupInfoLogger
 Started SafetyNetChildrenControllerTest in 5.245 seconds (JVM running for 11.142)

01/08/2022 19:08:41 INFO com.safety.safetyNet.controller.SafetyNetChildrenController
 Requête reçue -> getAddressChild :1509 Culver St

01/08/2022 19:08:41 INFO com.safety.safetyNet.controller.SafetyNetChildrenController
 Objet retourné -> getAddressChild :[PersonsByAddress(siblings=Siblings(children=[PersonsChildren(firstName=Tenley, lastName=Boyd, age=9), PersonsChildren(firstName=Roger, lastName=Boyd, age=5)]), adult=[PersonsAdult(firstName=John, lastName=Boyd), PersonsAdult(firstName=Jacob, lastName=Boyd), PersonsAdult(firstName=Felicia, lastName=Boyd)])]

01/08/2022 19:08:57 INFO org.springframework.boot.StartupInfoLogger
 Starting SafetyNetPhoneControllerTest using Java 11.0.16 on MSI with PID 16736 (started by froid in C:\Users\froid\OneDrive\Bureau\OpenClassRooms\safetyNet)

01/08/2022 19:08:57 INFO org.springframework.boot.SpringApplication
 The following 1 profile is active: "test"

01/08/2022 19:08:01 INFO org.springframework.boot.StartupInfoLogger
 Started SafetyNetPhoneControllerTest in 5.23 seconds (JVM running for 11.316)

01/08/2022 19:08:02 INFO com.safety.safetyNet.controller.SafetyNetPhoneController
 Requête reçue -> getNumberPhone :4

01/08/2022 19:08:02 INFO com.safety.safetyNet.controller.SafetyNetPhoneController
 Objet retourné -> getNumberPhone :[841-874-6874, 841-874-8888, 841-874-9845, 841-874-9888]

01/08/2022 19:08:04 ERROR com.safety.safetyNet.repository.SafetyNetReadFileRepository
 Error :
java.io.FileNotFoundException: src\test\java\com\safety\safetyNet\config\dataTe.json (Le chemin d’accès spécifié est introuvable)
	at java.base/java.io.FileInputStream.open0(Native Method)
	at java.base/java.io.FileInputStream.open(FileInputStream.java:219)
	at java.base/java.io.FileInputStream.<init>(FileInputStream.java:157)
	at com.fasterxml.jackson.core.JsonFactory.createParser(JsonFactory.java:1029)
	at com.fasterxml.jackson.databind.ObjectMapper.readValue(ObjectMapper.java:3494)
	at com.safety.safetyNet.repository.SafetyNetReadFileRepository.readfile(SafetyNetReadFileRepository.java:25)
	at com.safety.safetyNet.repository.SafetyNetReadFileRepositoryTest.lambda$exceptionReadFile$0(SafetyNetReadFileRepositoryTest.java:26)
	at org.junit.jupiter.api.AssertThrows.assertThrows(AssertThrows.java:55)
	at org.junit.jupiter.api.AssertThrows.assertThrows(AssertThrows.java:37)
	at org.junit.jupiter.api.Assertions.assertThrows(Assertions.java:3082)
	at com.safety.safetyNet.repository.SafetyNetReadFileRepositoryTest.exceptionReadFile(SafetyNetReadFileRepositoryTest.java:26)
	at java.base/jdk.internal.reflect.NativeMethodAccessorImpl.invoke0(Native Method)
	at java.base/jdk.internal.reflect.NativeMethodAccessorImpl.invoke(NativeMethodAccessorImpl.java:62)
	at java.base/jdk.internal.reflect.DelegatingMethodAccessorImpl.invoke(DelegatingMethodAccessorImpl.java:43)
	at java.base/java.lang.reflect.Method.invoke(Method.java:566)
	at org.junit.platform.commons.util.ReflectionUtils.invokeMethod(ReflectionUtils.java:725)
	at org.junit.jupiter.engine.execution.MethodInvocation.proceed(MethodInvocation.java:60)
	at org.junit.jupiter.engine.execution.InvocationInterceptorChain$ValidatingInvocation.proceed(InvocationInterceptorChain.java:131)
	at org.junit.jupiter.engine.extension.TimeoutExtension.intercept(TimeoutExtension.java:149)
	at org.junit.jupiter.engine.extension.TimeoutExtension.interceptTestableMethod(TimeoutExtension.java:140)
	at org.junit.jupiter.engine.extension.TimeoutExtension.interceptTestMethod(TimeoutExtension.java:84)
	at org.junit.jupiter.engine.execution.ExecutableInvoker$ReflectiveInterceptorCall.lambda$ofVoidMethod$0(ExecutableInvoker.java:115)
	at org.junit.jupiter.engine.execution.ExecutableInvoker.lambda$invoke$0(ExecutableInvoker.java:105)
	at org.junit.jupiter.engine.execution.InvocationInterceptorChain$InterceptedInvocation.proceed(InvocationInterceptorChain.java:106)
	at org.junit.jupiter.engine.execution.InvocationInterceptorChain.proceed(InvocationInterceptorChain.java:64)
	at org.junit.jupiter.engine.execution.InvocationInterceptorChain.chainAndInvoke(InvocationInterceptorChain.java:45)
	at org.junit.jupiter.engine.execution.InvocationInterceptorChain.invoke(InvocationInterceptorChain.java:37)
	at org.junit.jupiter.engine.execution.ExecutableInvoker.invoke(ExecutableInvoker.java:104)
	at org.junit.jupiter.engine.execution.ExecutableInvoker.invoke(ExecutableInvoker.java:98)
	at org.junit.jupiter.engine.descriptor.TestMethodTestDescriptor.lambda$invokeTestMethod$7(TestMethodTestDescriptor.java:214)
	at org.junit.platform.engine.support.hierarchical.ThrowableCollector.execute(ThrowableCollector.java:73)
	at org.junit.jupiter.engine.descriptor.TestMethodTestDescriptor.invokeTestMethod(TestMethodTestDescriptor.java:210)
	at org.junit.jupiter.engine.descriptor.TestMethodTestDescriptor.execute(TestMethodTestDescriptor.java:135)
	at org.junit.jupiter.engine.descriptor.TestMethodTestDescriptor.execute(TestMethodTestDescriptor.java:66)
	at org.junit.platform.engine.support.hierarchical.NodeTestTask.lambda$executeRecursively$6(NodeTestTask.java:151)
	at org.junit.platform.engine.support.hierarchical.ThrowableCollector.execute(ThrowableCollector.java:73)
	at org.junit.platform.engine.support.hierarchical.NodeTestTask.lambda$executeRecursively$8(NodeTestTask.java:141)
	at org.junit.platform.engine.support.hierarchical.Node.around(Node.java:137)
	at org.junit.platform.engine.support.hierarchical.NodeTestTask.lambda$executeRecursively$9(NodeTestTask.java:139)
	at org.junit.platform.engine.support.hierarchical.ThrowableCollector.execute(ThrowableCollector.java:73)
	at org.junit.platform.engine.support.hierarchical.NodeTestTask.executeRecursively(NodeTestTask.java:138)
	at org.junit.platform.engine.support.hierarchical.NodeTestTask.execute(NodeTestTask.java:95)
	at java.base/java.util.ArrayList.forEach(ArrayList.java:1541)
	at org.junit.platform.engine.support.hierarchical.SameThreadHierarchicalTestExecutorService.invokeAll(SameThreadHierarchicalTestExecutorService.java:41)
	at org.junit.platform.engine.support.hierarchical.NodeTestTask.lambda$executeRecursively$6(NodeTestTask.java:155)
	at org.junit.platform.engine.support.hierarchical.ThrowableCollector.execute(ThrowableCollector.java:73)
	at org.junit.platform.engine.support.hierarchical.NodeTestTask.lambda$executeRecursively$8(NodeTestTask.java:141)
	at org.junit.platform.engine.support.hierarchical.Node.around(Node.java:137)
	at org.junit.platform.engine.support.hierarchical.NodeTestTask.lambda$executeRecursively$9(NodeTestTask.java:139)
	at org.junit.platform.engine.support.hierarchical.ThrowableCollector.execute(ThrowableCollector.java:73)
	at org.junit.platform.engine.support.hierarchical.NodeTestTask.executeRecursively(NodeTestTask.java:138)
	at org.junit.platform.engine.support.hierarchical.NodeTestTask.execute(NodeTestTask.java:95)
	at java.base/java.util.ArrayList.forEach(ArrayList.java:1541)
	at org.junit.platform.engine.support.hierarchical.SameThreadHierarchicalTestExecutorService.invokeAll(SameThreadHierarchicalTestExecutorService.java:41)
	at org.junit.platform.engine.support.hierarchical.NodeTestTask.lambda$executeRecursively$6(NodeTestTask.java:155)
	at org.junit.platform.engine.support.hierarchical.ThrowableCollector.execute(ThrowableCollector.java:73)
	at org.junit.platform.engine.support.hierarchical.NodeTestTask.lambda$executeRecursively$8(NodeTestTask.java:141)
	at org.junit.platform.engine.support.hierarchical.Node.around(Node.java:137)
	at org.junit.platform.engine.support.hierarchical.NodeTestTask.lambda$executeRecursively$9(NodeTestTask.java:139)
	at org.junit.platform.engine.support.hierarchical.ThrowableCollector.execute(ThrowableCollector.java:73)
	at org.junit.platform.engine.support.hierarchical.NodeTestTask.executeRecursively(NodeTestTask.java:138)
	at org.junit.platform.engine.support.hierarchical.NodeTestTask.execute(NodeTestTask.java:95)
	at org.junit.platform.engine.support.hierarchical.SameThreadHierarchicalTestExecutorService.submit(SameThreadHierarchicalTestExecutorService.java:35)
	at org.junit.platform.engine.support.hierarchical.HierarchicalTestExecutor.execute(HierarchicalTestExecutor.java:57)
	at org.junit.platform.engine.support.hierarchical.HierarchicalTestEngine.execute(HierarchicalTestEngine.java:54)
	at org.junit.platform.launcher.core.EngineExecutionOrchestrator.execute(EngineExecutionOrchestrator.java:107)
	at org.junit.platform.launcher.core.EngineExecutionOrchestrator.execute(EngineExecutionOrchestrator.java:88)
	at org.junit.platform.launcher.core.EngineExecutionOrchestrator.lambda$execute$0(EngineExecutionOrchestrator.java:54)
	at org.junit.platform.launcher.core.EngineExecutionOrchestrator.withInterceptedStreams(EngineExecutionOrchestrator.java:67)
	at org.junit.platform.launcher.core.EngineExecutionOrchestrator.execute(EngineExecutionOrchestrator.java:52)
	at org.junit.platform.launcher.core.DefaultLauncher.execute(DefaultLauncher.java:114)
	at org.junit.platform.launcher.core.DefaultLauncher.execute(DefaultLauncher.java:86)
	at org.junit.platform.launcher.core.DefaultLauncherSession$DelegatingLauncher.execute(DefaultLauncherSession.java:86)
	at org.junit.platform.launcher.core.SessionPerRequestLauncher.execute(SessionPerRequestLauncher.java:53)
	at com.intellij.junit5.JUnit5IdeaTestRunner.startRunnerWithArgs(JUnit5IdeaTestRunner.java:71)
	at com.intellij.rt.junit.IdeaTestRunner$Repeater$1.execute(IdeaTestRunner.java:38)
	at com.intellij.rt.execution.junit.TestsRepeater.repeat(TestsRepeater.java:11)
	at com.intellij.rt.junit.IdeaTestRunner$Repeater.startRunnerWithArgs(IdeaTestRunner.java:35)
	at com.intellij.rt.junit.JUnitStarter.prepareStreamsAndStart(JUnitStarter.java:235)
	at com.intellij.rt.junit.JUnitStarter.main(JUnitStarter.java:54)

01/08/2022 19:08:04 INFO com.safety.safetyNet.controller.SafetyNetPhoneController
 Requête reçue -> getNumberPhone :5

01/08/2022 19:08:04 INFO com.safety.safetyNet.controller.SafetyNetPhoneController
 Objet retourné -> getNumberPhone :[]

01/08/2022 19:08:04 INFO com.safety.safetyNet.controller.SafetyNetPhoneController
 Requête reçue -> getNumberPhone :4

01/08/2022 19:08:04 INFO com.safety.safetyNet.controller.SafetyNetPhoneController
 Objet retourné -> getNumberPhone :[841-874-6874, 841-874-8888, 841-874-9845, 841-874-9888]

01/08/2022 19:08:04 INFO com.safety.safetyNet.controller.SafetyNetPersonController
 Requête reçue -> postNewPerson :Persons(firstName=Olivier, lastName=Froidefond, address=6 rue jacques prevert, city=culver, zip=97451, phone=841-874-5584, email=toto@toto.fr)

01/08/2022 19:08:04 INFO com.safety.safetyNet.controller.SafetyNetPersonController
 Requête reçue -> putPerson :Persons(firstName=Olivier, lastName=Froidefond, address=521 chemin d'enbiane, city=Figeac, zip=46100, phone=841-874-5584, email=toto@toto.fr)

01/08/2022 19:08:04 INFO com.safety.safetyNet.controller.SafetyNetPersonController
 Requête reçue -> deletePerson :DeletePerson(firstName=Olivier, lastName=Froidefond)

01/08/2022 19:08:04 INFO org.springframework.boot.StartupInfoLogger
 Starting SafetyNetMedicalRecordControllerTest using Java 11.0.16 on MSI with PID 16736 (started by froid in C:\Users\froid\OneDrive\Bureau\OpenClassRooms\safetyNet)

01/08/2022 19:08:04 INFO org.springframework.boot.SpringApplication
 The following 1 profile is active: "test"

01/08/2022 19:08:05 INFO org.springframework.boot.StartupInfoLogger
 Started SafetyNetMedicalRecordControllerTest in 0.988 seconds (JVM running for 15.427)

01/08/2022 19:08:05 ERROR com.safety.safetyNet.controller.SafetyNetMedicalRecordControllerTest
 error :
org.springframework.web.util.NestedServletException: Request processing failed; nested exception is javax.validation.UnexpectedTypeException: HV000030: No validator could be found for constraint 'javax.validation.constraints.Past' validating type 'java.lang.String'. Check configuration for 'birthdate'
	at org.springframework.web.servlet.FrameworkServlet.processRequest(FrameworkServlet.java:1014)
	at org.springframework.web.servlet.FrameworkServlet.doPut(FrameworkServlet.java:920)
	at javax.servlet.http.HttpServlet.service(HttpServlet.java:684)
	at org.springframework.web.servlet.FrameworkServlet.service(FrameworkServlet.java:883)
	at org.springframework.test.web.servlet.TestDispatcherServlet.service(TestDispatcherServlet.java:72)
	at javax.servlet.http.HttpServlet.service(HttpServlet.java:764)
	at org.springframework.mock.web.MockFilterChain$ServletFilterProxy.doFilter(MockFilterChain.java:167)
	at org.springframework.mock.web.MockFilterChain.doFilter(MockFilterChain.java:134)
	at org.springframework.web.filter.RequestContextFilter.doFilterInternal(RequestContextFilter.java:100)
	at org.springframework.web.filter.OncePerRequestFilter.doFilter(OncePerRequestFilter.java:117)
	at org.springframework.mock.web.MockFilterChain.doFilter(MockFilterChain.java:134)
	at org.springframework.web.filter.FormContentFilter.doFilterInternal(FormContentFilter.java:93)
	at org.springframework.web.filter.OncePerRequestFilter.doFilter(OncePerRequestFilter.java:117)
	at org.springframework.mock.web.MockFilterChain.doFilter(MockFilterChain.java:134)
	at org.springframework.web.filter.CharacterEncodingFilter.doFilterInternal(CharacterEncodingFilter.java:201)
	at org.springframework.web.filter.OncePerRequestFilter.doFilter(OncePerRequestFilter.java:117)
	at org.springframework.mock.web.MockFilterChain.doFilter(MockFilterChain.java:134)
	at org.springframework.test.web.servlet.MockMvc.perform(MockMvc.java:199)
	at com.safety.safetyNet.controller.SafetyNetMedicalRecordControllerTest.testPutMedicalRecord(SafetyNetMedicalRecordControllerTest.java:50)
	at java.base/jdk.internal.reflect.NativeMethodAccessorImpl.invoke0(Native Method)
	at java.base/jdk.internal.reflect.NativeMethodAccessorImpl.invoke(NativeMethodAccessorImpl.java:62)
	at java.base/jdk.internal.reflect.DelegatingMethodAccessorImpl.invoke(DelegatingMethodAccessorImpl.java:43)
	at java.base/java.lang.reflect.Method.invoke(Method.java:566)
	at org.junit.platform.commons.util.ReflectionUtils.invokeMethod(ReflectionUtils.java:725)
	at org.junit.jupiter.engine.execution.MethodInvocation.proceed(MethodInvocation.java:60)
	at org.junit.jupiter.engine.execution.InvocationInterceptorChain$ValidatingInvocation.proceed(InvocationInterceptorChain.java:131)
	at org.junit.jupiter.engine.extension.TimeoutExtension.intercept(TimeoutExtension.java:149)
	at org.junit.jupiter.engine.extension.TimeoutExtension.interceptTestableMethod(TimeoutExtension.java:140)
	at org.junit.jupiter.engine.extension.TimeoutExtension.interceptTestMethod(TimeoutExtension.java:84)
	at org.junit.jupiter.engine.execution.ExecutableInvoker$ReflectiveInterceptorCall.lambda$ofVoidMethod$0(ExecutableInvoker.java:115)
	at org.junit.jupiter.engine.execution.ExecutableInvoker.lambda$invoke$0(ExecutableInvoker.java:105)
	at org.junit.jupiter.engine.execution.InvocationInterceptorChain$InterceptedInvocation.proceed(InvocationInterceptorChain.java:106)
	at org.junit.jupiter.engine.execution.InvocationInterceptorChain.proceed(InvocationInterceptorChain.java:64)
	at org.junit.jupiter.engine.execution.InvocationInterceptorChain.chainAndInvoke(InvocationInterceptorChain.java:45)
	at org.junit.jupiter.engine.execution.InvocationInterceptorChain.invoke(InvocationInterceptorChain.java:37)
	at org.junit.jupiter.engine.execution.ExecutableInvoker.invoke(ExecutableInvoker.java:104)
	at org.junit.jupiter.engine.execution.ExecutableInvoker.invoke(ExecutableInvoker.java:98)
	at org.junit.jupiter.engine.descriptor.TestMethodTestDescriptor.lambda$invokeTestMethod$7(TestMethodTestDescriptor.java:214)
	at org.junit.platform.engine.support.hierarchical.ThrowableCollector.execute(ThrowableCollector.java:73)
	at org.junit.jupiter.engine.descriptor.TestMethodTestDescriptor.invokeTestMethod(TestMethodTestDescriptor.java:210)
	at org.junit.jupiter.engine.descriptor.TestMethodTestDescriptor.execute(TestMethodTestDescriptor.java:135)
	at org.junit.jupiter.engine.descriptor.TestMethodTestDescriptor.execute(TestMethodTestDescriptor.java:66)
	at org.junit.platform.engine.support.hierarchical.NodeTestTask.lambda$executeRecursively$6(NodeTestTask.java:151)
	at org.junit.platform.engine.support.hierarchical.ThrowableCollector.execute(ThrowableCollector.java:73)
	at org.junit.platform.engine.support.hierarchical.NodeTestTask.lambda$executeRecursively$8(NodeTestTask.java:141)
	at org.junit.platform.engine.support.hierarchical.Node.around(Node.java:137)
	at org.junit.platform.engine.support.hierarchical.NodeTestTask.lambda$executeRecursively$9(NodeTestTask.java:139)
	at org.junit.platform.engine.support.hierarchical.ThrowableCollector.execute(ThrowableCollector.java:73)
	at org.junit.platform.engine.support.hierarchical.NodeTestTask.executeRecursively(NodeTestTask.java:138)
	at org.junit.platform.engine.support.hierarchical.NodeTestTask.execute(NodeTestTask.java:95)
	at java.base/java.util.ArrayList.forEach(ArrayList.java:1541)
	at org.junit.platform.engine.support.hierarchical.SameThreadHierarchicalTestExecutorService.invokeAll(SameThreadHierarchicalTestExecutorService.java:41)
	at org.junit.platform.engine.support.hierarchical.NodeTestTask.lambda$executeRecursively$6(NodeTestTask.java:155)
	at org.junit.platform.engine.support.hierarchical.ThrowableCollector.execute(ThrowableCollector.java:73)
	at org.junit.platform.engine.support.hierarchical.NodeTestTask.lambda$executeRecursively$8(NodeTestTask.java:141)
	at org.junit.platform.engine.support.hierarchical.Node.around(Node.java:137)
	at org.junit.platform.engine.support.hierarchical.NodeTestTask.lambda$executeRecursively$9(NodeTestTask.java:139)
	at org.junit.platform.engine.support.hierarchical.ThrowableCollector.execute(ThrowableCollector.java:73)
	at org.junit.platform.engine.support.hierarchical.NodeTestTask.executeRecursively(NodeTestTask.java:138)
	at org.junit.platform.engine.support.hierarchical.NodeTestTask.execute(NodeTestTask.java:95)
	at java.base/java.util.ArrayList.forEach(ArrayList.java:1541)
	at org.junit.platform.engine.support.hierarchical.SameThreadHierarchicalTestExecutorService.invokeAll(SameThreadHierarchicalTestExecutorService.java:41)
	at org.junit.platform.engine.support.hierarchical.NodeTestTask.lambda$executeRecursively$6(NodeTestTask.java:155)
	at org.junit.platform.engine.support.hierarchical.ThrowableCollector.execute(ThrowableCollector.java:73)
	at org.junit.platform.engine.support.hierarchical.NodeTestTask.lambda$executeRecursively$8(NodeTestTask.java:141)
	at org.junit.platform.engine.support.hierarchical.Node.around(Node.java:137)
	at org.junit.platform.engine.support.hierarchical.NodeTestTask.lambda$executeRecursively$9(NodeTestTask.java:139)
	at org.junit.platform.engine.support.hierarchical.ThrowableCollector.execute(ThrowableCollector.java:73)
	at org.junit.platform.engine.support.hierarchical.NodeTestTask.executeRecursively(NodeTestTask.java:138)
	at org.junit.platform.engine.support.hierarchical.NodeTestTask.execute(NodeTestTask.java:95)
	at org.junit.platform.engine.support.hierarchical.SameThreadHierarchicalTestExecutorService.submit(SameThreadHierarchicalTestExecutorService.java:35)
	at org.junit.platform.engine.support.hierarchical.HierarchicalTestExecutor.execute(HierarchicalTestExecutor.java:57)
	at org.junit.platform.engine.support.hierarchical.HierarchicalTestEngine.execute(HierarchicalTestEngine.java:54)
	at org.junit.platform.launcher.core.EngineExecutionOrchestrator.execute(EngineExecutionOrchestrator.java:107)
	at org.junit.platform.launcher.core.EngineExecutionOrchestrator.execute(EngineExecutionOrchestrator.java:88)
	at org.junit.platform.launcher.core.EngineExecutionOrchestrator.lambda$execute$0(EngineExecutionOrchestrator.java:54)
	at org.junit.platform.launcher.core.EngineExecutionOrchestrator.withInterceptedStreams(EngineExecutionOrchestrator.java:67)
	at org.junit.platform.launcher.core.EngineExecutionOrchestrator.execute(EngineExecutionOrchestrator.java:52)
	at org.junit.platform.launcher.core.DefaultLauncher.execute(DefaultLauncher.java:114)
	at org.junit.platform.launcher.core.DefaultLauncher.execute(DefaultLauncher.java:86)
	at org.junit.platform.launcher.core.DefaultLauncherSession$DelegatingLauncher.execute(DefaultLauncherSession.java:86)
	at org.junit.platform.launcher.core.SessionPerRequestLauncher.execute(SessionPerRequestLauncher.java:53)
	at com.intellij.junit5.JUnit5IdeaTestRunner.startRunnerWithArgs(JUnit5IdeaTestRunner.java:71)
	at com.intellij.rt.junit.IdeaTestRunner$Repeater$1.execute(IdeaTestRunner.java:38)
	at com.intellij.rt.execution.junit.TestsRepeater.repeat(TestsRepeater.java:11)
	at com.intellij.rt.junit.IdeaTestRunner$Repeater.startRunnerWithArgs(IdeaTestRunner.java:35)
	at com.intellij.rt.junit.JUnitStarter.prepareStreamsAndStart(JUnitStarter.java:235)
	at com.intellij.rt.junit.JUnitStarter.main(JUnitStarter.java:54)
Caused by: javax.validation.UnexpectedTypeException: HV000030: No validator could be found for constraint 'javax.validation.constraints.Past' validating type 'java.lang.String'. Check configuration for 'birthdate'
	at org.hibernate.validator.internal.engine.constraintvalidation.ConstraintTree.getExceptionForNullValidator(ConstraintTree.java:116)
	at org.hibernate.validator.internal.engine.constraintvalidation.ConstraintTree.getInitializedConstraintValidator(ConstraintTree.java:162)
	at org.hibernate.validator.internal.engine.constraintvalidation.SimpleConstraintTree.validateConstraints(SimpleConstraintTree.java:54)
	at org.hibernate.validator.internal.engine.constraintvalidation.ConstraintTree.validateConstraints(ConstraintTree.java:75)
	at org.hibernate.validator.internal.metadata.core.MetaConstraint.doValidateConstraint(MetaConstraint.java:130)
	at org.hibernate.validator.internal.metadata.core.MetaConstraint.validateConstraint(MetaConstraint.java:123)
	at org.hibernate.validator.internal.engine.ValidatorImpl.validateMetaConstraint(ValidatorImpl.java:555)
	at org.hibernate.validator.internal.engine.ValidatorImpl.validateConstraintsForSingleDefaultGroupElement(ValidatorImpl.java:518)
	at org.hibernate.validator.internal.engine.ValidatorImpl.validateConstraintsForDefaultGroup(ValidatorImpl.java:488)
	at org.hibernate.validator.internal.engine.ValidatorImpl.validateConstraintsForCurrentGroup(ValidatorImpl.java:450)
	at org.hibernate.validator.internal.engine.ValidatorImpl.validateInContext(ValidatorImpl.java:400)
	at org.hibernate.validator.internal.engine.ValidatorImpl.validate(ValidatorImpl.java:172)
	at org.springframework.validation.beanvalidation.SpringValidatorAdapter.validate(SpringValidatorAdapter.java:109)
	at org.springframework.boot.autoconfigure.validation.ValidatorAdapter.validate(ValidatorAdapter.java:66)
	at org.springframework.validation.DataBinder.validate(DataBinder.java:933)
	at org.springframework.web.servlet.mvc.method.annotation.AbstractMessageConverterMethodArgumentResolver.validateIfApplicable(AbstractMessageConverterMethodArgumentResolver.java:250)
	at org.springframework.web.servlet.mvc.method.annotation.RequestResponseBodyMethodProcessor.resolveArgument(RequestResponseBodyMethodProcessor.java:139)
	at org.springframework.web.method.support.HandlerMethodArgumentResolverComposite.resolveArgument(HandlerMethodArgumentResolverComposite.java:122)
	at org.springframework.web.method.support.InvocableHandlerMethod.getMethodArgumentValues(InvocableHandlerMethod.java:179)
	at org.springframework.web.method.support.InvocableHandlerMethod.invokeForRequest(InvocableHandlerMethod.java:146)
	at org.springframework.web.servlet.mvc.method.annotation.ServletInvocableHandlerMethod.invokeAndHandle(ServletInvocableHandlerMethod.java:117)
	at org.springframework.web.servlet.mvc.method.annotation.RequestMappingHandlerAdapter.invokeHandlerMethod(RequestMappingHandlerAdapter.java:895)
	at org.springframework.web.servlet.mvc.method.annotation.RequestMappingHandlerAdapter.handleInternal(RequestMappingHandlerAdapter.java:808)
	at org.springframework.web.servlet.mvc.method.AbstractHandlerMethodAdapter.handle(AbstractHandlerMethodAdapter.java:87)
	at org.springframework.web.servlet.DispatcherServlet.doDispatch(DispatcherServlet.java:1070)
	at org.springframework.web.servlet.DispatcherServlet.doService(DispatcherServlet.java:963)
	at org.springframework.web.servlet.FrameworkServlet.processRequest(FrameworkServlet.java:1006)
	... 87 common frames omitted

01/08/2022 19:08:05 ERROR com.safety.safetyNet.controller.SafetyNetMedicalRecordControllerTest
 error :
org.springframework.web.util.NestedServletException: Request processing failed; nested exception is javax.validation.UnexpectedTypeException: HV000030: No validator could be found for constraint 'javax.validation.constraints.Past' validating type 'java.lang.String'. Check configuration for 'birthdate'
	at org.springframework.web.servlet.FrameworkServlet.processRequest(FrameworkServlet.java:1014)
	at org.springframework.web.servlet.FrameworkServlet.doPost(FrameworkServlet.java:909)
	at javax.servlet.http.HttpServlet.service(HttpServlet.java:681)
	at org.springframework.web.servlet.FrameworkServlet.service(FrameworkServlet.java:883)
	at org.springframework.test.web.servlet.TestDispatcherServlet.service(TestDispatcherServlet.java:72)
	at javax.servlet.http.HttpServlet.service(HttpServlet.java:764)
	at org.springframework.mock.web.MockFilterChain$ServletFilterProxy.doFilter(MockFilterChain.java:167)
	at org.springframework.mock.web.MockFilterChain.doFilter(MockFilterChain.java:134)
	at org.springframework.web.filter.RequestContextFilter.doFilterInternal(RequestContextFilter.java:100)
	at org.springframework.web.filter.OncePerRequestFilter.doFilter(OncePerRequestFilter.java:117)
	at org.springframework.mock.web.MockFilterChain.doFilter(MockFilterChain.java:134)
	at org.springframework.web.filter.FormContentFilter.doFilterInternal(FormContentFilter.java:93)
	at org.springframework.web.filter.OncePerRequestFilter.doFilter(OncePerRequestFilter.java:117)
	at org.springframework.mock.web.MockFilterChain.doFilter(MockFilterChain.java:134)
	at org.springframework.web.filter.CharacterEncodingFilter.doFilterInternal(CharacterEncodingFilter.java:201)
	at org.springframework.web.filter.OncePerRequestFilter.doFilter(OncePerRequestFilter.java:117)
	at org.springframework.mock.web.MockFilterChain.doFilter(MockFilterChain.java:134)
	at org.springframework.test.web.servlet.MockMvc.perform(MockMvc.java:199)
	at com.safety.safetyNet.controller.SafetyNetMedicalRecordControllerTest.testPostMedicalRecord(SafetyNetMedicalRecordControllerTest.java:38)
	at java.base/jdk.internal.reflect.NativeMethodAccessorImpl.invoke0(Native Method)
	at java.base/jdk.internal.reflect.NativeMethodAccessorImpl.invoke(NativeMethodAccessorImpl.java:62)
	at java.base/jdk.internal.reflect.DelegatingMethodAccessorImpl.invoke(DelegatingMethodAccessorImpl.java:43)
	at java.base/java.lang.reflect.Method.invoke(Method.java:566)
	at org.junit.platform.commons.util.ReflectionUtils.invokeMethod(ReflectionUtils.java:725)
	at org.junit.jupiter.engine.execution.MethodInvocation.proceed(MethodInvocation.java:60)
	at org.junit.jupiter.engine.execution.InvocationInterceptorChain$ValidatingInvocation.proceed(InvocationInterceptorChain.java:131)
	at org.junit.jupiter.engine.extension.TimeoutExtension.intercept(TimeoutExtension.java:149)
	at org.junit.jupiter.engine.extension.TimeoutExtension.interceptTestableMethod(TimeoutExtension.java:140)
	at org.junit.jupiter.engine.extension.TimeoutExtension.interceptTestMethod(TimeoutExtension.java:84)
	at org.junit.jupiter.engine.execution.ExecutableInvoker$ReflectiveInterceptorCall.lambda$ofVoidMethod$0(ExecutableInvoker.java:115)
	at org.junit.jupiter.engine.execution.ExecutableInvoker.lambda$invoke$0(ExecutableInvoker.java:105)
	at org.junit.jupiter.engine.execution.InvocationInterceptorChain$InterceptedInvocation.proceed(InvocationInterceptorChain.java:106)
	at org.junit.jupiter.engine.execution.InvocationInterceptorChain.proceed(InvocationInterceptorChain.java:64)
	at org.junit.jupiter.engine.execution.InvocationInterceptorChain.chainAndInvoke(InvocationInterceptorChain.java:45)
	at org.junit.jupiter.engine.execution.InvocationInterceptorChain.invoke(InvocationInterceptorChain.java:37)
	at org.junit.jupiter.engine.execution.ExecutableInvoker.invoke(ExecutableInvoker.java:104)
	at org.junit.jupiter.engine.execution.ExecutableInvoker.invoke(ExecutableInvoker.java:98)
	at org.junit.jupiter.engine.descriptor.TestMethodTestDescriptor.lambda$invokeTestMethod$7(TestMethodTestDescriptor.java:214)
	at org.junit.platform.engine.support.hierarchical.ThrowableCollector.execute(ThrowableCollector.java:73)
	at org.junit.jupiter.engine.descriptor.TestMethodTestDescriptor.invokeTestMethod(TestMethodTestDescriptor.java:210)
	at org.junit.jupiter.engine.descriptor.TestMethodTestDescriptor.execute(TestMethodTestDescriptor.java:135)
	at org.junit.jupiter.engine.descriptor.TestMethodTestDescriptor.execute(TestMethodTestDescriptor.java:66)
	at org.junit.platform.engine.support.hierarchical.NodeTestTask.lambda$executeRecursively$6(NodeTestTask.java:151)
	at org.junit.platform.engine.support.hierarchical.ThrowableCollector.execute(ThrowableCollector.java:73)
	at org.junit.platform.engine.support.hierarchical.NodeTestTask.lambda$executeRecursively$8(NodeTestTask.java:141)
	at org.junit.platform.engine.support.hierarchical.Node.around(Node.java:137)
	at org.junit.platform.engine.support.hierarchical.NodeTestTask.lambda$executeRecursively$9(NodeTestTask.java:139)
	at org.junit.platform.engine.support.hierarchical.ThrowableCollector.execute(ThrowableCollector.java:73)
	at org.junit.platform.engine.support.hierarchical.NodeTestTask.executeRecursively(NodeTestTask.java:138)
	at org.junit.platform.engine.support.hierarchical.NodeTestTask.execute(NodeTestTask.java:95)
	at java.base/java.util.ArrayList.forEach(ArrayList.java:1541)
	at org.junit.platform.engine.support.hierarchical.SameThreadHierarchicalTestExecutorService.invokeAll(SameThreadHierarchicalTestExecutorService.java:41)
	at org.junit.platform.engine.support.hierarchical.NodeTestTask.lambda$executeRecursively$6(NodeTestTask.java:155)
	at org.junit.platform.engine.support.hierarchical.ThrowableCollector.execute(ThrowableCollector.java:73)
	at org.junit.platform.engine.support.hierarchical.NodeTestTask.lambda$executeRecursively$8(NodeTestTask.java:141)
	at org.junit.platform.engine.support.hierarchical.Node.around(Node.java:137)
	at org.junit.platform.engine.support.hierarchical.NodeTestTask.lambda$executeRecursively$9(NodeTestTask.java:139)
	at org.junit.platform.engine.support.hierarchical.ThrowableCollector.execute(ThrowableCollector.java:73)
	at org.junit.platform.engine.support.hierarchical.NodeTestTask.executeRecursively(NodeTestTask.java:138)
	at org.junit.platform.engine.support.hierarchical.NodeTestTask.execute(NodeTestTask.java:95)
	at java.base/java.util.ArrayList.forEach(ArrayList.java:1541)
	at org.junit.platform.engine.support.hierarchical.SameThreadHierarchicalTestExecutorService.invokeAll(SameThreadHierarchicalTestExecutorService.java:41)
	at org.junit.platform.engine.support.hierarchical.NodeTestTask.lambda$executeRecursively$6(NodeTestTask.java:155)
	at org.junit.platform.engine.support.hierarchical.ThrowableCollector.execute(ThrowableCollector.java:73)
	at org.junit.platform.engine.support.hierarchical.NodeTestTask.lambda$executeRecursively$8(NodeTestTask.java:141)
	at org.junit.platform.engine.support.hierarchical.Node.around(Node.java:137)
	at org.junit.platform.engine.support.hierarchical.NodeTestTask.lambda$executeRecursively$9(NodeTestTask.java:139)
	at org.junit.platform.engine.support.hierarchical.ThrowableCollector.execute(ThrowableCollector.java:73)
	at org.junit.platform.engine.support.hierarchical.NodeTestTask.executeRecursively(NodeTestTask.java:138)
	at org.junit.platform.engine.support.hierarchical.NodeTestTask.execute(NodeTestTask.java:95)
	at org.junit.platform.engine.support.hierarchical.SameThreadHierarchicalTestExecutorService.submit(SameThreadHierarchicalTestExecutorService.java:35)
	at org.junit.platform.engine.support.hierarchical.HierarchicalTestExecutor.execute(HierarchicalTestExecutor.java:57)
	at org.junit.platform.engine.support.hierarchical.HierarchicalTestEngine.execute(HierarchicalTestEngine.java:54)
	at org.junit.platform.launcher.core.EngineExecutionOrchestrator.execute(EngineExecutionOrchestrator.java:107)
	at org.junit.platform.launcher.core.EngineExecutionOrchestrator.execute(EngineExecutionOrchestrator.java:88)
	at org.junit.platform.launcher.core.EngineExecutionOrchestrator.lambda$execute$0(EngineExecutionOrchestrator.java:54)
	at org.junit.platform.launcher.core.EngineExecutionOrchestrator.withInterceptedStreams(EngineExecutionOrchestrator.java:67)
	at org.junit.platform.launcher.core.EngineExecutionOrchestrator.execute(EngineExecutionOrchestrator.java:52)
	at org.junit.platform.launcher.core.DefaultLauncher.execute(DefaultLauncher.java:114)
	at org.junit.platform.launcher.core.DefaultLauncher.execute(DefaultLauncher.java:86)
	at org.junit.platform.launcher.core.DefaultLauncherSession$DelegatingLauncher.execute(DefaultLauncherSession.java:86)
	at org.junit.platform.launcher.core.SessionPerRequestLauncher.execute(SessionPerRequestLauncher.java:53)
	at com.intellij.junit5.JUnit5IdeaTestRunner.startRunnerWithArgs(JUnit5IdeaTestRunner.java:71)
	at com.intellij.rt.junit.IdeaTestRunner$Repeater$1.execute(IdeaTestRunner.java:38)
	at com.intellij.rt.execution.junit.TestsRepeater.repeat(TestsRepeater.java:11)
	at com.intellij.rt.junit.IdeaTestRunner$Repeater.startRunnerWithArgs(IdeaTestRunner.java:35)
	at com.intellij.rt.junit.JUnitStarter.prepareStreamsAndStart(JUnitStarter.java:235)
	at com.intellij.rt.junit.JUnitStarter.main(JUnitStarter.java:54)
Caused by: javax.validation.UnexpectedTypeException: HV000030: No validator could be found for constraint 'javax.validation.constraints.Past' validating type 'java.lang.String'. Check configuration for 'birthdate'
	at org.hibernate.validator.internal.engine.constraintvalidation.ConstraintTree.getExceptionForNullValidator(ConstraintTree.java:116)
	at org.hibernate.validator.internal.engine.constraintvalidation.ConstraintTree.getInitializedConstraintValidator(ConstraintTree.java:162)
	at org.hibernate.validator.internal.engine.constraintvalidation.SimpleConstraintTree.validateConstraints(SimpleConstraintTree.java:54)
	at org.hibernate.validator.internal.engine.constraintvalidation.ConstraintTree.validateConstraints(ConstraintTree.java:75)
	at org.hibernate.validator.internal.metadata.core.MetaConstraint.doValidateConstraint(MetaConstraint.java:130)
	at org.hibernate.validator.internal.metadata.core.MetaConstraint.validateConstraint(MetaConstraint.java:123)
	at org.hibernate.validator.internal.engine.ValidatorImpl.validateMetaConstraint(ValidatorImpl.java:555)
	at org.hibernate.validator.internal.engine.ValidatorImpl.validateConstraintsForSingleDefaultGroupElement(ValidatorImpl.java:518)
	at org.hibernate.validator.internal.engine.ValidatorImpl.validateConstraintsForDefaultGroup(ValidatorImpl.java:488)
	at org.hibernate.validator.internal.engine.ValidatorImpl.validateConstraintsForCurrentGroup(ValidatorImpl.java:450)
	at org.hibernate.validator.internal.engine.ValidatorImpl.validateInContext(ValidatorImpl.java:400)
	at org.hibernate.validator.internal.engine.ValidatorImpl.validate(ValidatorImpl.java:172)
	at org.springframework.validation.beanvalidation.SpringValidatorAdapter.validate(SpringValidatorAdapter.java:109)
	at org.springframework.boot.autoconfigure.validation.ValidatorAdapter.validate(ValidatorAdapter.java:66)
	at org.springframework.validation.DataBinder.validate(DataBinder.java:933)
	at org.springframework.web.servlet.mvc.method.annotation.AbstractMessageConverterMethodArgumentResolver.validateIfApplicable(AbstractMessageConverterMethodArgumentResolver.java:250)
	at org.springframework.web.servlet.mvc.method.annotation.RequestResponseBodyMethodProcessor.resolveArgument(RequestResponseBodyMethodProcessor.java:139)
	at org.springframework.web.method.support.HandlerMethodArgumentResolverComposite.resolveArgument(HandlerMethodArgumentResolverComposite.java:122)
	at org.springframework.web.method.support.InvocableHandlerMethod.getMethodArgumentValues(InvocableHandlerMethod.java:179)
	at org.springframework.web.method.support.InvocableHandlerMethod.invokeForRequest(InvocableHandlerMethod.java:146)
	at org.springframework.web.servlet.mvc.method.annotation.ServletInvocableHandlerMethod.invokeAndHandle(ServletInvocableHandlerMethod.java:117)
	at org.springframework.web.servlet.mvc.method.annotation.RequestMappingHandlerAdapter.invokeHandlerMethod(RequestMappingHandlerAdapter.java:895)
	at org.springframework.web.servlet.mvc.method.annotation.RequestMappingHandlerAdapter.handleInternal(RequestMappingHandlerAdapter.java:808)
	at org.springframework.web.servlet.mvc.method.AbstractHandlerMethodAdapter.handle(AbstractHandlerMethodAdapter.java:87)
	at org.springframework.web.servlet.DispatcherServlet.doDispatch(DispatcherServlet.java:1070)
	at org.springframework.web.servlet.DispatcherServlet.doService(DispatcherServlet.java:963)
	at org.springframework.web.servlet.FrameworkServlet.processRequest(FrameworkServlet.java:1006)
	... 87 common frames omitted

01/08/2022 19:08:05 INFO com.safety.safetyNet.controller.SafetyNetMedicalRecordController
 Requête DELETE deleteMedicalRecord : DeletePerson(firstName=Olivier, lastName=Froidefond)

01/08/2022 19:08:05 ERROR com.safety.safetyNet.service.MedicalRecordIT
 error :
org.springframework.web.util.NestedServletException: Request processing failed; nested exception is javax.validation.UnexpectedTypeException: HV000030: No validator could be found for constraint 'javax.validation.constraints.Past' validating type 'java.lang.String'. Check configuration for 'birthdate'
	at org.springframework.web.servlet.FrameworkServlet.processRequest(FrameworkServlet.java:1014)
	at org.springframework.web.servlet.FrameworkServlet.doPost(FrameworkServlet.java:909)
	at javax.servlet.http.HttpServlet.service(HttpServlet.java:681)
	at org.springframework.web.servlet.FrameworkServlet.service(FrameworkServlet.java:883)
	at org.springframework.test.web.servlet.TestDispatcherServlet.service(TestDispatcherServlet.java:72)
	at javax.servlet.http.HttpServlet.service(HttpServlet.java:764)
	at org.springframework.mock.web.MockFilterChain$ServletFilterProxy.doFilter(MockFilterChain.java:167)
	at org.springframework.mock.web.MockFilterChain.doFilter(MockFilterChain.java:134)
	at org.springframework.web.filter.RequestContextFilter.doFilterInternal(RequestContextFilter.java:100)
	at org.springframework.web.filter.OncePerRequestFilter.doFilter(OncePerRequestFilter.java:117)
	at org.springframework.mock.web.MockFilterChain.doFilter(MockFilterChain.java:134)
	at org.springframework.web.filter.FormContentFilter.doFilterInternal(FormContentFilter.java:93)
	at org.springframework.web.filter.OncePerRequestFilter.doFilter(OncePerRequestFilter.java:117)
	at org.springframework.mock.web.MockFilterChain.doFilter(MockFilterChain.java:134)
	at org.springframework.boot.actuate.metrics.web.servlet.WebMvcMetricsFilter.doFilterInternal(WebMvcMetricsFilter.java:96)
	at org.springframework.web.filter.OncePerRequestFilter.doFilter(OncePerRequestFilter.java:117)
	at org.springframework.mock.web.MockFilterChain.doFilter(MockFilterChain.java:134)
	at org.springframework.web.filter.CharacterEncodingFilter.doFilterInternal(CharacterEncodingFilter.java:201)
	at org.springframework.web.filter.OncePerRequestFilter.doFilter(OncePerRequestFilter.java:117)
	at org.springframework.mock.web.MockFilterChain.doFilter(MockFilterChain.java:134)
	at org.springframework.test.web.servlet.MockMvc.perform(MockMvc.java:199)
	at com.safety.safetyNet.service.MedicalRecordIT.testMedicalRecord1(MedicalRecordIT.java:61)
	at java.base/jdk.internal.reflect.NativeMethodAccessorImpl.invoke0(Native Method)
	at java.base/jdk.internal.reflect.NativeMethodAccessorImpl.invoke(NativeMethodAccessorImpl.java:62)
	at java.base/jdk.internal.reflect.DelegatingMethodAccessorImpl.invoke(DelegatingMethodAccessorImpl.java:43)
	at java.base/java.lang.reflect.Method.invoke(Method.java:566)
	at org.junit.platform.commons.util.ReflectionUtils.invokeMethod(ReflectionUtils.java:725)
	at org.junit.jupiter.engine.execution.MethodInvocation.proceed(MethodInvocation.java:60)
	at org.junit.jupiter.engine.execution.InvocationInterceptorChain$ValidatingInvocation.proceed(InvocationInterceptorChain.java:131)
	at org.junit.jupiter.engine.extension.TimeoutExtension.intercept(TimeoutExtension.java:149)
	at org.junit.jupiter.engine.extension.TimeoutExtension.interceptTestableMethod(TimeoutExtension.java:140)
	at org.junit.jupiter.engine.extension.TimeoutExtension.interceptTestMethod(TimeoutExtension.java:84)
	at org.junit.jupiter.engine.execution.ExecutableInvoker$ReflectiveInterceptorCall.lambda$ofVoidMethod$0(ExecutableInvoker.java:115)
	at org.junit.jupiter.engine.execution.ExecutableInvoker.lambda$invoke$0(ExecutableInvoker.java:105)
	at org.junit.jupiter.engine.execution.InvocationInterceptorChain$InterceptedInvocation.proceed(InvocationInterceptorChain.java:106)
	at org.junit.jupiter.engine.execution.InvocationInterceptorChain.proceed(InvocationInterceptorChain.java:64)
	at org.junit.jupiter.engine.execution.InvocationInterceptorChain.chainAndInvoke(InvocationInterceptorChain.java:45)
	at org.junit.jupiter.engine.execution.InvocationInterceptorChain.invoke(InvocationInterceptorChain.java:37)
	at org.junit.jupiter.engine.execution.ExecutableInvoker.invoke(ExecutableInvoker.java:104)
	at org.junit.jupiter.engine.execution.ExecutableInvoker.invoke(ExecutableInvoker.java:98)
	at org.junit.jupiter.engine.descriptor.TestMethodTestDescriptor.lambda$invokeTestMethod$7(TestMethodTestDescriptor.java:214)
	at org.junit.platform.engine.support.hierarchical.ThrowableCollector.execute(ThrowableCollector.java:73)
	at org.junit.jupiter.engine.descriptor.TestMethodTestDescriptor.invokeTestMethod(TestMethodTestDescriptor.java:210)
	at org.junit.jupiter.engine.descriptor.TestMethodTestDescriptor.execute(TestMethodTestDescriptor.java:135)
	at org.junit.jupiter.engine.descriptor.TestMethodTestDescriptor.execute(TestMethodTestDescriptor.java:66)
	at org.junit.platform.engine.support.hierarchical.NodeTestTask.lambda$executeRecursively$6(NodeTestTask.java:151)
	at org.junit.platform.engine.support.hierarchical.ThrowableCollector.execute(ThrowableCollector.java:73)
	at org.junit.platform.engine.support.hierarchical.NodeTestTask.lambda$executeRecursively$8(NodeTestTask.java:141)
	at org.junit.platform.engine.support.hierarchical.Node.around(Node.java:137)
	at org.junit.platform.engine.support.hierarchical.NodeTestTask.lambda$executeRecursively$9(NodeTestTask.java:139)
	at org.junit.platform.engine.support.hierarchical.ThrowableCollector.execute(ThrowableCollector.java:73)
	at org.junit.platform.engine.support.hierarchical.NodeTestTask.executeRecursively(NodeTestTask.java:138)
	at org.junit.platform.engine.support.hierarchical.NodeTestTask.execute(NodeTestTask.java:95)
	at java.base/java.util.ArrayList.forEach(ArrayList.java:1541)
	at org.junit.platform.engine.support.hierarchical.SameThreadHierarchicalTestExecutorService.invokeAll(SameThreadHierarchicalTestExecutorService.java:41)
	at org.junit.platform.engine.support.hierarchical.NodeTestTask.lambda$executeRecursively$6(NodeTestTask.java:155)
	at org.junit.platform.engine.support.hierarchical.ThrowableCollector.execute(ThrowableCollector.java:73)
	at org.junit.platform.engine.support.hierarchical.NodeTestTask.lambda$executeRecursively$8(NodeTestTask.java:141)
	at org.junit.platform.engine.support.hierarchical.Node.around(Node.java:137)
	at org.junit.platform.engine.support.hierarchical.NodeTestTask.lambda$executeRecursively$9(NodeTestTask.java:139)
	at org.junit.platform.engine.support.hierarchical.ThrowableCollector.execute(ThrowableCollector.java:73)
	at org.junit.platform.engine.support.hierarchical.NodeTestTask.executeRecursively(NodeTestTask.java:138)
	at org.junit.platform.engine.support.hierarchical.NodeTestTask.execute(NodeTestTask.java:95)
	at java.base/java.util.ArrayList.forEach(ArrayList.java:1541)
	at org.junit.platform.engine.support.hierarchical.SameThreadHierarchicalTestExecutorService.invokeAll(SameThreadHierarchicalTestExecutorService.java:41)
	at org.junit.platform.engine.support.hierarchical.NodeTestTask.lambda$executeRecursively$6(NodeTestTask.java:155)
	at org.junit.platform.engine.support.hierarchical.ThrowableCollector.execute(ThrowableCollector.java:73)
	at org.junit.platform.engine.support.hierarchical.NodeTestTask.lambda$executeRecursively$8(NodeTestTask.java:141)
	at org.junit.platform.engine.support.hierarchical.Node.around(Node.java:137)
	at org.junit.platform.engine.support.hierarchical.NodeTestTask.lambda$executeRecursively$9(NodeTestTask.java:139)
	at org.junit.platform.engine.support.hierarchical.ThrowableCollector.execute(ThrowableCollector.java:73)
	at org.junit.platform.engine.support.hierarchical.NodeTestTask.executeRecursively(NodeTestTask.java:138)
	at org.junit.platform.engine.support.hierarchical.NodeTestTask.execute(NodeTestTask.java:95)
	at org.junit.platform.engine.support.hierarchical.SameThreadHierarchicalTestExecutorService.submit(SameThreadHierarchicalTestExecutorService.java:35)
	at org.junit.platform.engine.support.hierarchical.HierarchicalTestExecutor.execute(HierarchicalTestExecutor.java:57)
	at org.junit.platform.engine.support.hierarchical.HierarchicalTestEngine.execute(HierarchicalTestEngine.java:54)
	at org.junit.platform.launcher.core.EngineExecutionOrchestrator.execute(EngineExecutionOrchestrator.java:107)
	at org.junit.platform.launcher.core.EngineExecutionOrchestrator.execute(EngineExecutionOrchestrator.java:88)
	at org.junit.platform.launcher.core.EngineExecutionOrchestrator.lambda$execute$0(EngineExecutionOrchestrator.java:54)
	at org.junit.platform.launcher.core.EngineExecutionOrchestrator.withInterceptedStreams(EngineExecutionOrchestrator.java:67)
	at org.junit.platform.launcher.core.EngineExecutionOrchestrator.execute(EngineExecutionOrchestrator.java:52)
	at org.junit.platform.launcher.core.DefaultLauncher.execute(DefaultLauncher.java:114)
	at org.junit.platform.launcher.core.DefaultLauncher.execute(DefaultLauncher.java:86)
	at org.junit.platform.launcher.core.DefaultLauncherSession$DelegatingLauncher.execute(DefaultLauncherSession.java:86)
	at org.junit.platform.launcher.core.SessionPerRequestLauncher.execute(SessionPerRequestLauncher.java:53)
	at com.intellij.junit5.JUnit5IdeaTestRunner.startRunnerWithArgs(JUnit5IdeaTestRunner.java:71)
	at com.intellij.rt.junit.IdeaTestRunner$Repeater$1.execute(IdeaTestRunner.java:38)
	at com.intellij.rt.execution.junit.TestsRepeater.repeat(TestsRepeater.java:11)
	at com.intellij.rt.junit.IdeaTestRunner$Repeater.startRunnerWithArgs(IdeaTestRunner.java:35)
	at com.intellij.rt.junit.JUnitStarter.prepareStreamsAndStart(JUnitStarter.java:235)
	at com.intellij.rt.junit.JUnitStarter.main(JUnitStarter.java:54)
Caused by: javax.validation.UnexpectedTypeException: HV000030: No validator could be found for constraint 'javax.validation.constraints.Past' validating type 'java.lang.String'. Check configuration for 'birthdate'
	at org.hibernate.validator.internal.engine.constraintvalidation.ConstraintTree.getExceptionForNullValidator(ConstraintTree.java:116)
	at org.hibernate.validator.internal.engine.constraintvalidation.ConstraintTree.getInitializedConstraintValidator(ConstraintTree.java:162)
	at org.hibernate.validator.internal.engine.constraintvalidation.SimpleConstraintTree.validateConstraints(SimpleConstraintTree.java:54)
	at org.hibernate.validator.internal.engine.constraintvalidation.ConstraintTree.validateConstraints(ConstraintTree.java:75)
	at org.hibernate.validator.internal.metadata.core.MetaConstraint.doValidateConstraint(MetaConstraint.java:130)
	at org.hibernate.validator.internal.metadata.core.MetaConstraint.validateConstraint(MetaConstraint.java:123)
	at org.hibernate.validator.internal.engine.ValidatorImpl.validateMetaConstraint(ValidatorImpl.java:555)
	at org.hibernate.validator.internal.engine.ValidatorImpl.validateConstraintsForSingleDefaultGroupElement(ValidatorImpl.java:518)
	at org.hibernate.validator.internal.engine.ValidatorImpl.validateConstraintsForDefaultGroup(ValidatorImpl.java:488)
	at org.hibernate.validator.internal.engine.ValidatorImpl.validateConstraintsForCurrentGroup(ValidatorImpl.java:450)
	at org.hibernate.validator.internal.engine.ValidatorImpl.validateInContext(ValidatorImpl.java:400)
	at org.hibernate.validator.internal.engine.ValidatorImpl.validate(ValidatorImpl.java:172)
	at org.springframework.validation.beanvalidation.SpringValidatorAdapter.validate(SpringValidatorAdapter.java:109)
	at org.springframework.boot.autoconfigure.validation.ValidatorAdapter.validate(ValidatorAdapter.java:66)
	at org.springframework.validation.DataBinder.validate(DataBinder.java:933)
	at org.springframework.web.servlet.mvc.method.annotation.AbstractMessageConverterMethodArgumentResolver.validateIfApplicable(AbstractMessageConverterMethodArgumentResolver.java:250)
	at org.springframework.web.servlet.mvc.method.annotation.RequestResponseBodyMethodProcessor.resolveArgument(RequestResponseBodyMethodProcessor.java:139)
	at org.springframework.web.method.support.HandlerMethodArgumentResolverComposite.resolveArgument(HandlerMethodArgumentResolverComposite.java:122)
	at org.springframework.web.method.support.InvocableHandlerMethod.getMethodArgumentValues(InvocableHandlerMethod.java:179)
	at org.springframework.web.method.support.InvocableHandlerMethod.invokeForRequest(InvocableHandlerMethod.java:146)
	at org.springframework.web.servlet.mvc.method.annotation.ServletInvocableHandlerMethod.invokeAndHandle(ServletInvocableHandlerMethod.java:117)
	at org.springframework.web.servlet.mvc.method.annotation.RequestMappingHandlerAdapter.invokeHandlerMethod(RequestMappingHandlerAdapter.java:895)
	at org.springframework.web.servlet.mvc.method.annotation.RequestMappingHandlerAdapter.handleInternal(RequestMappingHandlerAdapter.java:808)
	at org.springframework.web.servlet.mvc.method.AbstractHandlerMethodAdapter.handle(AbstractHandlerMethodAdapter.java:87)
	at org.springframework.web.servlet.DispatcherServlet.doDispatch(DispatcherServlet.java:1070)
	at org.springframework.web.servlet.DispatcherServlet.doService(DispatcherServlet.java:963)
	at org.springframework.web.servlet.FrameworkServlet.processRequest(FrameworkServlet.java:1006)
	... 90 common frames omitted

01/08/2022 19:08:05 ERROR com.safety.safetyNet.service.MedicalRecordIT
 error :
org.springframework.web.util.NestedServletException: Request processing failed; nested exception is javax.validation.UnexpectedTypeException: HV000030: No validator could be found for constraint 'javax.validation.constraints.Past' validating type 'java.lang.String'. Check configuration for 'birthdate'
	at org.springframework.web.servlet.FrameworkServlet.processRequest(FrameworkServlet.java:1014)
	at org.springframework.web.servlet.FrameworkServlet.doPut(FrameworkServlet.java:920)
	at javax.servlet.http.HttpServlet.service(HttpServlet.java:684)
	at org.springframework.web.servlet.FrameworkServlet.service(FrameworkServlet.java:883)
	at org.springframework.test.web.servlet.TestDispatcherServlet.service(TestDispatcherServlet.java:72)
	at javax.servlet.http.HttpServlet.service(HttpServlet.java:764)
	at org.springframework.mock.web.MockFilterChain$ServletFilterProxy.doFilter(MockFilterChain.java:167)
	at org.springframework.mock.web.MockFilterChain.doFilter(MockFilterChain.java:134)
	at org.springframework.web.filter.RequestContextFilter.doFilterInternal(RequestContextFilter.java:100)
	at org.springframework.web.filter.OncePerRequestFilter.doFilter(OncePerRequestFilter.java:117)
	at org.springframework.mock.web.MockFilterChain.doFilter(MockFilterChain.java:134)
	at org.springframework.web.filter.FormContentFilter.doFilterInternal(FormContentFilter.java:93)
	at org.springframework.web.filter.OncePerRequestFilter.doFilter(OncePerRequestFilter.java:117)
	at org.springframework.mock.web.MockFilterChain.doFilter(MockFilterChain.java:134)
	at org.springframework.boot.actuate.metrics.web.servlet.WebMvcMetricsFilter.doFilterInternal(WebMvcMetricsFilter.java:96)
	at org.springframework.web.filter.OncePerRequestFilter.doFilter(OncePerRequestFilter.java:117)
	at org.springframework.mock.web.MockFilterChain.doFilter(MockFilterChain.java:134)
	at org.springframework.web.filter.CharacterEncodingFilter.doFilterInternal(CharacterEncodingFilter.java:201)
	at org.springframework.web.filter.OncePerRequestFilter.doFilter(OncePerRequestFilter.java:117)
	at org.springframework.mock.web.MockFilterChain.doFilter(MockFilterChain.java:134)
	at org.springframework.test.web.servlet.MockMvc.perform(MockMvc.java:199)
	at com.safety.safetyNet.service.MedicalRecordIT.testMedicalRecord2(MedicalRecordIT.java:96)
	at java.base/jdk.internal.reflect.NativeMethodAccessorImpl.invoke0(Native Method)
	at java.base/jdk.internal.reflect.NativeMethodAccessorImpl.invoke(NativeMethodAccessorImpl.java:62)
	at java.base/jdk.internal.reflect.DelegatingMethodAccessorImpl.invoke(DelegatingMethodAccessorImpl.java:43)
	at java.base/java.lang.reflect.Method.invoke(Method.java:566)
	at org.junit.platform.commons.util.ReflectionUtils.invokeMethod(ReflectionUtils.java:725)
	at org.junit.jupiter.engine.execution.MethodInvocation.proceed(MethodInvocation.java:60)
	at org.junit.jupiter.engine.execution.InvocationInterceptorChain$ValidatingInvocation.proceed(InvocationInterceptorChain.java:131)
	at org.junit.jupiter.engine.extension.TimeoutExtension.intercept(TimeoutExtension.java:149)
	at org.junit.jupiter.engine.extension.TimeoutExtension.interceptTestableMethod(TimeoutExtension.java:140)
	at org.junit.jupiter.engine.extension.TimeoutExtension.interceptTestMethod(TimeoutExtension.java:84)
	at org.junit.jupiter.engine.execution.ExecutableInvoker$ReflectiveInterceptorCall.lambda$ofVoidMethod$0(ExecutableInvoker.java:115)
	at org.junit.jupiter.engine.execution.ExecutableInvoker.lambda$invoke$0(ExecutableInvoker.java:105)
	at org.junit.jupiter.engine.execution.InvocationInterceptorChain$InterceptedInvocation.proceed(InvocationInterceptorChain.java:106)
	at org.junit.jupiter.engine.execution.InvocationInterceptorChain.proceed(InvocationInterceptorChain.java:64)
	at org.junit.jupiter.engine.execution.InvocationInterceptorChain.chainAndInvoke(InvocationInterceptorChain.java:45)
	at org.junit.jupiter.engine.execution.InvocationInterceptorChain.invoke(InvocationInterceptorChain.java:37)
	at org.junit.jupiter.engine.execution.ExecutableInvoker.invoke(ExecutableInvoker.java:104)
	at org.junit.jupiter.engine.execution.ExecutableInvoker.invoke(ExecutableInvoker.java:98)
	at org.junit.jupiter.engine.descriptor.TestMethodTestDescriptor.lambda$invokeTestMethod$7(TestMethodTestDescriptor.java:214)
	at org.junit.platform.engine.support.hierarchical.ThrowableCollector.execute(ThrowableCollector.java:73)
	at org.junit.jupiter.engine.descriptor.TestMethodTestDescriptor.invokeTestMethod(TestMethodTestDescriptor.java:210)
	at org.junit.jupiter.engine.descriptor.TestMethodTestDescriptor.execute(TestMethodTestDescriptor.java:135)
	at org.junit.jupiter.engine.descriptor.TestMethodTestDescriptor.execute(TestMethodTestDescriptor.java:66)
	at org.junit.platform.engine.support.hierarchical.NodeTestTask.lambda$executeRecursively$6(NodeTestTask.java:151)
	at org.junit.platform.engine.support.hierarchical.ThrowableCollector.execute(ThrowableCollector.java:73)
	at org.junit.platform.engine.support.hierarchical.NodeTestTask.lambda$executeRecursively$8(NodeTestTask.java:141)
	at org.junit.platform.engine.support.hierarchical.Node.around(Node.java:137)
	at org.junit.platform.engine.support.hierarchical.NodeTestTask.lambda$executeRecursively$9(NodeTestTask.java:139)
	at org.junit.platform.engine.support.hierarchical.ThrowableCollector.execute(ThrowableCollector.java:73)
	at org.junit.platform.engine.support.hierarchical.NodeTestTask.executeRecursively(NodeTestTask.java:138)
	at org.junit.platform.engine.support.hierarchical.NodeTestTask.execute(NodeTestTask.java:95)
	at java.base/java.util.ArrayList.forEach(ArrayList.java:1541)
	at org.junit.platform.engine.support.hierarchical.SameThreadHierarchicalTestExecutorService.invokeAll(SameThreadHierarchicalTestExecutorService.java:41)
	at org.junit.platform.engine.support.hierarchical.NodeTestTask.lambda$executeRecursively$6(NodeTestTask.java:155)
	at org.junit.platform.engine.support.hierarchical.ThrowableCollector.execute(ThrowableCollector.java:73)
	at org.junit.platform.engine.support.hierarchical.NodeTestTask.lambda$executeRecursively$8(NodeTestTask.java:141)
	at org.junit.platform.engine.support.hierarchical.Node.around(Node.java:137)
	at org.junit.platform.engine.support.hierarchical.NodeTestTask.lambda$executeRecursively$9(NodeTestTask.java:139)
	at org.junit.platform.engine.support.hierarchical.ThrowableCollector.execute(ThrowableCollector.java:73)
	at org.junit.platform.engine.support.hierarchical.NodeTestTask.executeRecursively(NodeTestTask.java:138)
	at org.junit.platform.engine.support.hierarchical.NodeTestTask.execute(NodeTestTask.java:95)
	at java.base/java.util.ArrayList.forEach(ArrayList.java:1541)
	at org.junit.platform.engine.support.hierarchical.SameThreadHierarchicalTestExecutorService.invokeAll(SameThreadHierarchicalTestExecutorService.java:41)
	at org.junit.platform.engine.support.hierarchical.NodeTestTask.lambda$executeRecursively$6(NodeTestTask.java:155)
	at org.junit.platform.engine.support.hierarchical.ThrowableCollector.execute(ThrowableCollector.java:73)
	at org.junit.platform.engine.support.hierarchical.NodeTestTask.lambda$executeRecursively$8(NodeTestTask.java:141)
	at org.junit.platform.engine.support.hierarchical.Node.around(Node.java:137)
	at org.junit.platform.engine.support.hierarchical.NodeTestTask.lambda$executeRecursively$9(NodeTestTask.java:139)
	at org.junit.platform.engine.support.hierarchical.ThrowableCollector.execute(ThrowableCollector.java:73)
	at org.junit.platform.engine.support.hierarchical.NodeTestTask.executeRecursively(NodeTestTask.java:138)
	at org.junit.platform.engine.support.hierarchical.NodeTestTask.execute(NodeTestTask.java:95)
	at org.junit.platform.engine.support.hierarchical.SameThreadHierarchicalTestExecutorService.submit(SameThreadHierarchicalTestExecutorService.java:35)
	at org.junit.platform.engine.support.hierarchical.HierarchicalTestExecutor.execute(HierarchicalTestExecutor.java:57)
	at org.junit.platform.engine.support.hierarchical.HierarchicalTestEngine.execute(HierarchicalTestEngine.java:54)
	at org.junit.platform.launcher.core.EngineExecutionOrchestrator.execute(EngineExecutionOrchestrator.java:107)
	at org.junit.platform.launcher.core.EngineExecutionOrchestrator.execute(EngineExecutionOrchestrator.java:88)
	at org.junit.platform.launcher.core.EngineExecutionOrchestrator.lambda$execute$0(EngineExecutionOrchestrator.java:54)
	at org.junit.platform.launcher.core.EngineExecutionOrchestrator.withInterceptedStreams(EngineExecutionOrchestrator.java:67)
	at org.junit.platform.launcher.core.EngineExecutionOrchestrator.execute(EngineExecutionOrchestrator.java:52)
	at org.junit.platform.launcher.core.DefaultLauncher.execute(DefaultLauncher.java:114)
	at org.junit.platform.launcher.core.DefaultLauncher.execute(DefaultLauncher.java:86)
	at org.junit.platform.launcher.core.DefaultLauncherSession$DelegatingLauncher.execute(DefaultLauncherSession.java:86)
	at org.junit.platform.launcher.core.SessionPerRequestLauncher.execute(SessionPerRequestLauncher.java:53)
	at com.intellij.junit5.JUnit5IdeaTestRunner.startRunnerWithArgs(JUnit5IdeaTestRunner.java:71)
	at com.intellij.rt.junit.IdeaTestRunner$Repeater$1.execute(IdeaTestRunner.java:38)
	at com.intellij.rt.execution.junit.TestsRepeater.repeat(TestsRepeater.java:11)
	at com.intellij.rt.junit.IdeaTestRunner$Repeater.startRunnerWithArgs(IdeaTestRunner.java:35)
	at com.intellij.rt.junit.JUnitStarter.prepareStreamsAndStart(JUnitStarter.java:235)
	at com.intellij.rt.junit.JUnitStarter.main(JUnitStarter.java:54)
Caused by: javax.validation.UnexpectedTypeException: HV000030: No validator could be found for constraint 'javax.validation.constraints.Past' validating type 'java.lang.String'. Check configuration for 'birthdate'
	at org.hibernate.validator.internal.engine.constraintvalidation.ConstraintTree.getExceptionForNullValidator(ConstraintTree.java:116)
	at org.hibernate.validator.internal.engine.constraintvalidation.ConstraintTree.getInitializedConstraintValidator(ConstraintTree.java:162)
	at org.hibernate.validator.internal.engine.constraintvalidation.SimpleConstraintTree.validateConstraints(SimpleConstraintTree.java:54)
	at org.hibernate.validator.internal.engine.constraintvalidation.ConstraintTree.validateConstraints(ConstraintTree.java:75)
	at org.hibernate.validator.internal.metadata.core.MetaConstraint.doValidateConstraint(MetaConstraint.java:130)
	at org.hibernate.validator.internal.metadata.core.MetaConstraint.validateConstraint(MetaConstraint.java:123)
	at org.hibernate.validator.internal.engine.ValidatorImpl.validateMetaConstraint(ValidatorImpl.java:555)
	at org.hibernate.validator.internal.engine.ValidatorImpl.validateConstraintsForSingleDefaultGroupElement(ValidatorImpl.java:518)
	at org.hibernate.validator.internal.engine.ValidatorImpl.validateConstraintsForDefaultGroup(ValidatorImpl.java:488)
	at org.hibernate.validator.internal.engine.ValidatorImpl.validateConstraintsForCurrentGroup(ValidatorImpl.java:450)
	at org.hibernate.validator.internal.engine.ValidatorImpl.validateInContext(ValidatorImpl.java:400)
	at org.hibernate.validator.internal.engine.ValidatorImpl.validate(ValidatorImpl.java:172)
	at org.springframework.validation.beanvalidation.SpringValidatorAdapter.validate(SpringValidatorAdapter.java:109)
	at org.springframework.boot.autoconfigure.validation.ValidatorAdapter.validate(ValidatorAdapter.java:66)
	at org.springframework.validation.DataBinder.validate(DataBinder.java:933)
	at org.springframework.web.servlet.mvc.method.annotation.AbstractMessageConverterMethodArgumentResolver.validateIfApplicable(AbstractMessageConverterMethodArgumentResolver.java:250)
	at org.springframework.web.servlet.mvc.method.annotation.RequestResponseBodyMethodProcessor.resolveArgument(RequestResponseBodyMethodProcessor.java:139)
	at org.springframework.web.method.support.HandlerMethodArgumentResolverComposite.resolveArgument(HandlerMethodArgumentResolverComposite.java:122)
	at org.springframework.web.method.support.InvocableHandlerMethod.getMethodArgumentValues(InvocableHandlerMethod.java:179)
	at org.springframework.web.method.support.InvocableHandlerMethod.invokeForRequest(InvocableHandlerMethod.java:146)
	at org.springframework.web.servlet.mvc.method.annotation.ServletInvocableHandlerMethod.invokeAndHandle(ServletInvocableHandlerMethod.java:117)
	at org.springframework.web.servlet.mvc.method.annotation.RequestMappingHandlerAdapter.invokeHandlerMethod(RequestMappingHandlerAdapter.java:895)
	at org.springframework.web.servlet.mvc.method.annotation.RequestMappingHandlerAdapter.handleInternal(RequestMappingHandlerAdapter.java:808)
	at org.springframework.web.servlet.mvc.method.AbstractHandlerMethodAdapter.handle(AbstractHandlerMethodAdapter.java:87)
	at org.springframework.web.servlet.DispatcherServlet.doDispatch(DispatcherServlet.java:1070)
	at org.springframework.web.servlet.DispatcherServlet.doService(DispatcherServlet.java:963)
	at org.springframework.web.servlet.FrameworkServlet.processRequest(FrameworkServlet.java:1006)
	... 90 common frames omitted

01/08/2022 19:08:05 INFO com.safety.safetyNet.controller.SafetyNetMedicalRecordController
 Requête DELETE deleteMedicalRecord : DeletePerson(firstName=Olivier, lastName=Froidefond)

01/08/2022 19:08:05 INFO com.safety.safetyNet.controller.SafetyNetFireStationController
 Requête reçue -> getFireStationNumber :5

01/08/2022 19:08:05 INFO com.safety.safetyNet.controller.SafetyNetFireStationController
 Objet retourné -> getFireStationNumber :[]

01/08/2022 19:08:06 INFO com.safety.safetyNet.controller.SafetyNetFireStationController
 Requête reçue -> postFireStation :FireStations(address=chemin d'enbiane, station=2)

01/08/2022 19:08:06 INFO com.safety.safetyNet.controller.SafetyNetFireStationController
 Requête reçue -> putFireStation :FireStations(address=chemin d'enbiane, station=5)

01/08/2022 19:08:06 INFO com.safety.safetyNet.controller.SafetyNetFireStationController
 Requête reçue -> deleteFireStation :FireStations(address=chemin d'enbiane, station=)

01/08/2022 19:08:06 INFO com.safety.safetyNet.controller.SafetyNetFireStationController
 Requête reçue -> getFireStationNumber :3

01/08/2022 19:08:06 INFO com.safety.safetyNet.controller.SafetyNetFireStationController
 Objet retourné -> getFireStationNumber :[ResponseFireStationByNumber(personsStationList=[PersonsStation(firstName=John, lastName=Boyd, address=1509 Culver St, phone=841-874-6512), PersonsStation(firstName=Jacob, lastName=Boyd, address=1509 Culver St, phone=841-874-6513), PersonsStation(firstName=Tenley, lastName=Boyd, address=1509 Culver St, phone=841-874-6512), PersonsStation(firstName=Roger, lastName=Boyd, address=1509 Culver St, phone=841-874-6512), PersonsStation(firstName=Felicia, lastName=Boyd, address=1509 Culver St, phone=841-874-6544), PersonsStation(firstName=Tessa, lastName=Carman, address=834 Binoc Ave, phone=841-874-6512), PersonsStation(firstName=Foster, lastName=Shepard, address=748 Townings Dr, phone=841-874-6544), PersonsStation(firstName=Clive, lastName=Ferguson, address=748 Townings Dr, phone=841-874-6741), PersonsStation(firstName=Tony, lastName=Cooper, address=112 Steppes Pl, phone=841-874-6874), PersonsStation(firstName=Ron, lastName=Peters, address=112 Steppes Pl, phone=841-874-8888), PersonsStation(firstName=Allison, lastName=Boyd, address=112 Steppes Pl, phone=841-874-9888), PersonsStation(firstName=Foster, lastName=Shepard, address=748 Townings Dr, phone=841-874-6544), PersonsStation(firstName=Clive, lastName=Ferguson, address=748 Townings Dr, phone=841-874-6741)], countPeople=CountPeople(children=3, adult=10))]

01/08/2022 19:08:06 INFO com.safety.safetyNet.controller.SafetyNetMailController
 Requête reçue -> getMailAllPersons :Culver

01/08/2022 19:08:06 INFO com.safety.safetyNet.controller.SafetyNetMailController
 Objet retourné -> getMailAllPersons :[aly@imail.com, bstel@email.com, clivfd@ymail.com, drk@email.com, gramps@email.com, jaboyd@email.com, jpeter@email.com, lily@email.com, reg@email.com, soph@email.com, ssanw@email.com, tcoop@ymail.com, tenz@email.com, ward@email.com, zarc@email.com]

01/08/2022 19:08:06 INFO com.safety.safetyNet.controller.SafetyNetChildrenController
 Requête reçue -> getAddressChild :1509 Culver 

01/08/2022 19:08:06 INFO com.safety.safetyNet.controller.SafetyNetChildrenController
 Objet retourné -> getAddressChild :[]

01/08/2022 19:08:06 INFO com.safety.safetyNet.controller.SafetyNetChildrenController
 Requête reçue -> getAddressChild :1509 Culver St

01/08/2022 19:08:06 INFO com.safety.safetyNet.controller.SafetyNetChildrenController
 Objet retourné -> getAddressChild :[PersonsByAddress(siblings=Siblings(children=[PersonsChildren(firstName=Tenley, lastName=Boyd, age=9), PersonsChildren(firstName=Roger, lastName=Boyd, age=5)]), adult=[PersonsAdult(firstName=John, lastName=Boyd), PersonsAdult(firstName=Jacob, lastName=Boyd), PersonsAdult(firstName=Felicia, lastName=Boyd)])]

01/08/2022 19:08:06 INFO org.springframework.boot.StartupInfoLogger
 Starting SafetyNetPersonControllerTest using Java 11.0.16 on MSI with PID 16736 (started by froid in C:\Users\froid\OneDrive\Bureau\OpenClassRooms\safetyNet)

01/08/2022 19:08:06 INFO org.springframework.boot.SpringApplication
 The following 1 profile is active: "test"

01/08/2022 19:08:07 INFO org.springframework.boot.StartupInfoLogger
 Started SafetyNetPersonControllerTest in 0.819 seconds (JVM running for 16.748)

01/08/2022 19:08:07 INFO com.safety.safetyNet.controller.SafetyNetPersonController
 Requête reçue -> putPerson :Persons(firstName=Olivier, lastName=Froidefond, address=6 rue jacques prevert, city=culver, zip=97451, phone=841-874-5584, email=toto@toto.fr)

01/08/2022 19:08:07 INFO com.safety.safetyNet.controller.SafetyNetPersonController
 Requête reçue -> deletePerson :DeletePerson(firstName=Olivier, lastName=Froidefond)

01/08/2022 19:08:07 INFO com.safety.safetyNet.controller.SafetyNetFireStationController
 Requête reçue -> getHomesAtThisStationNumber :1

01/08/2022 19:08:07 INFO com.safety.safetyNet.controller.SafetyNetFireStationController
 Objet retourné -> getHomesAtThisStationNumber :[ResponsePersonsByStationNumber(personsByFireStations=[PersonsFireStation(lastName=Duncan, age=22, email=jaboyd@email.com, medications=[], allergies=[shellfish])], address=644 Gershwin Cir), ResponsePersonsByStationNumber(personsByFireStations=[PersonsFireStation(lastName=Walker, age=41, email=reg@email.com, medications=[thradox:700mg], allergies=[illisoxian]), PersonsFireStation(lastName=Peters, age=40, email=jpeter@email.com, medications=[], allergies=[])], address=908 73rd St), ResponsePersonsByStationNumber(personsByFireStations=[PersonsFireStation(lastName=Stelzer, age=47, email=bstel@email.com, medications=[ibupurin:200mg, hydrapermazol:400mg], allergies=[nillacilan]), PersonsFireStation(lastName=Stelzer, age=42, email=ssanw@email.com, medications=[], allergies=[]), PersonsFireStation(lastName=Stelzer, age=8, email=bstel@email.com, medications=[noxidian:100mg, pharmacol:2500mg], allergies=[])], address=947 E. Rose Dr)]

01/08/2022 19:08:07 INFO com.safety.safetyNet.controller.SafetyNetFireStationController
 Requête reçue -> getHomesAtThisStationNumber :5

01/08/2022 19:08:07 INFO com.safety.safetyNet.controller.SafetyNetFireStationController
 Objet retourné -> getHomesAtThisStationNumber :[]

01/08/2022 19:08:07 INFO com.safety.safetyNet.controller.SafetyNetFireStationController
 Requête reçue -> putFireStation :FireStations(address=chemin d'enbiane, station=5)

01/08/2022 19:08:07 INFO com.safety.safetyNet.controller.SafetyNetFireStationController
 Requête reçue -> getHabitantAtThisAdrdress :1509 Culver St

01/08/2022 19:08:07 INFO com.safety.safetyNet.controller.SafetyNetFireStationController
 Objet retourné -> getHabitantAtThisAdrdress :[ResponsePersonsByAddress(personsMedicals=[PersonsMedical(lastName=Boyd, phone=841-874-6512, age=38, medications=[aznol:350mg, hydrapermazol:100mg], allergies=[nillacilan]), PersonsMedical(lastName=Boyd, phone=841-874-6513, age=33, medications=[pharmacol:5000mg, terazine:10mg, noznazol:250mg], allergies=[]), PersonsMedical(lastName=Boyd, phone=841-874-6512, age=9, medications=[], allergies=[peanut]), PersonsMedical(lastName=Boyd, phone=841-874-6512, age=5, medications=[], allergies=[]), PersonsMedical(lastName=Boyd, phone=841-874-6544, age=36, medications=[tetracyclaz:650mg], allergies=[xilliathal])], station=Station(station=3))]

01/08/2022 19:08:07 INFO com.safety.safetyNet.controller.SafetyNetFireStationController
 Requête reçue -> getHomesAtThisStationNumber :3

01/08/2022 19:08:07 INFO com.safety.safetyNet.controller.SafetyNetFireStationController
 Objet retourné -> getHomesAtThisStationNumber :[ResponsePersonsByStationNumber(personsByFireStations=[PersonsFireStation(lastName=Boyd, age=38, email=jaboyd@email.com, medications=[aznol:350mg, hydrapermazol:100mg], allergies=[nillacilan]), PersonsFireStation(lastName=Boyd, age=33, email=drk@email.com, medications=[pharmacol:5000mg, terazine:10mg, noznazol:250mg], allergies=[]), PersonsFireStation(lastName=Boyd, age=9, email=tenz@email.com, medications=[], allergies=[peanut]), PersonsFireStation(lastName=Boyd, age=5, email=jaboyd@email.com, medications=[], allergies=[]), PersonsFireStation(lastName=Boyd, age=36, email=jaboyd@email.com, medications=[tetracyclaz:650mg], allergies=[xilliathal])], address=1509 Culver St), ResponsePersonsByStationNumber(personsByFireStations=[PersonsFireStation(lastName=Carman, age=9, email=tenz@email.com, medications=[], allergies=[])], address=834 Binoc Ave), ResponsePersonsByStationNumber(personsByFireStations=[PersonsFireStation(lastName=Shepard, age=42, email=jaboyd@email.com, medications=[], allergies=[]), PersonsFireStation(lastName=Ferguson, age=28, email=clivfd@ymail.com, medications=[], allergies=[])], address=748 Townings Dr), ResponsePersonsByStationNumber(personsByFireStations=[PersonsFireStation(lastName=Cooper, age=28, email=tcoop@ymail.com, medications=[hydrapermazol:300mg, dodoxadin:30mg], allergies=[shellfish]), PersonsFireStation(lastName=Peters, age=57, email=jpeter@email.com, medications=[], allergies=[]), PersonsFireStation(lastName=Boyd, age=56, email=aly@imail.com, medications=[aznol:200mg], allergies=[nillacilan])], address=112 Steppes Pl), ResponsePersonsByStationNumber(personsByFireStations=[PersonsFireStation(lastName=Shepard, age=42, email=jaboyd@email.com, medications=[], allergies=[]), PersonsFireStation(lastName=Ferguson, age=28, email=clivfd@ymail.com, medications=[], allergies=[])], address=748 Townings Dr)]

01/08/2022 19:08:07 INFO com.safety.safetyNet.controller.SafetyNetFireStationController
 Requête reçue -> deleteFireStation :FireStations(address=chemin d'enbiane, station=)

01/08/2022 19:08:07 INFO com.safety.safetyNet.controller.SafetyNetFireStationController
 Requête reçue -> postFireStation :FireStations(address=chemin d'enbiane, station=2)

01/08/2022 19:08:07 INFO com.safety.safetyNet.controller.SafetyNetFireStationController
 Requête reçue -> getFireStationNumber :3

01/08/2022 19:08:07 INFO com.safety.safetyNet.controller.SafetyNetFireStationController
 Objet retourné -> getFireStationNumber :[ResponseFireStationByNumber(personsStationList=[PersonsStation(firstName=John, lastName=Boyd, address=1509 Culver St, phone=841-874-6512), PersonsStation(firstName=Jacob, lastName=Boyd, address=1509 Culver St, phone=841-874-6513), PersonsStation(firstName=Tenley, lastName=Boyd, address=1509 Culver St, phone=841-874-6512), PersonsStation(firstName=Roger, lastName=Boyd, address=1509 Culver St, phone=841-874-6512), PersonsStation(firstName=Felicia, lastName=Boyd, address=1509 Culver St, phone=841-874-6544), PersonsStation(firstName=Tessa, lastName=Carman, address=834 Binoc Ave, phone=841-874-6512), PersonsStation(firstName=Foster, lastName=Shepard, address=748 Townings Dr, phone=841-874-6544), PersonsStation(firstName=Clive, lastName=Ferguson, address=748 Townings Dr, phone=841-874-6741), PersonsStation(firstName=Tony, lastName=Cooper, address=112 Steppes Pl, phone=841-874-6874), PersonsStation(firstName=Ron, lastName=Peters, address=112 Steppes Pl, phone=841-874-8888), PersonsStation(firstName=Allison, lastName=Boyd, address=112 Steppes Pl, phone=841-874-9888), PersonsStation(firstName=Foster, lastName=Shepard, address=748 Townings Dr, phone=841-874-6544), PersonsStation(firstName=Clive, lastName=Ferguson, address=748 Townings Dr, phone=841-874-6741)], countPeople=CountPeople(children=3, adult=10))]

01/08/2022 19:08:07 INFO com.safety.safetyNet.controller.SafetyNetPersonController
 Requête reçue -> getMedicalRecordsOfThisPerson :Prénom:Jonanathan,Nom:Marrack

01/08/2022 19:08:07 INFO com.safety.safetyNet.controller.SafetyNetPersonController
 Objet retourné -> getMedicalRecordsOfThisPerson :[PersonInfo(lastName=Marrack, address=29 15th St, age=33, email=drk@email.com, medications=[], allergies=[])]

01/08/2022 19:08:07 INFO com.safety.safetyNet.controller.SafetyNetPersonController
 Requête reçue -> getMedicalRecordsOfThisPerson :Prénom:Jonan,Nom:Marrac

01/08/2022 19:08:07 INFO com.safety.safetyNet.controller.SafetyNetPersonController
 Objet retourné -> getMedicalRecordsOfThisPerson :[]

01/08/2022 19:08:07 INFO com.safety.safetyNet.controller.SafetyNetChildrenController
 Requête reçue -> getAddressChild :1509 Culver St

01/08/2022 19:08:07 INFO com.safety.safetyNet.controller.SafetyNetChildrenController
 Objet retourné -> getAddressChild :[PersonsByAddress(siblings=Siblings(children=[PersonsChildren(firstName=Tenley, lastName=Boyd, age=9), PersonsChildren(firstName=Roger, lastName=Boyd, age=5)]), adult=[PersonsAdult(firstName=John, lastName=Boyd), PersonsAdult(firstName=Jacob, lastName=Boyd), PersonsAdult(firstName=Felicia, lastName=Boyd)])]

01/08/2022 19:08:07 INFO com.safety.safetyNet.controller.SafetyNetFireStationController
 Requête reçue -> getHabitantAtThisAdrdress :1509 Culver St

01/08/2022 19:08:07 INFO com.safety.safetyNet.controller.SafetyNetFireStationController
 Objet retourné -> getHabitantAtThisAdrdress :[ResponsePersonsByAddress(personsMedicals=[PersonsMedical(lastName=Boyd, phone=841-874-6512, age=38, medications=[aznol:350mg, hydrapermazol:100mg], allergies=[nillacilan]), PersonsMedical(lastName=Boyd, phone=841-874-6513, age=33, medications=[pharmacol:5000mg, terazine:10mg, noznazol:250mg], allergies=[]), PersonsMedical(lastName=Boyd, phone=841-874-6512, age=9, medications=[], allergies=[peanut]), PersonsMedical(lastName=Boyd, phone=841-874-6512, age=5, medications=[], allergies=[]), PersonsMedical(lastName=Boyd, phone=841-874-6544, age=36, medications=[tetracyclaz:650mg], allergies=[xilliathal])], station=Station(station=3))]

01/08/2022 19:08:07 INFO com.safety.safetyNet.controller.SafetyNetFireStationController
 Requête reçue -> getHabitantAtThisAdrdress :1509 Culver 

01/08/2022 19:08:07 INFO com.safety.safetyNet.controller.SafetyNetFireStationController
 Objet retourné -> getHabitantAtThisAdrdress :[]

01/08/2022 19:08:07 INFO com.safety.safetyNet.controller.SafetyNetMailController
 Requête reçue -> getMailAllPersons :Culver

01/08/2022 19:08:07 INFO com.safety.safetyNet.controller.SafetyNetMailController
 Objet retourné -> getMailAllPersons :[aly@imail.com, bstel@email.com, clivfd@ymail.com, drk@email.com, gramps@email.com, jaboyd@email.com, jpeter@email.com, lily@email.com, reg@email.com, soph@email.com, ssanw@email.com, tcoop@ymail.com, tenz@email.com, ward@email.com, zarc@email.com]

01/08/2022 19:08:07 INFO com.safety.safetyNet.controller.SafetyNetMailController
 Requête reçue -> getMailAllPersons :Culve

01/08/2022 19:08:07 INFO com.safety.safetyNet.controller.SafetyNetMailController
 Objet retourné -> getMailAllPersons :[]
